[3.743s] Invoking command in '/home/robot/ros2_ws/src/drivers': DEBUGINFOD_URLS=https://debuginfod.ubuntu.com PYTHONPATH=/home/robot/ros2_ws/build/drivers/prefix_override:/usr/lib/python3/dist-packages/colcon_core/task/python/colcon_distutils_commands:/home/robot/ros2_ws/install/drivers/lib/python3.12/site-packages:${PYTHONPATH} /usr/bin/python3 -W ignore:setup.py install is deprecated -W ignore:easy_install command is deprecated setup.py egg_info --egg-base ../../build/drivers build --build-base /home/robot/ros2_ws/build/drivers/build install --record /home/robot/ros2_ws/build/drivers/install.log --single-version-externally-managed install_data
[4.938s] running egg_info
[5.029s] writing ../../build/drivers/drivers.egg-info/PKG-INFO
[5.030s] writing dependency_links to ../../build/drivers/drivers.egg-info/dependency_links.txt
[5.034s] writing entry points to ../../build/drivers/drivers.egg-info/entry_points.txt
[5.034s] writing requirements to ../../build/drivers/drivers.egg-info/requires.txt
[5.035s] writing top-level names to ../../build/drivers/drivers.egg-info/top_level.txt
[5.223s] reading manifest file '../../build/drivers/drivers.egg-info/SOURCES.txt'
[5.227s] writing manifest file '../../build/drivers/drivers.egg-info/SOURCES.txt'
[5.228s] running build
[5.228s] running build_py
[5.229s] running install
[5.253s] running install_lib
[5.346s] running install_data
[5.347s] running install_egg_info
[5.441s] removing '/home/robot/ros2_ws/install/drivers/lib/python3.12/site-packages/drivers-0.0.0-py3.12.egg-info' (and everything under it)
[5.443s] Copying ../../build/drivers/drivers.egg-info to /home/robot/ros2_ws/install/drivers/lib/python3.12/site-packages/drivers-0.0.0-py3.12.egg-info
[5.448s] running install_scripts
[6.122s] Installing lidar_diagnostico script to /home/robot/ros2_ws/install/drivers/lib/drivers
[6.123s] Installing lidar_node script to /home/robot/ros2_ws/install/drivers/lib/drivers
[6.127s] writing list of installed files to '/home/robot/ros2_ws/build/drivers/install.log'
[6.268s] Invoked command in '/home/robot/ros2_ws/src/drivers' returned '0': DEBUGINFOD_URLS=https://debuginfod.ubuntu.com PYTHONPATH=/home/robot/ros2_ws/build/drivers/prefix_override:/usr/lib/python3/dist-packages/colcon_core/task/python/colcon_distutils_commands:/home/robot/ros2_ws/install/drivers/lib/python3.12/site-packages:${PYTHONPATH} /usr/bin/python3 -W ignore:setup.py install is deprecated -W ignore:easy_install command is deprecated setup.py egg_info --egg-base ../../build/drivers build --build-base /home/robot/ros2_ws/build/drivers/build install --record /home/robot/ros2_ws/build/drivers/install.log --single-version-externally-managed install_data
