[4.190s] Invoking command in '/home/robot/ros2_ws/src/drivers': DEBUGINFOD_URLS=https://debuginfod.ubuntu.com PYTHONPATH=/home/robot/ros2_ws/build/drivers/prefix_override:/usr/lib/python3/dist-packages/colcon_core/task/python/colcon_distutils_commands:/home/robot/ros2_ws/install/drivers/lib/python3.12/site-packages:${PYTHONPATH} /usr/bin/python3 -W ignore:setup.py install is deprecated -W ignore:easy_install command is deprecated setup.py egg_info --egg-base ../../build/drivers build --build-base /home/robot/ros2_ws/build/drivers/build install --record /home/robot/ros2_ws/build/drivers/install.log --single-version-externally-managed install_data
[5.526s] running egg_info
[5.624s] writing ../../build/drivers/drivers.egg-info/PKG-INFO
[5.625s] writing dependency_links to ../../build/drivers/drivers.egg-info/dependency_links.txt
[5.629s] writing entry points to ../../build/drivers/drivers.egg-info/entry_points.txt
[5.631s] writing requirements to ../../build/drivers/drivers.egg-info/requires.txt
[5.631s] writing top-level names to ../../build/drivers/drivers.egg-info/top_level.txt
[5.823s] reading manifest file '../../build/drivers/drivers.egg-info/SOURCES.txt'
[5.826s] writing manifest file '../../build/drivers/drivers.egg-info/SOURCES.txt'
[5.827s] running build
[5.827s] running build_py
[5.828s] copying drivers/lidar_diagnostico.py -> /home/robot/ros2_ws/build/drivers/build/lib/drivers
[5.830s] running install
[5.854s] running install_lib
[5.955s] copying /home/robot/ros2_ws/build/drivers/build/lib/drivers/lidar_diagnostico.py -> /home/robot/ros2_ws/install/drivers/lib/python3.12/site-packages/drivers
[5.958s] byte-compiling /home/robot/ros2_ws/install/drivers/lib/python3.12/site-packages/drivers/lidar_diagnostico.py to lidar_diagnostico.cpython-312.pyc
[5.961s] running install_data
[5.962s] running install_egg_info
[6.063s] removing '/home/robot/ros2_ws/install/drivers/lib/python3.12/site-packages/drivers-0.0.0-py3.12.egg-info' (and everything under it)
[6.065s] Copying ../../build/drivers/drivers.egg-info to /home/robot/ros2_ws/install/drivers/lib/python3.12/site-packages/drivers-0.0.0-py3.12.egg-info
[6.071s] running install_scripts
[6.800s] Installing lidar_diagnostico script to /home/robot/ros2_ws/install/drivers/lib/drivers
[6.801s] Installing lidar_node script to /home/robot/ros2_ws/install/drivers/lib/drivers
[6.803s] writing list of installed files to '/home/robot/ros2_ws/build/drivers/install.log'
[6.949s] Invoked command in '/home/robot/ros2_ws/src/drivers' returned '0': DEBUGINFOD_URLS=https://debuginfod.ubuntu.com PYTHONPATH=/home/robot/ros2_ws/build/drivers/prefix_override:/usr/lib/python3/dist-packages/colcon_core/task/python/colcon_distutils_commands:/home/robot/ros2_ws/install/drivers/lib/python3.12/site-packages:${PYTHONPATH} /usr/bin/python3 -W ignore:setup.py install is deprecated -W ignore:easy_install command is deprecated setup.py egg_info --egg-base ../../build/drivers build --build-base /home/robot/ros2_ws/build/drivers/build install --record /home/robot/ros2_ws/build/drivers/install.log --single-version-externally-managed install_data
