[4.823s] Invoking command in '/home/robot/ros2_ws/src/drivers': DEBUGINFOD_URLS=https://debuginfod.ubuntu.com PYTHONPATH=/home/robot/ros2_ws/build/drivers/prefix_override:/usr/lib/python3/dist-packages/colcon_core/task/python/colcon_distutils_commands:/home/robot/ros2_ws/install/drivers/lib/python3.12/site-packages:${PYTHONPATH} /usr/bin/python3 -W ignore:setup.py install is deprecated -W ignore:easy_install command is deprecated setup.py egg_info --egg-base ../../build/drivers build --build-base /home/robot/ros2_ws/build/drivers/build install --record /home/robot/ros2_ws/build/drivers/install.log --single-version-externally-managed install_data
[6.002s] running egg_info
[6.089s] writing ../../build/drivers/drivers.egg-info/PKG-INFO
[6.093s] writing dependency_links to ../../build/drivers/drivers.egg-info/dependency_links.txt
[6.097s] writing entry points to ../../build/drivers/drivers.egg-info/entry_points.txt
[6.098s] writing requirements to ../../build/drivers/drivers.egg-info/requires.txt
[6.099s] writing top-level names to ../../build/drivers/drivers.egg-info/top_level.txt
[6.284s] reading manifest file '../../build/drivers/drivers.egg-info/SOURCES.txt'
[6.291s] writing manifest file '../../build/drivers/drivers.egg-info/SOURCES.txt'
[6.291s] running build
[6.292s] running build_py
[6.296s] running install
[6.323s] running install_lib
[6.418s] running install_data
[6.420s] running install_egg_info
[6.515s] removing '/home/robot/ros2_ws/install/drivers/lib/python3.12/site-packages/drivers-0.0.0-py3.12.egg-info' (and everything under it)
[6.517s] Copying ../../build/drivers/drivers.egg-info to /home/robot/ros2_ws/install/drivers/lib/python3.12/site-packages/drivers-0.0.0-py3.12.egg-info
[6.526s] running install_scripts
[7.195s] Installing lidar_diagnostico script to /home/robot/ros2_ws/install/drivers/lib/drivers
[7.199s] Installing lidar_node script to /home/robot/ros2_ws/install/drivers/lib/drivers
[7.202s] writing list of installed files to '/home/robot/ros2_ws/build/drivers/install.log'
[7.344s] Invoked command in '/home/robot/ros2_ws/src/drivers' returned '0': DEBUGINFOD_URLS=https://debuginfod.ubuntu.com PYTHONPATH=/home/robot/ros2_ws/build/drivers/prefix_override:/usr/lib/python3/dist-packages/colcon_core/task/python/colcon_distutils_commands:/home/robot/ros2_ws/install/drivers/lib/python3.12/site-packages:${PYTHONPATH} /usr/bin/python3 -W ignore:setup.py install is deprecated -W ignore:easy_install command is deprecated setup.py egg_info --egg-base ../../build/drivers build --build-base /home/robot/ros2_ws/build/drivers/build install --record /home/robot/ros2_ws/build/drivers/install.log --single-version-externally-managed install_data
