[0.115s] Invoking command in '/home/robot/ros2_ws/build/servo_interfaces': CMAKE_PREFIX_PATH=${CMAKE_PREFIX_PATH}:/opt/ros/jazzy DEBUGINFOD_URLS=https://debuginfod.ubuntu.com /usr/bin/cmake /home/robot/ros2_ws/src/servo_interfaces -DCMAKE_INSTALL_PREFIX=/home/robot/ros2_ws/install/servo_interfaces
[1.357s] -- Found ament_cmake: 2.5.6 (/opt/ros/jazzy/share/ament_cmake/cmake)
[1.376s] -- Found rosidl_default_generators: 1.6.0 (/opt/ros/jazzy/share/rosidl_default_generators/cmake)
[1.432s] -- Using all available rosidl_typesupport_c: rosidl_typesupport_fastrtps_c;rosidl_typesupport_introspection_c
[1.904s] -- Using all available rosidl_typesupport_cpp: rosidl_typesupport_fastrtps_cpp;rosidl_typesupport_introspection_cpp
[2.284s] -- Found rosidl_adapter: 4.6.7 (/opt/ros/jazzy/share/rosidl_adapter/cmake)
[6.346s] -- Found ament_cmake_ros: 0.12.0 (/opt/ros/jazzy/share/ament_cmake_ros/cmake)
[9.347s] -- Using all available rosidl_typesupport_c: rosidl_typesupport_fastrtps_c;rosidl_typesupport_introspection_c
[12.840s] -- Using all available rosidl_typesupport_cpp: rosidl_typesupport_fastrtps_cpp;rosidl_typesupport_introspection_cpp
[12.879s] -- Found python_cmake_module: 0.11.1 (/opt/ros/jazzy/share/python_cmake_module/cmake)
[13.581s] -- Found PythonExtra: /usr/bin/python3  
[16.174s] -- Found Python3: /usr/bin/python3 (found version "3.12.3") found components: Interpreter Development NumPy Development.Module Development.Embed 
[16.489s] -- Found Python3: /usr/bin/python3 (found version "3.12.3") found components: Interpreter 
[16.495s] -- Found ament_lint_auto: 0.17.5 (/opt/ros/jazzy/share/ament_lint_auto/cmake)
[16.567s] -- Added test 'lint_cmake' to check CMake code style
[16.578s] -- Added test 'xmllint' to check XML markup files
[16.596s] -- Configuring done (16.4s)
[16.819s] -- Generating done (0.2s)
[16.870s] -- Build files have been written to: /home/robot/ros2_ws/build/servo_interfaces
[16.905s] Invoked command in '/home/robot/ros2_ws/build/servo_interfaces' returned '0': CMAKE_PREFIX_PATH=${CMAKE_PREFIX_PATH}:/opt/ros/jazzy DEBUGINFOD_URLS=https://debuginfod.ubuntu.com /usr/bin/cmake /home/robot/ros2_ws/src/servo_interfaces -DCMAKE_INSTALL_PREFIX=/home/robot/ros2_ws/install/servo_interfaces
[16.911s] Invoking command in '/home/robot/ros2_ws/build/servo_interfaces': CMAKE_PREFIX_PATH=${CMAKE_PREFIX_PATH}:/opt/ros/jazzy DEBUGINFOD_URLS=https://debuginfod.ubuntu.com /usr/bin/cmake --build /home/robot/ros2_ws/build/servo_interfaces -- -j4 -l4
[17.200s] [  2%] [34m[1mGenerating type hashes for ROS interfaces[0m
[17.206s] [  5%] [34m[1mGenerating Rust code for ROS interfaces[0m
[17.254s] [  5%] Built target ament_cmake_python_copy_servo_interfaces
[18.254s] [  5%] Built target servo_interfaces__rosidl_generator_type_description
[18.326s] [  8%] [34m[1mGenerating C code for ROS interfaces[0m
[18.393s] [ 11%] [34m[1mGenerating C++ code for ROS interfaces[0m
[18.561s] [ 11%] Built target servo_interfaces__rs
[18.739s] running egg_info
[18.743s] creating servo_interfaces.egg-info
[18.881s] writing servo_interfaces.egg-info/PKG-INFO
[18.882s] writing dependency_links to servo_interfaces.egg-info/dependency_links.txt
[18.883s] writing top-level names to servo_interfaces.egg-info/top_level.txt
[18.884s] writing manifest file 'servo_interfaces.egg-info/SOURCES.txt'
[19.246s] reading manifest file 'servo_interfaces.egg-info/SOURCES.txt'
[19.249s] writing manifest file 'servo_interfaces.egg-info/SOURCES.txt'
[19.426s] [ 11%] Built target ament_cmake_python_build_servo_interfaces_egg
[19.900s] [ 11%] Built target servo_interfaces__cpp
[19.934s] [ 17%] [32mBuilding C object CMakeFiles/servo_interfaces__rosidl_generator_c.dir/rosidl_generator_c/servo_interfaces/srv/detail/mover_servo__functions.c.o[0m
[19.935s] [ 17%] [32mBuilding C object CMakeFiles/servo_interfaces__rosidl_generator_c.dir/rosidl_generator_c/servo_interfaces/srv/detail/mover_servo__description.c.o[0m
[19.938s] [ 20%] [32mBuilding C object CMakeFiles/servo_interfaces__rosidl_generator_c.dir/rosidl_generator_c/servo_interfaces/srv/detail/mover_servo__type_support.c.o[0m
[20.436s] [ 22%] [32m[1mLinking C shared library libservo_interfaces__rosidl_generator_c.so[0m
[20.666s] [ 22%] Built target servo_interfaces__rosidl_generator_c
[20.733s] [ 25%] [34m[1mGenerating C type support for eProsima Fast-RTPS[0m
[20.733s] [ 28%] [34m[1mGenerating C introspection for ROS interfaces[0m
[20.737s] [ 31%] [34m[1mGenerating C type support dispatch for ROS interfaces[0m
[20.742s] [ 34%] [34m[1mGenerating C++ type support for eProsima Fast-RTPS[0m
[22.064s] [ 37%] [32mBuilding CXX object CMakeFiles/servo_interfaces__rosidl_typesupport_c.dir/rosidl_typesupport_c/servo_interfaces/srv/mover_servo__type_support.cpp.o[0m
[22.221s] [ 40%] [32mBuilding C object CMakeFiles/servo_interfaces__rosidl_typesupport_introspection_c.dir/rosidl_typesupport_introspection_c/servo_interfaces/srv/detail/mover_servo__type_support.c.o[0m
[22.419s] [ 42%] [32mBuilding CXX object CMakeFiles/servo_interfaces__rosidl_typesupport_fastrtps_cpp.dir/rosidl_typesupport_fastrtps_cpp/servo_interfaces/srv/detail/dds_fastrtps/mover_servo__type_support.cpp.o[0m
[22.444s] [ 45%] [32mBuilding CXX object CMakeFiles/servo_interfaces__rosidl_typesupport_fastrtps_c.dir/rosidl_typesupport_fastrtps_c/servo_interfaces/srv/detail/mover_servo__type_support_c.cpp.o[0m
[22.503s] [ 48%] [32m[1mLinking CXX shared library libservo_interfaces__rosidl_typesupport_c.so[0m
[22.561s] [ 51%] [32m[1mLinking C shared library libservo_interfaces__rosidl_typesupport_introspection_c.so[0m
[22.744s] [ 51%] Built target servo_interfaces__rosidl_typesupport_c
[22.775s] [ 51%] Built target servo_interfaces__rosidl_typesupport_introspection_c
[22.808s] [ 54%] [34m[1mGenerating C++ introspection for ROS interfaces[0m
[22.843s] [ 57%] [34m[1mGenerating C++ type support dispatch for ROS interfaces[0m
[24.218s] [ 60%] [32mBuilding CXX object CMakeFiles/servo_interfaces__rosidl_typesupport_cpp.dir/rosidl_typesupport_cpp/servo_interfaces/srv/mover_servo__type_support.cpp.o[0m
[24.401s] [ 62%] [32mBuilding CXX object CMakeFiles/servo_interfaces__rosidl_typesupport_introspection_cpp.dir/rosidl_typesupport_introspection_cpp/servo_interfaces/srv/detail/mover_servo__type_support.cpp.o[0m
[26.029s] [ 65%] [32m[1mLinking CXX shared library libservo_interfaces__rosidl_typesupport_fastrtps_c.so[0m
[26.550s] [ 65%] Built target servo_interfaces__rosidl_typesupport_fastrtps_c
[26.703s] [ 68%] [32m[1mLinking CXX shared library libservo_interfaces__rosidl_typesupport_fastrtps_cpp.so[0m
[26.890s] [ 71%] [32m[1mLinking CXX shared library libservo_interfaces__rosidl_typesupport_cpp.so[0m
[27.167s] [ 71%] Built target servo_interfaces__rosidl_typesupport_fastrtps_cpp
[27.203s] [ 74%] [32m[1mLinking CXX shared library libservo_interfaces__rosidl_typesupport_introspection_cpp.so[0m
[27.319s] [ 74%] Built target servo_interfaces__rosidl_typesupport_cpp
[27.586s] [ 74%] Built target servo_interfaces__rosidl_typesupport_introspection_cpp
[27.706s] [ 74%] Built target servo_interfaces
[27.825s] [ 77%] [34m[1mGenerating Python code for ROS interfaces[0m
[29.371s] [ 77%] Built target servo_interfaces__py
[29.494s] [ 80%] [32mBuilding C object CMakeFiles/servo_interfaces__rosidl_generator_py.dir/rosidl_generator_py/servo_interfaces/srv/_mover_servo_s.c.o[0m
[30.417s] [ 82%] [32m[1mLinking C shared library libservo_interfaces__rosidl_generator_py.so[0m
[30.681s] [ 82%] Built target servo_interfaces__rosidl_generator_py
[30.806s] [ 85%] [32mBuilding C object CMakeFiles/servo_interfaces_s__rosidl_typesupport_fastrtps_c.dir/rosidl_generator_py/servo_interfaces/_servo_interfaces_s.ep.rosidl_typesupport_fastrtps_c.c.o[0m
[30.808s] [ 88%] [32mBuilding C object CMakeFiles/servo_interfaces_s__rosidl_typesupport_introspection_c.dir/rosidl_generator_py/servo_interfaces/_servo_interfaces_s.ep.rosidl_typesupport_introspection_c.c.o[0m
[30.810s] [ 91%] [32mBuilding C object CMakeFiles/servo_interfaces_s__rosidl_typesupport_c.dir/rosidl_generator_py/servo_interfaces/_servo_interfaces_s.ep.rosidl_typesupport_c.c.o[0m
[31.389s] [ 94%] [32m[1mLinking C shared module rosidl_generator_py/servo_interfaces/servo_interfaces_s__rosidl_typesupport_c.so[0m
[31.409s] [ 97%] [32m[1mLinking C shared module rosidl_generator_py/servo_interfaces/servo_interfaces_s__rosidl_typesupport_introspection_c.so[0m
[31.449s] [100%] [32m[1mLinking C shared module rosidl_generator_py/servo_interfaces/servo_interfaces_s__rosidl_typesupport_fastrtps_c.so[0m
[31.584s] [100%] Built target servo_interfaces_s__rosidl_typesupport_c
[31.608s] [100%] Built target servo_interfaces_s__rosidl_typesupport_introspection_c
[31.646s] [100%] Built target servo_interfaces_s__rosidl_typesupport_fastrtps_c
[31.708s] Invoked command in '/home/robot/ros2_ws/build/servo_interfaces' returned '0': CMAKE_PREFIX_PATH=${CMAKE_PREFIX_PATH}:/opt/ros/jazzy DEBUGINFOD_URLS=https://debuginfod.ubuntu.com /usr/bin/cmake --build /home/robot/ros2_ws/build/servo_interfaces -- -j4 -l4
[31.715s] Invoking command in '/home/robot/ros2_ws/build/servo_interfaces': CMAKE_PREFIX_PATH=${CMAKE_PREFIX_PATH}:/opt/ros/jazzy DEBUGINFOD_URLS=https://debuginfod.ubuntu.com /usr/bin/cmake --install /home/robot/ros2_ws/build/servo_interfaces
[31.760s] -- Install configuration: ""
[31.761s] -- Installing: /home/robot/ros2_ws/install/servo_interfaces/share/ament_index/resource_index/rosidl_interfaces/servo_interfaces
[31.763s] -- Installing: /home/robot/ros2_ws/install/servo_interfaces/share/servo_interfaces/srv/MoverServo.json
[31.764s] -- Installing: /home/robot/ros2_ws/install/servo_interfaces/include/servo_interfaces/servo_interfaces
[31.765s] -- Installing: /home/robot/ros2_ws/install/servo_interfaces/include/servo_interfaces/servo_interfaces/msg
[31.766s] -- Installing: /home/robot/ros2_ws/install/servo_interfaces/include/servo_interfaces/servo_interfaces/msg/rosidl_generator_c__visibility_control.h
[31.767s] -- Installing: /home/robot/ros2_ws/install/servo_interfaces/include/servo_interfaces/servo_interfaces/srv
[31.767s] -- Installing: /home/robot/ros2_ws/install/servo_interfaces/include/servo_interfaces/servo_interfaces/srv/mover_servo.h
[31.769s] -- Installing: /home/robot/ros2_ws/install/servo_interfaces/include/servo_interfaces/servo_interfaces/srv/detail
[31.769s] -- Installing: /home/robot/ros2_ws/install/servo_interfaces/include/servo_interfaces/servo_interfaces/srv/detail/mover_servo__functions.c
[31.771s] -- Installing: /home/robot/ros2_ws/install/servo_interfaces/include/servo_interfaces/servo_interfaces/srv/detail/mover_servo__type_support.h
[31.772s] -- Installing: /home/robot/ros2_ws/install/servo_interfaces/include/servo_interfaces/servo_interfaces/srv/detail/mover_servo__struct.h
[31.773s] -- Installing: /home/robot/ros2_ws/install/servo_interfaces/include/servo_interfaces/servo_interfaces/srv/detail/mover_servo__type_support.c
[31.774s] -- Installing: /home/robot/ros2_ws/install/servo_interfaces/include/servo_interfaces/servo_interfaces/srv/detail/mover_servo__functions.h
[31.776s] -- Installing: /home/robot/ros2_ws/install/servo_interfaces/include/servo_interfaces/servo_interfaces/srv/detail/mover_servo__description.c
[31.778s] -- Installing: /home/robot/ros2_ws/install/servo_interfaces/share/servo_interfaces/environment/library_path.sh
[31.779s] -- Installing: /home/robot/ros2_ws/install/servo_interfaces/share/servo_interfaces/environment/library_path.dsv
[31.780s] -- Installing: /home/robot/ros2_ws/install/servo_interfaces/lib/libservo_interfaces__rosidl_generator_c.so
[31.784s] -- Set non-toolchain portion of runtime path of "/home/robot/ros2_ws/install/servo_interfaces/lib/libservo_interfaces__rosidl_generator_c.so" to ""
[31.784s] -- Up-to-date: /home/robot/ros2_ws/install/servo_interfaces/include/servo_interfaces/servo_interfaces
[31.784s] -- Up-to-date: /home/robot/ros2_ws/install/servo_interfaces/include/servo_interfaces/servo_interfaces/msg
[31.785s] -- Installing: /home/robot/ros2_ws/install/servo_interfaces/include/servo_interfaces/servo_interfaces/msg/rosidl_typesupport_fastrtps_c__visibility_control.h
[31.786s] -- Up-to-date: /home/robot/ros2_ws/install/servo_interfaces/include/servo_interfaces/servo_interfaces/srv
[31.787s] -- Up-to-date: /home/robot/ros2_ws/install/servo_interfaces/include/servo_interfaces/servo_interfaces/srv/detail
[31.787s] -- Installing: /home/robot/ros2_ws/install/servo_interfaces/include/servo_interfaces/servo_interfaces/srv/detail/mover_servo__rosidl_typesupport_fastrtps_c.h
[31.789s] -- Installing: /home/robot/ros2_ws/install/servo_interfaces/lib/libservo_interfaces__rosidl_typesupport_fastrtps_c.so
[31.792s] -- Set non-toolchain portion of runtime path of "/home/robot/ros2_ws/install/servo_interfaces/lib/libservo_interfaces__rosidl_typesupport_fastrtps_c.so" to ""
[31.792s] -- Up-to-date: /home/robot/ros2_ws/install/servo_interfaces/include/servo_interfaces/servo_interfaces
[31.793s] -- Up-to-date: /home/robot/ros2_ws/install/servo_interfaces/include/servo_interfaces/servo_interfaces/msg
[31.793s] -- Installing: /home/robot/ros2_ws/install/servo_interfaces/include/servo_interfaces/servo_interfaces/msg/rosidl_typesupport_introspection_c__visibility_control.h
[31.794s] -- Up-to-date: /home/robot/ros2_ws/install/servo_interfaces/include/servo_interfaces/servo_interfaces/srv
[31.795s] -- Up-to-date: /home/robot/ros2_ws/install/servo_interfaces/include/servo_interfaces/servo_interfaces/srv/detail
[31.795s] -- Installing: /home/robot/ros2_ws/install/servo_interfaces/include/servo_interfaces/servo_interfaces/srv/detail/mover_servo__type_support.c
[31.797s] -- Installing: /home/robot/ros2_ws/install/servo_interfaces/include/servo_interfaces/servo_interfaces/srv/detail/mover_servo__rosidl_typesupport_introspection_c.h
[31.799s] -- Installing: /home/robot/ros2_ws/install/servo_interfaces/lib/libservo_interfaces__rosidl_typesupport_introspection_c.so
[31.802s] -- Set non-toolchain portion of runtime path of "/home/robot/ros2_ws/install/servo_interfaces/lib/libservo_interfaces__rosidl_typesupport_introspection_c.so" to ""
[31.802s] -- Installing: /home/robot/ros2_ws/install/servo_interfaces/lib/libservo_interfaces__rosidl_typesupport_c.so
[31.805s] -- Set non-toolchain portion of runtime path of "/home/robot/ros2_ws/install/servo_interfaces/lib/libservo_interfaces__rosidl_typesupport_c.so" to ""
[31.806s] -- Up-to-date: /home/robot/ros2_ws/install/servo_interfaces/include/servo_interfaces/servo_interfaces
[31.806s] -- Up-to-date: /home/robot/ros2_ws/install/servo_interfaces/include/servo_interfaces/servo_interfaces/msg
[31.807s] -- Installing: /home/robot/ros2_ws/install/servo_interfaces/include/servo_interfaces/servo_interfaces/msg/rosidl_generator_cpp__visibility_control.hpp
[31.808s] -- Up-to-date: /home/robot/ros2_ws/install/servo_interfaces/include/servo_interfaces/servo_interfaces/srv
[31.808s] -- Installing: /home/robot/ros2_ws/install/servo_interfaces/include/servo_interfaces/servo_interfaces/srv/mover_servo.hpp
[31.809s] -- Up-to-date: /home/robot/ros2_ws/install/servo_interfaces/include/servo_interfaces/servo_interfaces/srv/detail
[31.810s] -- Installing: /home/robot/ros2_ws/install/servo_interfaces/include/servo_interfaces/servo_interfaces/srv/detail/mover_servo__builder.hpp
[31.811s] -- Installing: /home/robot/ros2_ws/install/servo_interfaces/include/servo_interfaces/servo_interfaces/srv/detail/mover_servo__traits.hpp
[31.812s] -- Installing: /home/robot/ros2_ws/install/servo_interfaces/include/servo_interfaces/servo_interfaces/srv/detail/mover_servo__struct.hpp
[31.814s] -- Installing: /home/robot/ros2_ws/install/servo_interfaces/include/servo_interfaces/servo_interfaces/srv/detail/mover_servo__type_support.hpp
[31.815s] -- Up-to-date: /home/robot/ros2_ws/install/servo_interfaces/include/servo_interfaces/servo_interfaces
[31.815s] -- Up-to-date: /home/robot/ros2_ws/install/servo_interfaces/include/servo_interfaces/servo_interfaces/msg
[31.816s] -- Installing: /home/robot/ros2_ws/install/servo_interfaces/include/servo_interfaces/servo_interfaces/msg/rosidl_typesupport_fastrtps_cpp__visibility_control.h
[31.817s] -- Up-to-date: /home/robot/ros2_ws/install/servo_interfaces/include/servo_interfaces/servo_interfaces/srv
[31.818s] -- Up-to-date: /home/robot/ros2_ws/install/servo_interfaces/include/servo_interfaces/servo_interfaces/srv/detail
[31.818s] -- Installing: /home/robot/ros2_ws/install/servo_interfaces/include/servo_interfaces/servo_interfaces/srv/detail/mover_servo__rosidl_typesupport_fastrtps_cpp.hpp
[31.820s] -- Installing: /home/robot/ros2_ws/install/servo_interfaces/include/servo_interfaces/servo_interfaces/srv/detail/dds_fastrtps
[31.821s] -- Installing: /home/robot/ros2_ws/install/servo_interfaces/lib/libservo_interfaces__rosidl_typesupport_fastrtps_cpp.so
[31.825s] -- Set non-toolchain portion of runtime path of "/home/robot/ros2_ws/install/servo_interfaces/lib/libservo_interfaces__rosidl_typesupport_fastrtps_cpp.so" to ""
[31.825s] -- Up-to-date: /home/robot/ros2_ws/install/servo_interfaces/include/servo_interfaces/servo_interfaces
[31.826s] -- Up-to-date: /home/robot/ros2_ws/install/servo_interfaces/include/servo_interfaces/servo_interfaces/srv
[31.826s] -- Up-to-date: /home/robot/ros2_ws/install/servo_interfaces/include/servo_interfaces/servo_interfaces/srv/detail
[31.827s] -- Installing: /home/robot/ros2_ws/install/servo_interfaces/include/servo_interfaces/servo_interfaces/srv/detail/mover_servo__rosidl_typesupport_introspection_cpp.hpp
[31.828s] -- Installing: /home/robot/ros2_ws/install/servo_interfaces/include/servo_interfaces/servo_interfaces/srv/detail/mover_servo__type_support.cpp
[31.830s] -- Installing: /home/robot/ros2_ws/install/servo_interfaces/lib/libservo_interfaces__rosidl_typesupport_introspection_cpp.so
[31.833s] -- Set non-toolchain portion of runtime path of "/home/robot/ros2_ws/install/servo_interfaces/lib/libservo_interfaces__rosidl_typesupport_introspection_cpp.so" to ""
[31.834s] -- Installing: /home/robot/ros2_ws/install/servo_interfaces/lib/libservo_interfaces__rosidl_typesupport_cpp.so
[31.837s] -- Set non-toolchain portion of runtime path of "/home/robot/ros2_ws/install/servo_interfaces/lib/libservo_interfaces__rosidl_typesupport_cpp.so" to ""
[31.837s] -- Installing: /home/robot/ros2_ws/install/servo_interfaces/share/servo_interfaces/environment/pythonpath.sh
[31.838s] -- Installing: /home/robot/ros2_ws/install/servo_interfaces/share/servo_interfaces/environment/pythonpath.dsv
[31.840s] -- Installing: /home/robot/ros2_ws/install/servo_interfaces/lib/python3.12/site-packages/servo_interfaces-0.0.0-py3.12.egg-info
[31.840s] -- Installing: /home/robot/ros2_ws/install/servo_interfaces/lib/python3.12/site-packages/servo_interfaces-0.0.0-py3.12.egg-info/top_level.txt
[31.842s] -- Installing: /home/robot/ros2_ws/install/servo_interfaces/lib/python3.12/site-packages/servo_interfaces-0.0.0-py3.12.egg-info/PKG-INFO
[31.843s] -- Installing: /home/robot/ros2_ws/install/servo_interfaces/lib/python3.12/site-packages/servo_interfaces-0.0.0-py3.12.egg-info/SOURCES.txt
[31.844s] -- Installing: /home/robot/ros2_ws/install/servo_interfaces/lib/python3.12/site-packages/servo_interfaces-0.0.0-py3.12.egg-info/dependency_links.txt
[31.845s] -- Installing: /home/robot/ros2_ws/install/servo_interfaces/lib/python3.12/site-packages/servo_interfaces
[31.846s] -- Installing: /home/robot/ros2_ws/install/servo_interfaces/lib/python3.12/site-packages/servo_interfaces/_servo_interfaces_s.ep.rosidl_typesupport_introspection_c.c
[31.848s] -- Installing: /home/robot/ros2_ws/install/servo_interfaces/lib/python3.12/site-packages/servo_interfaces/__init__.py
[31.848s] -- Installing: /home/robot/ros2_ws/install/servo_interfaces/lib/python3.12/site-packages/servo_interfaces/srv
[31.849s] -- Installing: /home/robot/ros2_ws/install/servo_interfaces/lib/python3.12/site-packages/servo_interfaces/srv/__init__.py
[31.850s] -- Installing: /home/robot/ros2_ws/install/servo_interfaces/lib/python3.12/site-packages/servo_interfaces/srv/_mover_servo_s.c
[31.852s] -- Installing: /home/robot/ros2_ws/install/servo_interfaces/lib/python3.12/site-packages/servo_interfaces/srv/_mover_servo.py
[31.853s] -- Installing: /home/robot/ros2_ws/install/servo_interfaces/lib/python3.12/site-packages/servo_interfaces/_servo_interfaces_s.ep.rosidl_typesupport_c.c
[31.854s] -- Installing: /home/robot/ros2_ws/install/servo_interfaces/lib/python3.12/site-packages/servo_interfaces/_servo_interfaces_s.ep.rosidl_typesupport_fastrtps_c.c
[31.856s] -- Installing: /home/robot/ros2_ws/install/servo_interfaces/lib/python3.12/site-packages/servo_interfaces/servo_interfaces_s__rosidl_typesupport_fastrtps_c.so
[31.858s] -- Installing: /home/robot/ros2_ws/install/servo_interfaces/lib/python3.12/site-packages/servo_interfaces/servo_interfaces_s__rosidl_typesupport_introspection_c.so
[31.860s] -- Installing: /home/robot/ros2_ws/install/servo_interfaces/lib/python3.12/site-packages/servo_interfaces/servo_interfaces_s__rosidl_typesupport_c.so
[32.054s] Listing '/home/robot/ros2_ws/install/servo_interfaces/lib/python3.12/site-packages/servo_interfaces'...
[32.055s] Compiling '/home/robot/ros2_ws/install/servo_interfaces/lib/python3.12/site-packages/servo_interfaces/__init__.py'...
[32.056s] Listing '/home/robot/ros2_ws/install/servo_interfaces/lib/python3.12/site-packages/servo_interfaces/srv'...
[32.057s] Compiling '/home/robot/ros2_ws/install/servo_interfaces/lib/python3.12/site-packages/servo_interfaces/srv/__init__.py'...
[32.057s] Compiling '/home/robot/ros2_ws/install/servo_interfaces/lib/python3.12/site-packages/servo_interfaces/srv/_mover_servo.py'...
[32.085s] -- Installing: /home/robot/ros2_ws/install/servo_interfaces/lib/python3.12/site-packages/servo_interfaces/servo_interfaces_s__rosidl_typesupport_fastrtps_c.so
[32.088s] -- Set non-toolchain portion of runtime path of "/home/robot/ros2_ws/install/servo_interfaces/lib/python3.12/site-packages/servo_interfaces/servo_interfaces_s__rosidl_typesupport_fastrtps_c.so" to ""
[32.090s] -- Installing: /home/robot/ros2_ws/install/servo_interfaces/lib/python3.12/site-packages/servo_interfaces/servo_interfaces_s__rosidl_typesupport_introspection_c.so
[32.094s] -- Set non-toolchain portion of runtime path of "/home/robot/ros2_ws/install/servo_interfaces/lib/python3.12/site-packages/servo_interfaces/servo_interfaces_s__rosidl_typesupport_introspection_c.so" to ""
[32.095s] -- Installing: /home/robot/ros2_ws/install/servo_interfaces/lib/python3.12/site-packages/servo_interfaces/servo_interfaces_s__rosidl_typesupport_c.so
[32.098s] -- Set non-toolchain portion of runtime path of "/home/robot/ros2_ws/install/servo_interfaces/lib/python3.12/site-packages/servo_interfaces/servo_interfaces_s__rosidl_typesupport_c.so" to ""
[32.099s] -- Installing: /home/robot/ros2_ws/install/servo_interfaces/lib/libservo_interfaces__rosidl_generator_py.so
[32.102s] -- Set non-toolchain portion of runtime path of "/home/robot/ros2_ws/install/servo_interfaces/lib/libservo_interfaces__rosidl_generator_py.so" to ""
[32.103s] -- Installing: /home/robot/ros2_ws/install/servo_interfaces/share/ament_index/resource_index/rust_packages/servo_interfaces
[32.104s] -- Installing: /home/robot/ros2_ws/install/servo_interfaces/share/servo_interfaces/rust
[32.105s] -- Installing: /home/robot/ros2_ws/install/servo_interfaces/share/servo_interfaces/rust/build.rs
[32.106s] -- Installing: /home/robot/ros2_ws/install/servo_interfaces/share/servo_interfaces/rust/src
[32.106s] -- Installing: /home/robot/ros2_ws/install/servo_interfaces/share/servo_interfaces/rust/src/lib.rs
[32.107s] -- Installing: /home/robot/ros2_ws/install/servo_interfaces/share/servo_interfaces/rust/src/srv
[32.108s] -- Installing: /home/robot/ros2_ws/install/servo_interfaces/share/servo_interfaces/rust/src/srv/rmw.rs
[32.109s] -- Installing: /home/robot/ros2_ws/install/servo_interfaces/share/servo_interfaces/rust/src/srv.rs
[32.110s] -- Installing: /home/robot/ros2_ws/install/servo_interfaces/share/servo_interfaces/rust/Cargo.toml
[32.111s] -- Installing: /home/robot/ros2_ws/install/servo_interfaces/share/servo_interfaces/srv/MoverServo.idl
[32.112s] -- Installing: /home/robot/ros2_ws/install/servo_interfaces/share/servo_interfaces/srv/MoverServo.srv
[32.114s] -- Installing: /home/robot/ros2_ws/install/servo_interfaces/share/ament_index/resource_index/package_run_dependencies/servo_interfaces
[32.116s] -- Installing: /home/robot/ros2_ws/install/servo_interfaces/share/ament_index/resource_index/parent_prefix_path/servo_interfaces
[32.117s] -- Installing: /home/robot/ros2_ws/install/servo_interfaces/share/servo_interfaces/environment/ament_prefix_path.sh
[32.118s] -- Installing: /home/robot/ros2_ws/install/servo_interfaces/share/servo_interfaces/environment/ament_prefix_path.dsv
[32.120s] -- Installing: /home/robot/ros2_ws/install/servo_interfaces/share/servo_interfaces/environment/path.sh
[32.121s] -- Installing: /home/robot/ros2_ws/install/servo_interfaces/share/servo_interfaces/environment/path.dsv
[32.122s] -- Installing: /home/robot/ros2_ws/install/servo_interfaces/share/servo_interfaces/local_setup.bash
[32.123s] -- Installing: /home/robot/ros2_ws/install/servo_interfaces/share/servo_interfaces/local_setup.sh
[32.124s] -- Installing: /home/robot/ros2_ws/install/servo_interfaces/share/servo_interfaces/local_setup.zsh
[32.126s] -- Installing: /home/robot/ros2_ws/install/servo_interfaces/share/servo_interfaces/local_setup.dsv
[32.127s] -- Installing: /home/robot/ros2_ws/install/servo_interfaces/share/servo_interfaces/package.dsv
[32.128s] -- Installing: /home/robot/ros2_ws/install/servo_interfaces/share/ament_index/resource_index/packages/servo_interfaces
[32.130s] -- Installing: /home/robot/ros2_ws/install/servo_interfaces/share/servo_interfaces/cmake/export_servo_interfaces__rosidl_generator_cExport.cmake
[32.132s] -- Installing: /home/robot/ros2_ws/install/servo_interfaces/share/servo_interfaces/cmake/export_servo_interfaces__rosidl_generator_cExport-noconfig.cmake
[32.133s] -- Installing: /home/robot/ros2_ws/install/servo_interfaces/share/servo_interfaces/cmake/export_servo_interfaces__rosidl_typesupport_fastrtps_cExport.cmake
[32.135s] -- Installing: /home/robot/ros2_ws/install/servo_interfaces/share/servo_interfaces/cmake/export_servo_interfaces__rosidl_typesupport_fastrtps_cExport-noconfig.cmake
[32.136s] -- Installing: /home/robot/ros2_ws/install/servo_interfaces/share/servo_interfaces/cmake/servo_interfaces__rosidl_typesupport_introspection_cExport.cmake
[32.138s] -- Installing: /home/robot/ros2_ws/install/servo_interfaces/share/servo_interfaces/cmake/servo_interfaces__rosidl_typesupport_introspection_cExport-noconfig.cmake
[32.139s] -- Installing: /home/robot/ros2_ws/install/servo_interfaces/share/servo_interfaces/cmake/servo_interfaces__rosidl_typesupport_cExport.cmake
[32.141s] -- Installing: /home/robot/ros2_ws/install/servo_interfaces/share/servo_interfaces/cmake/servo_interfaces__rosidl_typesupport_cExport-noconfig.cmake
[32.142s] -- Installing: /home/robot/ros2_ws/install/servo_interfaces/share/servo_interfaces/cmake/export_servo_interfaces__rosidl_generator_cppExport.cmake
[32.144s] -- Installing: /home/robot/ros2_ws/install/servo_interfaces/share/servo_interfaces/cmake/export_servo_interfaces__rosidl_typesupport_fastrtps_cppExport.cmake
[32.146s] -- Installing: /home/robot/ros2_ws/install/servo_interfaces/share/servo_interfaces/cmake/export_servo_interfaces__rosidl_typesupport_fastrtps_cppExport-noconfig.cmake
[32.147s] -- Installing: /home/robot/ros2_ws/install/servo_interfaces/share/servo_interfaces/cmake/servo_interfaces__rosidl_typesupport_introspection_cppExport.cmake
[32.149s] -- Installing: /home/robot/ros2_ws/install/servo_interfaces/share/servo_interfaces/cmake/servo_interfaces__rosidl_typesupport_introspection_cppExport-noconfig.cmake
[32.150s] -- Installing: /home/robot/ros2_ws/install/servo_interfaces/share/servo_interfaces/cmake/servo_interfaces__rosidl_typesupport_cppExport.cmake
[32.152s] -- Installing: /home/robot/ros2_ws/install/servo_interfaces/share/servo_interfaces/cmake/servo_interfaces__rosidl_typesupport_cppExport-noconfig.cmake
[32.153s] -- Installing: /home/robot/ros2_ws/install/servo_interfaces/share/servo_interfaces/cmake/export_servo_interfaces__rosidl_generator_pyExport.cmake
[32.155s] -- Installing: /home/robot/ros2_ws/install/servo_interfaces/share/servo_interfaces/cmake/export_servo_interfaces__rosidl_generator_pyExport-noconfig.cmake
[32.156s] -- Installing: /home/robot/ros2_ws/install/servo_interfaces/share/servo_interfaces/cmake/rosidl_cmake-extras.cmake
[32.158s] -- Installing: /home/robot/ros2_ws/install/servo_interfaces/share/servo_interfaces/cmake/ament_cmake_export_dependencies-extras.cmake
[32.159s] -- Installing: /home/robot/ros2_ws/install/servo_interfaces/share/servo_interfaces/cmake/ament_cmake_export_include_directories-extras.cmake
[32.160s] -- Installing: /home/robot/ros2_ws/install/servo_interfaces/share/servo_interfaces/cmake/ament_cmake_export_libraries-extras.cmake
[32.162s] -- Installing: /home/robot/ros2_ws/install/servo_interfaces/share/servo_interfaces/cmake/ament_cmake_export_targets-extras.cmake
[32.163s] -- Installing: /home/robot/ros2_ws/install/servo_interfaces/share/servo_interfaces/cmake/rosidl_cmake_export_typesupport_targets-extras.cmake
[32.164s] -- Installing: /home/robot/ros2_ws/install/servo_interfaces/share/servo_interfaces/cmake/rosidl_cmake_export_typesupport_libraries-extras.cmake
[32.166s] -- Installing: /home/robot/ros2_ws/install/servo_interfaces/share/servo_interfaces/cmake/servo_interfacesConfig.cmake
[32.167s] -- Installing: /home/robot/ros2_ws/install/servo_interfaces/share/servo_interfaces/cmake/servo_interfacesConfig-version.cmake
[32.168s] -- Installing: /home/robot/ros2_ws/install/servo_interfaces/share/servo_interfaces/package.xml
[32.177s] Invoked command in '/home/robot/ros2_ws/build/servo_interfaces' returned '0': CMAKE_PREFIX_PATH=${CMAKE_PREFIX_PATH}:/opt/ros/jazzy DEBUGINFOD_URLS=https://debuginfod.ubuntu.com /usr/bin/cmake --install /home/robot/ros2_ws/build/servo_interfaces
