running egg_info
creating ../../build/camera_pkg/camera_pkg.egg-info
writing ../../build/camera_pkg/camera_pkg.egg-info/PKG-INFO
writing dependency_links to ../../build/camera_pkg/camera_pkg.egg-info/dependency_links.txt
writing requirements to ../../build/camera_pkg/camera_pkg.egg-info/requires.txt
writing top-level names to ../../build/camera_pkg/camera_pkg.egg-info/top_level.txt
writing manifest file '../../build/camera_pkg/camera_pkg.egg-info/SOURCES.txt'
reading manifest file '../../build/camera_pkg/camera_pkg.egg-info/SOURCES.txt'
adding license file 'LICENSE'
writing manifest file '../../build/camera_pkg/camera_pkg.egg-info/SOURCES.txt'
running build
running build_py
creating /home/robot/ros2_ws/build/camera_pkg/build
creating /home/robot/ros2_ws/build/camera_pkg/build/lib
creating /home/robot/ros2_ws/build/camera_pkg/build/lib/camera_pkg
copying camera_pkg/__init__.py -> /home/robot/ros2_ws/build/camera_pkg/build/lib/camera_pkg
copying camera_pkg/camera_service.py -> /home/robot/ros2_ws/build/camera_pkg/build/lib/camera_pkg
running install
running install_lib
creating /home/robot/ros2_ws/install/camera_pkg/lib/python3.12/site-packages/camera_pkg
copying /home/robot/ros2_ws/build/camera_pkg/build/lib/camera_pkg/__init__.py -> /home/robot/ros2_ws/install/camera_pkg/lib/python3.12/site-packages/camera_pkg
copying /home/robot/ros2_ws/build/camera_pkg/build/lib/camera_pkg/camera_service.py -> /home/robot/ros2_ws/install/camera_pkg/lib/python3.12/site-packages/camera_pkg
byte-compiling /home/robot/ros2_ws/install/camera_pkg/lib/python3.12/site-packages/camera_pkg/__init__.py to __init__.cpython-312.pyc
byte-compiling /home/robot/ros2_ws/install/camera_pkg/lib/python3.12/site-packages/camera_pkg/camera_service.py to camera_service.cpython-312.pyc
running install_data
creating /home/robot/ros2_ws/install/camera_pkg/share/ament_index
creating /home/robot/ros2_ws/install/camera_pkg/share/ament_index/resource_index
creating /home/robot/ros2_ws/install/camera_pkg/share/ament_index/resource_index/packages
copying resource/camera_pkg -> /home/robot/ros2_ws/install/camera_pkg/share/ament_index/resource_index/packages
copying package.xml -> /home/robot/ros2_ws/install/camera_pkg/share/camera_pkg
running install_egg_info
Copying ../../build/camera_pkg/camera_pkg.egg-info to /home/robot/ros2_ws/install/camera_pkg/lib/python3.12/site-packages/camera_pkg-0.0.0-py3.12.egg-info
running install_scripts
writing list of installed files to '/home/robot/ros2_ws/build/camera_pkg/install.log'
