[0.460s] DEBUG:colcon:Command line arguments: ['/usr/bin/colcon', 'build']
[0.461s] DEBUG:colcon:Parsed command line arguments: Namespace(log_base=None, log_level=None, verb_name='build', build_base='build', install_base='install', merge_install=False, symlink_install=False, test_result_base=None, continue_on_error=False, executor='parallel', parallel_workers=4, event_handlers=None, ignore_user_meta=False, metas=['./colcon.meta'], base_paths=['.'], packages_ignore=None, packages_ignore_regex=None, paths=None, packages_up_to=None, packages_up_to_regex=None, packages_above=None, packages_above_and_dependencies=None, packages_above_depth=None, packages_select_by_dep=None, packages_skip_by_dep=None, packages_skip_up_to=None, packages_select_build_failed=False, packages_skip_build_finished=False, packages_select_test_failures=False, packages_skip_test_passed=False, packages_select=None, packages_skip=None, packages_select_regex=None, packages_skip_regex=None, packages_start=None, packages_end=None, allow_overriding=[], cmake_args=None, cmake_target=None, cmake_target_skip_unavailable=False, cmake_clean_cache=False, cmake_clean_first=False, cmake_force_configure=False, ament_cmake_args=None, catkin_cmake_args=None, catkin_skip_building_tests=False, mixin_files=None, mixin=None, verb_parser=<colcon_mixin.mixin.mixin_argument.MixinArgumentDecorator object at 0xffffb73e4530>, verb_extension=<colcon_core.verb.build.BuildVerb object at 0xffffb75a0b00>, main=<bound method BuildVerb.main of <colcon_core.verb.build.BuildVerb object at 0xffffb75a0b00>>, mixin_verb=('build',))
[0.631s] Level 1:colcon.colcon_core.package_discovery:discover_packages(colcon_meta) check parameters
[0.631s] Level 1:colcon.colcon_core.package_discovery:discover_packages(recursive) check parameters
[0.631s] Level 1:colcon.colcon_core.package_discovery:discover_packages(ignore) check parameters
[0.631s] Level 1:colcon.colcon_core.package_discovery:discover_packages(path) check parameters
[0.631s] Level 1:colcon.colcon_core.package_discovery:discover_packages(colcon_meta) discover
[0.632s] Level 1:colcon.colcon_core.package_discovery:discover_packages(recursive) discover
[0.632s] INFO:colcon.colcon_core.package_discovery:Crawling recursively for packages in '/home/robot/ros2_ws'
[0.632s] Level 1:colcon.colcon_core.package_identification:_identify(.) by extensions ['ignore', 'ignore_ament_install']
[0.632s] Level 1:colcon.colcon_core.package_identification:_identify(.) by extension 'ignore'
[0.633s] Level 1:colcon.colcon_core.package_identification:_identify(.) by extension 'ignore_ament_install'
[0.633s] Level 1:colcon.colcon_core.package_identification:_identify(.) by extensions ['colcon_pkg']
[0.633s] Level 1:colcon.colcon_core.package_identification:_identify(.) by extension 'colcon_pkg'
[0.633s] Level 1:colcon.colcon_core.package_identification:_identify(.) by extensions ['colcon_meta']
[0.633s] Level 1:colcon.colcon_core.package_identification:_identify(.) by extension 'colcon_meta'
[0.633s] Level 1:colcon.colcon_core.package_identification:_identify(.) by extensions ['ros']
[0.634s] Level 1:colcon.colcon_core.package_identification:_identify(.) by extension 'ros'
[0.737s] Level 1:colcon.colcon_core.package_identification:_identify(.) by extensions ['cmake', 'python']
[0.738s] Level 1:colcon.colcon_core.package_identification:_identify(.) by extension 'cmake'
[0.738s] Level 1:colcon.colcon_core.package_identification:_identify(.) by extension 'python'
[0.738s] Level 1:colcon.colcon_core.package_identification:_identify(.) by extensions ['python_setup_py']
[0.738s] Level 1:colcon.colcon_core.package_identification:_identify(.) by extension 'python_setup_py'
[0.739s] Level 1:colcon.colcon_core.package_identification:_identify(build) by extensions ['ignore', 'ignore_ament_install']
[0.739s] Level 1:colcon.colcon_core.package_identification:_identify(build) by extension 'ignore'
[0.739s] Level 1:colcon.colcon_core.package_identification:_identify(build) ignored
[0.740s] Level 1:colcon.colcon_core.package_identification:_identify(install) by extensions ['ignore', 'ignore_ament_install']
[0.740s] Level 1:colcon.colcon_core.package_identification:_identify(install) by extension 'ignore'
[0.741s] Level 1:colcon.colcon_core.package_identification:_identify(install) ignored
[0.741s] Level 1:colcon.colcon_core.package_identification:_identify(log) by extensions ['ignore', 'ignore_ament_install']
[0.742s] Level 1:colcon.colcon_core.package_identification:_identify(log) by extension 'ignore'
[0.742s] Level 1:colcon.colcon_core.package_identification:_identify(log) ignored
[0.742s] Level 1:colcon.colcon_core.package_identification:_identify(src) by extensions ['ignore', 'ignore_ament_install']
[0.742s] Level 1:colcon.colcon_core.package_identification:_identify(src) by extension 'ignore'
[0.743s] Level 1:colcon.colcon_core.package_identification:_identify(src) by extension 'ignore_ament_install'
[0.743s] Level 1:colcon.colcon_core.package_identification:_identify(src) by extensions ['colcon_pkg']
[0.743s] Level 1:colcon.colcon_core.package_identification:_identify(src) by extension 'colcon_pkg'
[0.743s] Level 1:colcon.colcon_core.package_identification:_identify(src) by extensions ['colcon_meta']
[0.743s] Level 1:colcon.colcon_core.package_identification:_identify(src) by extension 'colcon_meta'
[0.743s] Level 1:colcon.colcon_core.package_identification:_identify(src) by extensions ['ros']
[0.743s] Level 1:colcon.colcon_core.package_identification:_identify(src) by extension 'ros'
[0.744s] Level 1:colcon.colcon_core.package_identification:_identify(src) by extensions ['cmake', 'python']
[0.744s] Level 1:colcon.colcon_core.package_identification:_identify(src) by extension 'cmake'
[0.744s] Level 1:colcon.colcon_core.package_identification:_identify(src) by extension 'python'
[0.744s] Level 1:colcon.colcon_core.package_identification:_identify(src) by extensions ['python_setup_py']
[0.744s] Level 1:colcon.colcon_core.package_identification:_identify(src) by extension 'python_setup_py'
[0.745s] Level 1:colcon.colcon_core.package_identification:_identify(src/camera_interfaces) by extensions ['ignore', 'ignore_ament_install']
[0.745s] Level 1:colcon.colcon_core.package_identification:_identify(src/camera_interfaces) by extension 'ignore'
[0.745s] Level 1:colcon.colcon_core.package_identification:_identify(src/camera_interfaces) by extension 'ignore_ament_install'
[0.745s] Level 1:colcon.colcon_core.package_identification:_identify(src/camera_interfaces) by extensions ['colcon_pkg']
[0.745s] Level 1:colcon.colcon_core.package_identification:_identify(src/camera_interfaces) by extension 'colcon_pkg'
[0.746s] Level 1:colcon.colcon_core.package_identification:_identify(src/camera_interfaces) by extensions ['colcon_meta']
[0.746s] Level 1:colcon.colcon_core.package_identification:_identify(src/camera_interfaces) by extension 'colcon_meta'
[0.746s] Level 1:colcon.colcon_core.package_identification:_identify(src/camera_interfaces) by extensions ['ros']
[0.746s] Level 1:colcon.colcon_core.package_identification:_identify(src/camera_interfaces) by extension 'ros'
[0.754s] DEBUG:colcon.colcon_core.package_identification:Package 'src/camera_interfaces' with type 'ros.ament_cmake' and name 'camera_interfaces'
[0.755s] Level 1:colcon.colcon_core.package_identification:_identify(src/camera_pkg) by extensions ['ignore', 'ignore_ament_install']
[0.755s] Level 1:colcon.colcon_core.package_identification:_identify(src/camera_pkg) by extension 'ignore'
[0.756s] Level 1:colcon.colcon_core.package_identification:_identify(src/camera_pkg) by extension 'ignore_ament_install'
[0.756s] Level 1:colcon.colcon_core.package_identification:_identify(src/camera_pkg) by extensions ['colcon_pkg']
[0.756s] Level 1:colcon.colcon_core.package_identification:_identify(src/camera_pkg) by extension 'colcon_pkg'
[0.756s] Level 1:colcon.colcon_core.package_identification:_identify(src/camera_pkg) by extensions ['colcon_meta']
[0.756s] Level 1:colcon.colcon_core.package_identification:_identify(src/camera_pkg) by extension 'colcon_meta'
[0.756s] Level 1:colcon.colcon_core.package_identification:_identify(src/camera_pkg) by extensions ['ros']
[0.756s] Level 1:colcon.colcon_core.package_identification:_identify(src/camera_pkg) by extension 'ros'
[0.758s] DEBUG:colcon.colcon_core.package_identification:Package 'src/camera_pkg' with type 'ros.ament_python' and name 'camera_pkg'
[0.759s] Level 1:colcon.colcon_core.package_identification:_identify(src/controlador_base) by extensions ['ignore', 'ignore_ament_install']
[0.759s] Level 1:colcon.colcon_core.package_identification:_identify(src/controlador_base) by extension 'ignore'
[0.759s] Level 1:colcon.colcon_core.package_identification:_identify(src/controlador_base) by extension 'ignore_ament_install'
[0.760s] Level 1:colcon.colcon_core.package_identification:_identify(src/controlador_base) by extensions ['colcon_pkg']
[0.760s] Level 1:colcon.colcon_core.package_identification:_identify(src/controlador_base) by extension 'colcon_pkg'
[0.760s] Level 1:colcon.colcon_core.package_identification:_identify(src/controlador_base) by extensions ['colcon_meta']
[0.760s] Level 1:colcon.colcon_core.package_identification:_identify(src/controlador_base) by extension 'colcon_meta'
[0.760s] Level 1:colcon.colcon_core.package_identification:_identify(src/controlador_base) by extensions ['ros']
[0.760s] Level 1:colcon.colcon_core.package_identification:_identify(src/controlador_base) by extension 'ros'
[0.762s] DEBUG:colcon.colcon_core.package_identification:Package 'src/controlador_base' with type 'ros.ament_python' and name 'controlador_base'
[0.763s] Level 1:colcon.colcon_core.package_identification:_identify(src/controlador_servo) by extensions ['ignore', 'ignore_ament_install']
[0.763s] Level 1:colcon.colcon_core.package_identification:_identify(src/controlador_servo) by extension 'ignore'
[0.763s] Level 1:colcon.colcon_core.package_identification:_identify(src/controlador_servo) by extension 'ignore_ament_install'
[0.763s] Level 1:colcon.colcon_core.package_identification:_identify(src/controlador_servo) by extensions ['colcon_pkg']
[0.763s] Level 1:colcon.colcon_core.package_identification:_identify(src/controlador_servo) by extension 'colcon_pkg'
[0.764s] Level 1:colcon.colcon_core.package_identification:_identify(src/controlador_servo) by extensions ['colcon_meta']
[0.764s] Level 1:colcon.colcon_core.package_identification:_identify(src/controlador_servo) by extension 'colcon_meta'
[0.764s] Level 1:colcon.colcon_core.package_identification:_identify(src/controlador_servo) by extensions ['ros']
[0.764s] Level 1:colcon.colcon_core.package_identification:_identify(src/controlador_servo) by extension 'ros'
[0.766s] DEBUG:colcon.colcon_core.package_identification:Package 'src/controlador_servo' with type 'ros.ament_cmake' and name 'controlador_servo'
[0.766s] Level 1:colcon.colcon_core.package_identification:_identify(src/drivers) by extensions ['ignore', 'ignore_ament_install']
[0.767s] Level 1:colcon.colcon_core.package_identification:_identify(src/drivers) by extension 'ignore'
[0.767s] Level 1:colcon.colcon_core.package_identification:_identify(src/drivers) by extension 'ignore_ament_install'
[0.767s] Level 1:colcon.colcon_core.package_identification:_identify(src/drivers) by extensions ['colcon_pkg']
[0.767s] Level 1:colcon.colcon_core.package_identification:_identify(src/drivers) by extension 'colcon_pkg'
[0.767s] Level 1:colcon.colcon_core.package_identification:_identify(src/drivers) by extensions ['colcon_meta']
[0.768s] Level 1:colcon.colcon_core.package_identification:_identify(src/drivers) by extension 'colcon_meta'
[0.768s] Level 1:colcon.colcon_core.package_identification:_identify(src/drivers) by extensions ['ros']
[0.768s] Level 1:colcon.colcon_core.package_identification:_identify(src/drivers) by extension 'ros'
[0.770s] DEBUG:colcon.colcon_core.package_identification:Package 'src/drivers' with type 'ros.ament_python' and name 'drivers'
[0.770s] Level 1:colcon.colcon_core.package_identification:_identify(src/servo_interfaces) by extensions ['ignore', 'ignore_ament_install']
[0.771s] Level 1:colcon.colcon_core.package_identification:_identify(src/servo_interfaces) by extension 'ignore'
[0.771s] Level 1:colcon.colcon_core.package_identification:_identify(src/servo_interfaces) by extension 'ignore_ament_install'
[0.771s] Level 1:colcon.colcon_core.package_identification:_identify(src/servo_interfaces) by extensions ['colcon_pkg']
[0.771s] Level 1:colcon.colcon_core.package_identification:_identify(src/servo_interfaces) by extension 'colcon_pkg'
[0.771s] Level 1:colcon.colcon_core.package_identification:_identify(src/servo_interfaces) by extensions ['colcon_meta']
[0.771s] Level 1:colcon.colcon_core.package_identification:_identify(src/servo_interfaces) by extension 'colcon_meta'
[0.772s] Level 1:colcon.colcon_core.package_identification:_identify(src/servo_interfaces) by extensions ['ros']
[0.772s] Level 1:colcon.colcon_core.package_identification:_identify(src/servo_interfaces) by extension 'ros'
[0.773s] DEBUG:colcon.colcon_core.package_identification:Package 'src/servo_interfaces' with type 'ros.ament_cmake' and name 'servo_interfaces'
[0.774s] Level 1:colcon.colcon_core.package_identification:_identify(src/ydlidar_ros2_driver) by extensions ['ignore', 'ignore_ament_install']
[0.774s] Level 1:colcon.colcon_core.package_identification:_identify(src/ydlidar_ros2_driver) by extension 'ignore'
[0.774s] Level 1:colcon.colcon_core.package_identification:_identify(src/ydlidar_ros2_driver) by extension 'ignore_ament_install'
[0.775s] Level 1:colcon.colcon_core.package_identification:_identify(src/ydlidar_ros2_driver) by extensions ['colcon_pkg']
[0.775s] Level 1:colcon.colcon_core.package_identification:_identify(src/ydlidar_ros2_driver) by extension 'colcon_pkg'
[0.775s] Level 1:colcon.colcon_core.package_identification:_identify(src/ydlidar_ros2_driver) by extensions ['colcon_meta']
[0.775s] Level 1:colcon.colcon_core.package_identification:_identify(src/ydlidar_ros2_driver) by extension 'colcon_meta'
[0.775s] Level 1:colcon.colcon_core.package_identification:_identify(src/ydlidar_ros2_driver) by extensions ['ros']
[0.775s] Level 1:colcon.colcon_core.package_identification:_identify(src/ydlidar_ros2_driver) by extension 'ros'
[0.777s] DEBUG:colcon.colcon_core.package_identification:Package 'src/ydlidar_ros2_driver' with type 'ros.ament_cmake' and name 'ydlidar_ros2_driver'
[0.777s] Level 1:colcon.colcon_core.package_discovery:discover_packages(recursive) using defaults
[0.778s] Level 1:colcon.colcon_core.package_discovery:discover_packages(ignore) discover
[0.778s] Level 1:colcon.colcon_core.package_discovery:discover_packages(ignore) using defaults
[0.778s] Level 1:colcon.colcon_core.package_discovery:discover_packages(path) discover
[0.778s] Level 1:colcon.colcon_core.package_discovery:discover_packages(path) using defaults
[0.849s] Level 1:colcon.colcon_core.package_discovery:discover_packages(prefix_path) check parameters
[0.849s] Level 1:colcon.colcon_core.package_discovery:discover_packages(prefix_path) discover
[0.865s] DEBUG:colcon.colcon_installed_package_information.package_discovery:Found 287 installed packages in /opt/ros/jazzy
[0.872s] Level 1:colcon.colcon_core.package_discovery:discover_packages(prefix_path) using defaults
[1.065s] Level 5:colcon.colcon_core.verb:set package 'camera_interfaces' build argument 'cmake_args' from command line to 'None'
[1.065s] Level 5:colcon.colcon_core.verb:set package 'camera_interfaces' build argument 'cmake_target' from command line to 'None'
[1.065s] Level 5:colcon.colcon_core.verb:set package 'camera_interfaces' build argument 'cmake_target_skip_unavailable' from command line to 'False'
[1.065s] Level 5:colcon.colcon_core.verb:set package 'camera_interfaces' build argument 'cmake_clean_cache' from command line to 'False'
[1.065s] Level 5:colcon.colcon_core.verb:set package 'camera_interfaces' build argument 'cmake_clean_first' from command line to 'False'
[1.066s] Level 5:colcon.colcon_core.verb:set package 'camera_interfaces' build argument 'cmake_force_configure' from command line to 'False'
[1.066s] Level 5:colcon.colcon_core.verb:set package 'camera_interfaces' build argument 'ament_cmake_args' from command line to 'None'
[1.066s] Level 5:colcon.colcon_core.verb:set package 'camera_interfaces' build argument 'catkin_cmake_args' from command line to 'None'
[1.066s] Level 5:colcon.colcon_core.verb:set package 'camera_interfaces' build argument 'catkin_skip_building_tests' from command line to 'False'
[1.066s] DEBUG:colcon.colcon_core.verb:Building package 'camera_interfaces' with the following arguments: {'ament_cmake_args': None, 'build_base': '/home/robot/ros2_ws/build/camera_interfaces', 'catkin_cmake_args': None, 'catkin_skip_building_tests': False, 'cmake_args': None, 'cmake_clean_cache': False, 'cmake_clean_first': False, 'cmake_force_configure': False, 'cmake_target': None, 'cmake_target_skip_unavailable': False, 'install_base': '/home/robot/ros2_ws/install/camera_interfaces', 'merge_install': False, 'path': '/home/robot/ros2_ws/src/camera_interfaces', 'symlink_install': False, 'test_result_base': None}
[1.067s] Level 5:colcon.colcon_core.verb:set package 'camera_pkg' build argument 'cmake_args' from command line to 'None'
[1.067s] Level 5:colcon.colcon_core.verb:set package 'camera_pkg' build argument 'cmake_target' from command line to 'None'
[1.068s] Level 5:colcon.colcon_core.verb:set package 'camera_pkg' build argument 'cmake_target_skip_unavailable' from command line to 'False'
[1.068s] Level 5:colcon.colcon_core.verb:set package 'camera_pkg' build argument 'cmake_clean_cache' from command line to 'False'
[1.068s] Level 5:colcon.colcon_core.verb:set package 'camera_pkg' build argument 'cmake_clean_first' from command line to 'False'
[1.068s] Level 5:colcon.colcon_core.verb:set package 'camera_pkg' build argument 'cmake_force_configure' from command line to 'False'
[1.068s] Level 5:colcon.colcon_core.verb:set package 'camera_pkg' build argument 'ament_cmake_args' from command line to 'None'
[1.068s] Level 5:colcon.colcon_core.verb:set package 'camera_pkg' build argument 'catkin_cmake_args' from command line to 'None'
[1.068s] Level 5:colcon.colcon_core.verb:set package 'camera_pkg' build argument 'catkin_skip_building_tests' from command line to 'False'
[1.068s] DEBUG:colcon.colcon_core.verb:Building package 'camera_pkg' with the following arguments: {'ament_cmake_args': None, 'build_base': '/home/robot/ros2_ws/build/camera_pkg', 'catkin_cmake_args': None, 'catkin_skip_building_tests': False, 'cmake_args': None, 'cmake_clean_cache': False, 'cmake_clean_first': False, 'cmake_force_configure': False, 'cmake_target': None, 'cmake_target_skip_unavailable': False, 'install_base': '/home/robot/ros2_ws/install/camera_pkg', 'merge_install': False, 'path': '/home/robot/ros2_ws/src/camera_pkg', 'symlink_install': False, 'test_result_base': None}
[1.069s] Level 5:colcon.colcon_core.verb:set package 'controlador_base' build argument 'cmake_args' from command line to 'None'
[1.070s] Level 5:colcon.colcon_core.verb:set package 'controlador_base' build argument 'cmake_target' from command line to 'None'
[1.070s] Level 5:colcon.colcon_core.verb:set package 'controlador_base' build argument 'cmake_target_skip_unavailable' from command line to 'False'
[1.070s] Level 5:colcon.colcon_core.verb:set package 'controlador_base' build argument 'cmake_clean_cache' from command line to 'False'
[1.070s] Level 5:colcon.colcon_core.verb:set package 'controlador_base' build argument 'cmake_clean_first' from command line to 'False'
[1.070s] Level 5:colcon.colcon_core.verb:set package 'controlador_base' build argument 'cmake_force_configure' from command line to 'False'
[1.070s] Level 5:colcon.colcon_core.verb:set package 'controlador_base' build argument 'ament_cmake_args' from command line to 'None'
[1.070s] Level 5:colcon.colcon_core.verb:set package 'controlador_base' build argument 'catkin_cmake_args' from command line to 'None'
[1.070s] Level 5:colcon.colcon_core.verb:set package 'controlador_base' build argument 'catkin_skip_building_tests' from command line to 'False'
[1.070s] DEBUG:colcon.colcon_core.verb:Building package 'controlador_base' with the following arguments: {'ament_cmake_args': None, 'build_base': '/home/robot/ros2_ws/build/controlador_base', 'catkin_cmake_args': None, 'catkin_skip_building_tests': False, 'cmake_args': None, 'cmake_clean_cache': False, 'cmake_clean_first': False, 'cmake_force_configure': False, 'cmake_target': None, 'cmake_target_skip_unavailable': False, 'install_base': '/home/robot/ros2_ws/install/controlador_base', 'merge_install': False, 'path': '/home/robot/ros2_ws/src/controlador_base', 'symlink_install': False, 'test_result_base': None}
[1.071s] Level 5:colcon.colcon_core.verb:set package 'drivers' build argument 'cmake_args' from command line to 'None'
[1.072s] Level 5:colcon.colcon_core.verb:set package 'drivers' build argument 'cmake_target' from command line to 'None'
[1.072s] Level 5:colcon.colcon_core.verb:set package 'drivers' build argument 'cmake_target_skip_unavailable' from command line to 'False'
[1.072s] Level 5:colcon.colcon_core.verb:set package 'drivers' build argument 'cmake_clean_cache' from command line to 'False'
[1.072s] Level 5:colcon.colcon_core.verb:set package 'drivers' build argument 'cmake_clean_first' from command line to 'False'
[1.072s] Level 5:colcon.colcon_core.verb:set package 'drivers' build argument 'cmake_force_configure' from command line to 'False'
[1.072s] Level 5:colcon.colcon_core.verb:set package 'drivers' build argument 'ament_cmake_args' from command line to 'None'
[1.072s] Level 5:colcon.colcon_core.verb:set package 'drivers' build argument 'catkin_cmake_args' from command line to 'None'
[1.072s] Level 5:colcon.colcon_core.verb:set package 'drivers' build argument 'catkin_skip_building_tests' from command line to 'False'
[1.072s] DEBUG:colcon.colcon_core.verb:Building package 'drivers' with the following arguments: {'ament_cmake_args': None, 'build_base': '/home/robot/ros2_ws/build/drivers', 'catkin_cmake_args': None, 'catkin_skip_building_tests': False, 'cmake_args': None, 'cmake_clean_cache': False, 'cmake_clean_first': False, 'cmake_force_configure': False, 'cmake_target': None, 'cmake_target_skip_unavailable': False, 'install_base': '/home/robot/ros2_ws/install/drivers', 'merge_install': False, 'path': '/home/robot/ros2_ws/src/drivers', 'symlink_install': False, 'test_result_base': None}
[1.073s] Level 5:colcon.colcon_core.verb:set package 'servo_interfaces' build argument 'cmake_args' from command line to 'None'
[1.074s] Level 5:colcon.colcon_core.verb:set package 'servo_interfaces' build argument 'cmake_target' from command line to 'None'
[1.074s] Level 5:colcon.colcon_core.verb:set package 'servo_interfaces' build argument 'cmake_target_skip_unavailable' from command line to 'False'
[1.074s] Level 5:colcon.colcon_core.verb:set package 'servo_interfaces' build argument 'cmake_clean_cache' from command line to 'False'
[1.074s] Level 5:colcon.colcon_core.verb:set package 'servo_interfaces' build argument 'cmake_clean_first' from command line to 'False'
[1.074s] Level 5:colcon.colcon_core.verb:set package 'servo_interfaces' build argument 'cmake_force_configure' from command line to 'False'
[1.074s] Level 5:colcon.colcon_core.verb:set package 'servo_interfaces' build argument 'ament_cmake_args' from command line to 'None'
[1.074s] Level 5:colcon.colcon_core.verb:set package 'servo_interfaces' build argument 'catkin_cmake_args' from command line to 'None'
[1.074s] Level 5:colcon.colcon_core.verb:set package 'servo_interfaces' build argument 'catkin_skip_building_tests' from command line to 'False'
[1.074s] DEBUG:colcon.colcon_core.verb:Building package 'servo_interfaces' with the following arguments: {'ament_cmake_args': None, 'build_base': '/home/robot/ros2_ws/build/servo_interfaces', 'catkin_cmake_args': None, 'catkin_skip_building_tests': False, 'cmake_args': None, 'cmake_clean_cache': False, 'cmake_clean_first': False, 'cmake_force_configure': False, 'cmake_target': None, 'cmake_target_skip_unavailable': False, 'install_base': '/home/robot/ros2_ws/install/servo_interfaces', 'merge_install': False, 'path': '/home/robot/ros2_ws/src/servo_interfaces', 'symlink_install': False, 'test_result_base': None}
[1.075s] Level 5:colcon.colcon_core.verb:set package 'ydlidar_ros2_driver' build argument 'cmake_args' from command line to 'None'
[1.076s] Level 5:colcon.colcon_core.verb:set package 'ydlidar_ros2_driver' build argument 'cmake_target' from command line to 'None'
[1.076s] Level 5:colcon.colcon_core.verb:set package 'ydlidar_ros2_driver' build argument 'cmake_target_skip_unavailable' from command line to 'False'
[1.076s] Level 5:colcon.colcon_core.verb:set package 'ydlidar_ros2_driver' build argument 'cmake_clean_cache' from command line to 'False'
[1.076s] Level 5:colcon.colcon_core.verb:set package 'ydlidar_ros2_driver' build argument 'cmake_clean_first' from command line to 'False'
[1.076s] Level 5:colcon.colcon_core.verb:set package 'ydlidar_ros2_driver' build argument 'cmake_force_configure' from command line to 'False'
[1.076s] Level 5:colcon.colcon_core.verb:set package 'ydlidar_ros2_driver' build argument 'ament_cmake_args' from command line to 'None'
[1.076s] Level 5:colcon.colcon_core.verb:set package 'ydlidar_ros2_driver' build argument 'catkin_cmake_args' from command line to 'None'
[1.076s] Level 5:colcon.colcon_core.verb:set package 'ydlidar_ros2_driver' build argument 'catkin_skip_building_tests' from command line to 'False'
[1.076s] DEBUG:colcon.colcon_core.verb:Building package 'ydlidar_ros2_driver' with the following arguments: {'ament_cmake_args': None, 'build_base': '/home/robot/ros2_ws/build/ydlidar_ros2_driver', 'catkin_cmake_args': None, 'catkin_skip_building_tests': False, 'cmake_args': None, 'cmake_clean_cache': False, 'cmake_clean_first': False, 'cmake_force_configure': False, 'cmake_target': None, 'cmake_target_skip_unavailable': False, 'install_base': '/home/robot/ros2_ws/install/ydlidar_ros2_driver', 'merge_install': False, 'path': '/home/robot/ros2_ws/src/ydlidar_ros2_driver', 'symlink_install': False, 'test_result_base': None}
[1.077s] Level 5:colcon.colcon_core.verb:set package 'controlador_servo' build argument 'cmake_args' from command line to 'None'
[1.078s] Level 5:colcon.colcon_core.verb:set package 'controlador_servo' build argument 'cmake_target' from command line to 'None'
[1.078s] Level 5:colcon.colcon_core.verb:set package 'controlador_servo' build argument 'cmake_target_skip_unavailable' from command line to 'False'
[1.078s] Level 5:colcon.colcon_core.verb:set package 'controlador_servo' build argument 'cmake_clean_cache' from command line to 'False'
[1.078s] Level 5:colcon.colcon_core.verb:set package 'controlador_servo' build argument 'cmake_clean_first' from command line to 'False'
[1.078s] Level 5:colcon.colcon_core.verb:set package 'controlador_servo' build argument 'cmake_force_configure' from command line to 'False'
[1.078s] Level 5:colcon.colcon_core.verb:set package 'controlador_servo' build argument 'ament_cmake_args' from command line to 'None'
[1.078s] Level 5:colcon.colcon_core.verb:set package 'controlador_servo' build argument 'catkin_cmake_args' from command line to 'None'
[1.078s] Level 5:colcon.colcon_core.verb:set package 'controlador_servo' build argument 'catkin_skip_building_tests' from command line to 'False'
[1.078s] DEBUG:colcon.colcon_core.verb:Building package 'controlador_servo' with the following arguments: {'ament_cmake_args': None, 'build_base': '/home/robot/ros2_ws/build/controlador_servo', 'catkin_cmake_args': None, 'catkin_skip_building_tests': False, 'cmake_args': None, 'cmake_clean_cache': False, 'cmake_clean_first': False, 'cmake_force_configure': False, 'cmake_target': None, 'cmake_target_skip_unavailable': False, 'install_base': '/home/robot/ros2_ws/install/controlador_servo', 'merge_install': False, 'path': '/home/robot/ros2_ws/src/controlador_servo', 'symlink_install': False, 'test_result_base': None}
[1.079s] INFO:colcon.colcon_core.executor:Executing jobs using 'parallel' executor
[1.082s] DEBUG:colcon.colcon_parallel_executor.executor.parallel:run_until_complete
[1.083s] INFO:colcon.colcon_ros.task.ament_cmake.build:Building ROS package in '/home/robot/ros2_ws/src/servo_interfaces' with build type 'ament_cmake'
[1.083s] INFO:colcon.colcon_cmake.task.cmake.build:Building CMake package in '/home/robot/ros2_ws/src/servo_interfaces'
[1.091s] INFO:colcon.colcon_core.plugin_system:Skipping extension 'colcon_core.shell.bat': Not used on non-Windows systems
[1.092s] INFO:colcon.colcon_core.shell:Skip shell extension 'powershell' for command environment: Not usable outside of PowerShell
[1.092s] DEBUG:colcon.colcon_core.shell:Skip shell extension 'dsv' for command environment
[1.110s] INFO:colcon.colcon_ros.task.ament_cmake.build:Building ROS package in '/home/robot/ros2_ws/src/camera_interfaces' with build type 'ament_cmake'
[1.110s] INFO:colcon.colcon_cmake.task.cmake.build:Building CMake package in '/home/robot/ros2_ws/src/camera_interfaces'
[1.111s] INFO:colcon.colcon_core.shell:Skip shell extension 'powershell' for command environment: Not usable outside of PowerShell
[1.111s] DEBUG:colcon.colcon_core.shell:Skip shell extension 'dsv' for command environment
[1.129s] INFO:colcon.colcon_ros.task.ament_python.build:Building ROS package in '/home/robot/ros2_ws/src/camera_pkg' with build type 'ament_python'
[1.130s] Level 1:colcon.colcon_core.shell:create_environment_hook('camera_pkg', 'ament_prefix_path')
[1.130s] INFO:colcon.colcon_core.shell:Creating environment hook '/home/robot/ros2_ws/install/camera_pkg/share/camera_pkg/hook/ament_prefix_path.ps1'
[1.133s] INFO:colcon.colcon_core.shell:Creating environment descriptor '/home/robot/ros2_ws/install/camera_pkg/share/camera_pkg/hook/ament_prefix_path.dsv'
[1.135s] INFO:colcon.colcon_core.shell:Creating environment hook '/home/robot/ros2_ws/install/camera_pkg/share/camera_pkg/hook/ament_prefix_path.sh'
[1.138s] INFO:colcon.colcon_core.shell:Skip shell extension 'powershell' for command environment: Not usable outside of PowerShell
[1.139s] DEBUG:colcon.colcon_core.shell:Skip shell extension 'dsv' for command environment
[1.156s] INFO:colcon.colcon_ros.task.ament_python.build:Building ROS package in '/home/robot/ros2_ws/src/controlador_base' with build type 'ament_python'
[1.157s] Level 1:colcon.colcon_core.shell:create_environment_hook('controlador_base', 'ament_prefix_path')
[1.157s] INFO:colcon.colcon_core.shell:Creating environment hook '/home/robot/ros2_ws/install/controlador_base/share/controlador_base/hook/ament_prefix_path.ps1'
[1.160s] INFO:colcon.colcon_core.shell:Creating environment descriptor '/home/robot/ros2_ws/install/controlador_base/share/controlador_base/hook/ament_prefix_path.dsv'
[1.163s] INFO:colcon.colcon_core.shell:Creating environment hook '/home/robot/ros2_ws/install/controlador_base/share/controlador_base/hook/ament_prefix_path.sh'
[1.165s] INFO:colcon.colcon_core.shell:Skip shell extension 'powershell' for command environment: Not usable outside of PowerShell
[1.166s] DEBUG:colcon.colcon_core.shell:Skip shell extension 'dsv' for command environment
[1.200s] DEBUG:colcon.colcon_core.event_handler.log_command:Invoking command in '/home/robot/ros2_ws/build/servo_interfaces': CMAKE_PREFIX_PATH=${CMAKE_PREFIX_PATH}:/opt/ros/jazzy DEBUGINFOD_URLS=https://debuginfod.ubuntu.com /usr/bin/cmake /home/robot/ros2_ws/src/servo_interfaces -DCMAKE_INSTALL_PREFIX=/home/robot/ros2_ws/install/servo_interfaces
[1.214s] DEBUG:colcon.colcon_core.event_handler.log_command:Invoking command in '/home/robot/ros2_ws/build/camera_interfaces': CMAKE_PREFIX_PATH=${CMAKE_PREFIX_PATH}:/opt/ros/jazzy DEBUGINFOD_URLS=https://debuginfod.ubuntu.com /usr/bin/cmake --build /home/robot/ros2_ws/build/camera_interfaces -- -j4 -l4
[2.416s] INFO:colcon.colcon_core.task.python.build:Building Python package in '/home/robot/ros2_ws/src/camera_pkg'
[2.417s] INFO:colcon.colcon_core.shell:Skip shell extension 'powershell' for command environment: Not usable outside of PowerShell
[2.417s] DEBUG:colcon.colcon_core.shell:Skip shell extension 'dsv' for command environment
[3.446s] INFO:colcon.colcon_core.task.python.build:Building Python package in '/home/robot/ros2_ws/src/controlador_base'
[3.446s] INFO:colcon.colcon_core.shell:Skip shell extension 'powershell' for command environment: Not usable outside of PowerShell
[3.447s] DEBUG:colcon.colcon_core.shell:Skip shell extension 'dsv' for command environment
[3.465s] DEBUG:colcon.colcon_core.event_handler.log_command:Invoked command in '/home/robot/ros2_ws/build/camera_interfaces' returned '0': CMAKE_PREFIX_PATH=${CMAKE_PREFIX_PATH}:/opt/ros/jazzy DEBUGINFOD_URLS=https://debuginfod.ubuntu.com /usr/bin/cmake --build /home/robot/ros2_ws/build/camera_interfaces -- -j4 -l4
[3.523s] DEBUG:colcon.colcon_core.event_handler.log_command:Invoking command in '/home/robot/ros2_ws/build/camera_interfaces': CMAKE_PREFIX_PATH=${CMAKE_PREFIX_PATH}:/opt/ros/jazzy DEBUGINFOD_URLS=https://debuginfod.ubuntu.com /usr/bin/cmake --install /home/robot/ros2_ws/build/camera_interfaces
[3.615s] Level 1:colcon.colcon_core.environment:create_environment_scripts_only(camera_interfaces)
[3.619s] DEBUG:colcon.colcon_core.event_handler.log_command:Invoked command in '/home/robot/ros2_ws/build/camera_interfaces' returned '0': CMAKE_PREFIX_PATH=${CMAKE_PREFIX_PATH}:/opt/ros/jazzy DEBUGINFOD_URLS=https://debuginfod.ubuntu.com /usr/bin/cmake --install /home/robot/ros2_ws/build/camera_interfaces
[3.635s] Level 1:colcon.colcon_core.environment:checking '/home/robot/ros2_ws/install/camera_interfaces' for CMake module files
[3.640s] Level 1:colcon.colcon_core.environment:checking '/home/robot/ros2_ws/install/camera_interfaces' for CMake config files
[3.642s] Level 1:colcon.colcon_core.shell:create_environment_hook('camera_interfaces', 'cmake_prefix_path')
[3.644s] INFO:colcon.colcon_core.shell:Creating environment hook '/home/robot/ros2_ws/install/camera_interfaces/share/camera_interfaces/hook/cmake_prefix_path.ps1'
[3.647s] INFO:colcon.colcon_core.shell:Creating environment descriptor '/home/robot/ros2_ws/install/camera_interfaces/share/camera_interfaces/hook/cmake_prefix_path.dsv'
[3.649s] INFO:colcon.colcon_core.shell:Creating environment hook '/home/robot/ros2_ws/install/camera_interfaces/share/camera_interfaces/hook/cmake_prefix_path.sh'
[3.652s] Level 1:colcon.colcon_core.environment:checking '/home/robot/ros2_ws/install/camera_interfaces/bin'
[3.653s] Level 1:colcon.colcon_core.environment:checking '/home/robot/ros2_ws/install/camera_interfaces/lib/pkgconfig/camera_interfaces.pc'
[3.654s] Level 1:colcon.colcon_core.environment:checking '/home/robot/ros2_ws/install/camera_interfaces/lib/python3.12/site-packages'
[3.655s] Level 1:colcon.colcon_core.environment:checking '/home/robot/ros2_ws/install/camera_interfaces/bin'
[3.657s] INFO:colcon.colcon_core.shell:Creating package script '/home/robot/ros2_ws/install/camera_interfaces/share/camera_interfaces/package.ps1'
[3.677s] INFO:colcon.colcon_core.shell:Creating package descriptor '/home/robot/ros2_ws/install/camera_interfaces/share/camera_interfaces/package.dsv'
[3.690s] INFO:colcon.colcon_core.shell:Creating package script '/home/robot/ros2_ws/install/camera_interfaces/share/camera_interfaces/package.sh'
[3.694s] INFO:colcon.colcon_core.shell:Creating package script '/home/robot/ros2_ws/install/camera_interfaces/share/camera_interfaces/package.bash'
[3.697s] INFO:colcon.colcon_core.shell:Creating package script '/home/robot/ros2_ws/install/camera_interfaces/share/camera_interfaces/package.zsh'
[3.701s] Level 1:colcon.colcon_core.environment:create_file_with_runtime_dependencies(/home/robot/ros2_ws/install/camera_interfaces/share/colcon-core/packages/camera_interfaces)
[3.706s] Level 1:colcon.colcon_core.environment:create_environment_scripts_only(camera_interfaces)
[3.708s] Level 1:colcon.colcon_core.environment:checking '/home/robot/ros2_ws/install/camera_interfaces' for CMake module files
[3.713s] Level 1:colcon.colcon_core.environment:checking '/home/robot/ros2_ws/install/camera_interfaces' for CMake config files
[3.714s] Level 1:colcon.colcon_core.shell:create_environment_hook('camera_interfaces', 'cmake_prefix_path')
[3.715s] INFO:colcon.colcon_core.shell:Creating environment hook '/home/robot/ros2_ws/install/camera_interfaces/share/camera_interfaces/hook/cmake_prefix_path.ps1'
[3.718s] INFO:colcon.colcon_core.shell:Creating environment descriptor '/home/robot/ros2_ws/install/camera_interfaces/share/camera_interfaces/hook/cmake_prefix_path.dsv'
[3.721s] INFO:colcon.colcon_core.shell:Creating environment hook '/home/robot/ros2_ws/install/camera_interfaces/share/camera_interfaces/hook/cmake_prefix_path.sh'
[3.724s] Level 1:colcon.colcon_core.environment:checking '/home/robot/ros2_ws/install/camera_interfaces/bin'
[3.725s] Level 1:colcon.colcon_core.environment:checking '/home/robot/ros2_ws/install/camera_interfaces/lib/pkgconfig/camera_interfaces.pc'
[3.725s] Level 1:colcon.colcon_core.environment:checking '/home/robot/ros2_ws/install/camera_interfaces/lib/python3.12/site-packages'
[3.727s] Level 1:colcon.colcon_core.environment:checking '/home/robot/ros2_ws/install/camera_interfaces/bin'
[3.728s] INFO:colcon.colcon_core.shell:Creating package script '/home/robot/ros2_ws/install/camera_interfaces/share/camera_interfaces/package.ps1'
[3.732s] INFO:colcon.colcon_core.shell:Creating package descriptor '/home/robot/ros2_ws/install/camera_interfaces/share/camera_interfaces/package.dsv'
[3.736s] INFO:colcon.colcon_core.shell:Creating package script '/home/robot/ros2_ws/install/camera_interfaces/share/camera_interfaces/package.sh'
[3.739s] INFO:colcon.colcon_core.shell:Creating package script '/home/robot/ros2_ws/install/camera_interfaces/share/camera_interfaces/package.bash'
[3.742s] INFO:colcon.colcon_core.shell:Creating package script '/home/robot/ros2_ws/install/camera_interfaces/share/camera_interfaces/package.zsh'
[3.744s] Level 1:colcon.colcon_core.environment:create_file_with_runtime_dependencies(/home/robot/ros2_ws/install/camera_interfaces/share/colcon-core/packages/camera_interfaces)
[3.746s] INFO:colcon.colcon_ros.task.ament_python.build:Building ROS package in '/home/robot/ros2_ws/src/drivers' with build type 'ament_python'
[3.747s] Level 1:colcon.colcon_core.shell:create_environment_hook('drivers', 'ament_prefix_path')
[3.748s] INFO:colcon.colcon_core.shell:Creating environment hook '/home/robot/ros2_ws/install/drivers/share/drivers/hook/ament_prefix_path.ps1'
[3.758s] INFO:colcon.colcon_core.shell:Creating environment descriptor '/home/robot/ros2_ws/install/drivers/share/drivers/hook/ament_prefix_path.dsv'
[3.761s] INFO:colcon.colcon_core.shell:Creating environment hook '/home/robot/ros2_ws/install/drivers/share/drivers/hook/ament_prefix_path.sh'
[3.765s] INFO:colcon.colcon_core.shell:Skip shell extension 'powershell' for command environment: Not usable outside of PowerShell
[3.765s] DEBUG:colcon.colcon_core.shell:Skip shell extension 'dsv' for command environment
[5.196s] INFO:colcon.colcon_core.task.python.build:Building Python package in '/home/robot/ros2_ws/src/drivers'
[5.197s] INFO:colcon.colcon_core.shell:Skip shell extension 'powershell' for command environment: Not usable outside of PowerShell
[5.198s] DEBUG:colcon.colcon_core.shell:Skip shell extension 'dsv' for command environment
[7.932s] DEBUG:colcon.colcon_core.event_handler.log_command:Invoking command in '/home/robot/ros2_ws/src/camera_pkg': DEBUGINFOD_URLS=https://debuginfod.ubuntu.com PYTHONPATH=/home/robot/ros2_ws/build/camera_pkg/prefix_override:/usr/lib/python3/dist-packages/colcon_core/task/python/colcon_distutils_commands:/home/robot/ros2_ws/install/camera_pkg/lib/python3.12/site-packages:${PYTHONPATH} /usr/bin/python3 -W ignore:setup.py install is deprecated -W ignore:easy_install command is deprecated setup.py egg_info --egg-base ../../build/camera_pkg build --build-base /home/robot/ros2_ws/build/camera_pkg/build install --record /home/robot/ros2_ws/build/camera_pkg/install.log --single-version-externally-managed install_data
[8.039s] DEBUG:colcon.colcon_core.event_handler.log_command:Invoking command in '/home/robot/ros2_ws/src/controlador_base': DEBUGINFOD_URLS=https://debuginfod.ubuntu.com PYTHONPATH=/home/robot/ros2_ws/build/controlador_base/prefix_override:/usr/lib/python3/dist-packages/colcon_core/task/python/colcon_distutils_commands:/home/robot/ros2_ws/install/controlador_base/lib/python3.12/site-packages:${PYTHONPATH} /usr/bin/python3 -W ignore:setup.py install is deprecated -W ignore:easy_install command is deprecated setup.py egg_info --egg-base ../../build/controlador_base build --build-base /home/robot/ros2_ws/build/controlador_base/build install --record /home/robot/ros2_ws/build/controlador_base/install.log --single-version-externally-managed install_data
[9.930s] DEBUG:colcon.colcon_core.event_handler.log_command:Invoking command in '/home/robot/ros2_ws/src/drivers': DEBUGINFOD_URLS=https://debuginfod.ubuntu.com PYTHONPATH=/home/robot/ros2_ws/build/drivers/prefix_override:/usr/lib/python3/dist-packages/colcon_core/task/python/colcon_distutils_commands:/home/robot/ros2_ws/install/drivers/lib/python3.12/site-packages:${PYTHONPATH} /usr/bin/python3 -W ignore:setup.py install is deprecated -W ignore:easy_install command is deprecated setup.py egg_info --egg-base ../../build/drivers build --build-base /home/robot/ros2_ws/build/drivers/build install --record /home/robot/ros2_ws/build/drivers/install.log --single-version-externally-managed install_data
[12.206s] Level 1:colcon.colcon_core.environment:checking '/home/robot/ros2_ws/install/camera_pkg' for CMake module files
[12.207s] DEBUG:colcon.colcon_core.event_handler.log_command:Invoked command in '/home/robot/ros2_ws/src/camera_pkg' returned '0': DEBUGINFOD_URLS=https://debuginfod.ubuntu.com PYTHONPATH=/home/robot/ros2_ws/build/camera_pkg/prefix_override:/usr/lib/python3/dist-packages/colcon_core/task/python/colcon_distutils_commands:/home/robot/ros2_ws/install/camera_pkg/lib/python3.12/site-packages:${PYTHONPATH} /usr/bin/python3 -W ignore:setup.py install is deprecated -W ignore:easy_install command is deprecated setup.py egg_info --egg-base ../../build/camera_pkg build --build-base /home/robot/ros2_ws/build/camera_pkg/build install --record /home/robot/ros2_ws/build/camera_pkg/install.log --single-version-externally-managed install_data
[12.211s] Level 1:colcon.colcon_core.environment:checking '/home/robot/ros2_ws/install/camera_pkg' for CMake config files
[12.215s] Level 1:colcon.colcon_core.environment:checking '/home/robot/ros2_ws/install/camera_pkg/lib'
[12.216s] Level 1:colcon.colcon_core.environment:checking '/home/robot/ros2_ws/install/camera_pkg/bin'
[12.216s] Level 1:colcon.colcon_core.environment:checking '/home/robot/ros2_ws/install/camera_pkg/lib/pkgconfig/camera_pkg.pc'
[12.218s] Level 1:colcon.colcon_core.environment:checking '/home/robot/ros2_ws/install/camera_pkg/lib/python3.12/site-packages'
[12.218s] Level 1:colcon.colcon_core.shell:create_environment_hook('camera_pkg', 'pythonpath')
[12.220s] INFO:colcon.colcon_core.shell:Creating environment hook '/home/robot/ros2_ws/install/camera_pkg/share/camera_pkg/hook/pythonpath.ps1'
[12.224s] INFO:colcon.colcon_core.shell:Creating environment descriptor '/home/robot/ros2_ws/install/camera_pkg/share/camera_pkg/hook/pythonpath.dsv'
[12.226s] INFO:colcon.colcon_core.shell:Creating environment hook '/home/robot/ros2_ws/install/camera_pkg/share/camera_pkg/hook/pythonpath.sh'
[12.230s] Level 1:colcon.colcon_core.environment:checking '/home/robot/ros2_ws/install/camera_pkg/bin'
[12.230s] Level 1:colcon.colcon_core.environment:create_environment_scripts_only(camera_pkg)
[12.231s] INFO:colcon.colcon_core.shell:Creating package script '/home/robot/ros2_ws/install/camera_pkg/share/camera_pkg/package.ps1'
[12.234s] INFO:colcon.colcon_core.shell:Creating package descriptor '/home/robot/ros2_ws/install/camera_pkg/share/camera_pkg/package.dsv'
[12.239s] INFO:colcon.colcon_core.shell:Creating package script '/home/robot/ros2_ws/install/camera_pkg/share/camera_pkg/package.sh'
[12.243s] INFO:colcon.colcon_core.shell:Creating package script '/home/robot/ros2_ws/install/camera_pkg/share/camera_pkg/package.bash'
[12.247s] INFO:colcon.colcon_core.shell:Creating package script '/home/robot/ros2_ws/install/camera_pkg/share/camera_pkg/package.zsh'
[12.250s] Level 1:colcon.colcon_core.environment:create_file_with_runtime_dependencies(/home/robot/ros2_ws/install/camera_pkg/share/colcon-core/packages/camera_pkg)
[12.255s] INFO:colcon.colcon_ros.task.ament_cmake.build:Building ROS package in '/home/robot/ros2_ws/src/ydlidar_ros2_driver' with build type 'ament_cmake'
[12.256s] INFO:colcon.colcon_cmake.task.cmake.build:Building CMake package in '/home/robot/ros2_ws/src/ydlidar_ros2_driver'
[12.257s] INFO:colcon.colcon_core.shell:Skip shell extension 'powershell' for command environment: Not usable outside of PowerShell
[12.257s] DEBUG:colcon.colcon_core.shell:Skip shell extension 'dsv' for command environment
[12.328s] DEBUG:colcon.colcon_core.event_handler.log_command:Invoking command in '/home/robot/ros2_ws/build/ydlidar_ros2_driver': CMAKE_PREFIX_PATH=${CMAKE_PREFIX_PATH}:/opt/ros/jazzy DEBUGINFOD_URLS=https://debuginfod.ubuntu.com /usr/bin/cmake --build /home/robot/ros2_ws/build/ydlidar_ros2_driver -- -j4 -l4
[12.487s] Level 1:colcon.colcon_core.environment:checking '/home/robot/ros2_ws/install/controlador_base' for CMake module files
[12.489s] DEBUG:colcon.colcon_core.event_handler.log_command:Invoked command in '/home/robot/ros2_ws/src/controlador_base' returned '0': DEBUGINFOD_URLS=https://debuginfod.ubuntu.com PYTHONPATH=/home/robot/ros2_ws/build/controlador_base/prefix_override:/usr/lib/python3/dist-packages/colcon_core/task/python/colcon_distutils_commands:/home/robot/ros2_ws/install/controlador_base/lib/python3.12/site-packages:${PYTHONPATH} /usr/bin/python3 -W ignore:setup.py install is deprecated -W ignore:easy_install command is deprecated setup.py egg_info --egg-base ../../build/controlador_base build --build-base /home/robot/ros2_ws/build/controlador_base/build install --record /home/robot/ros2_ws/build/controlador_base/install.log --single-version-externally-managed install_data
[12.493s] Level 1:colcon.colcon_core.environment:checking '/home/robot/ros2_ws/install/controlador_base' for CMake config files
[12.498s] Level 1:colcon.colcon_core.environment:checking '/home/robot/ros2_ws/install/controlador_base/lib'
[12.498s] Level 1:colcon.colcon_core.environment:checking '/home/robot/ros2_ws/install/controlador_base/bin'
[12.498s] Level 1:colcon.colcon_core.environment:checking '/home/robot/ros2_ws/install/controlador_base/lib/pkgconfig/controlador_base.pc'
[12.499s] Level 1:colcon.colcon_core.environment:checking '/home/robot/ros2_ws/install/controlador_base/lib/python3.12/site-packages'
[12.500s] Level 1:colcon.colcon_core.shell:create_environment_hook('controlador_base', 'pythonpath')
[12.501s] INFO:colcon.colcon_core.shell:Creating environment hook '/home/robot/ros2_ws/install/controlador_base/share/controlador_base/hook/pythonpath.ps1'
[12.503s] INFO:colcon.colcon_core.shell:Creating environment descriptor '/home/robot/ros2_ws/install/controlador_base/share/controlador_base/hook/pythonpath.dsv'
[12.505s] INFO:colcon.colcon_core.shell:Creating environment hook '/home/robot/ros2_ws/install/controlador_base/share/controlador_base/hook/pythonpath.sh'
[12.509s] Level 1:colcon.colcon_core.environment:checking '/home/robot/ros2_ws/install/controlador_base/bin'
[12.509s] Level 1:colcon.colcon_core.environment:create_environment_scripts_only(controlador_base)
[12.511s] INFO:colcon.colcon_core.shell:Creating package script '/home/robot/ros2_ws/install/controlador_base/share/controlador_base/package.ps1'
[12.514s] INFO:colcon.colcon_core.shell:Creating package descriptor '/home/robot/ros2_ws/install/controlador_base/share/controlador_base/package.dsv'
[12.517s] INFO:colcon.colcon_core.shell:Creating package script '/home/robot/ros2_ws/install/controlador_base/share/controlador_base/package.sh'
[12.519s] INFO:colcon.colcon_core.shell:Creating package script '/home/robot/ros2_ws/install/controlador_base/share/controlador_base/package.bash'
[12.521s] INFO:colcon.colcon_core.shell:Creating package script '/home/robot/ros2_ws/install/controlador_base/share/controlador_base/package.zsh'
[12.523s] Level 1:colcon.colcon_core.environment:create_file_with_runtime_dependencies(/home/robot/ros2_ws/install/controlador_base/share/colcon-core/packages/controlador_base)
[13.019s] DEBUG:colcon.colcon_core.event_handler.log_command:Invoked command in '/home/robot/ros2_ws/build/ydlidar_ros2_driver' returned '0': CMAKE_PREFIX_PATH=${CMAKE_PREFIX_PATH}:/opt/ros/jazzy DEBUGINFOD_URLS=https://debuginfod.ubuntu.com /usr/bin/cmake --build /home/robot/ros2_ws/build/ydlidar_ros2_driver -- -j4 -l4
[13.030s] DEBUG:colcon.colcon_core.event_handler.log_command:Invoking command in '/home/robot/ros2_ws/build/ydlidar_ros2_driver': CMAKE_PREFIX_PATH=${CMAKE_PREFIX_PATH}:/opt/ros/jazzy DEBUGINFOD_URLS=https://debuginfod.ubuntu.com /usr/bin/cmake --install /home/robot/ros2_ws/build/ydlidar_ros2_driver
[13.134s] Level 1:colcon.colcon_core.environment:create_environment_scripts_only(ydlidar_ros2_driver)
[13.135s] Level 1:colcon.colcon_core.environment:checking '/home/robot/ros2_ws/install/ydlidar_ros2_driver' for CMake module files
[13.136s] DEBUG:colcon.colcon_core.event_handler.log_command:Invoked command in '/home/robot/ros2_ws/build/ydlidar_ros2_driver' returned '0': CMAKE_PREFIX_PATH=${CMAKE_PREFIX_PATH}:/opt/ros/jazzy DEBUGINFOD_URLS=https://debuginfod.ubuntu.com /usr/bin/cmake --install /home/robot/ros2_ws/build/ydlidar_ros2_driver
[13.143s] Level 1:colcon.colcon_core.environment:checking '/home/robot/ros2_ws/install/ydlidar_ros2_driver' for CMake config files
[13.151s] Level 1:colcon.colcon_core.shell:create_environment_hook('ydlidar_ros2_driver', 'cmake_prefix_path')
[13.153s] INFO:colcon.colcon_core.shell:Creating environment hook '/home/robot/ros2_ws/install/ydlidar_ros2_driver/share/ydlidar_ros2_driver/hook/cmake_prefix_path.ps1'
[13.156s] INFO:colcon.colcon_core.shell:Creating environment descriptor '/home/robot/ros2_ws/install/ydlidar_ros2_driver/share/ydlidar_ros2_driver/hook/cmake_prefix_path.dsv'
[13.160s] INFO:colcon.colcon_core.shell:Creating environment hook '/home/robot/ros2_ws/install/ydlidar_ros2_driver/share/ydlidar_ros2_driver/hook/cmake_prefix_path.sh'
[13.163s] Level 1:colcon.colcon_core.environment:checking '/home/robot/ros2_ws/install/ydlidar_ros2_driver/lib'
[13.164s] Level 1:colcon.colcon_core.environment:checking '/home/robot/ros2_ws/install/ydlidar_ros2_driver/bin'
[13.164s] Level 1:colcon.colcon_core.environment:checking '/home/robot/ros2_ws/install/ydlidar_ros2_driver/lib/pkgconfig/ydlidar_ros2_driver.pc'
[13.166s] Level 1:colcon.colcon_core.environment:checking '/home/robot/ros2_ws/install/ydlidar_ros2_driver/lib/python3.12/site-packages'
[13.168s] Level 1:colcon.colcon_core.environment:checking '/home/robot/ros2_ws/install/ydlidar_ros2_driver/bin'
[13.169s] INFO:colcon.colcon_core.shell:Creating package script '/home/robot/ros2_ws/install/ydlidar_ros2_driver/share/ydlidar_ros2_driver/package.ps1'
[13.172s] INFO:colcon.colcon_core.shell:Creating package descriptor '/home/robot/ros2_ws/install/ydlidar_ros2_driver/share/ydlidar_ros2_driver/package.dsv'
[13.174s] INFO:colcon.colcon_core.shell:Creating package script '/home/robot/ros2_ws/install/ydlidar_ros2_driver/share/ydlidar_ros2_driver/package.sh'
[13.177s] INFO:colcon.colcon_core.shell:Creating package script '/home/robot/ros2_ws/install/ydlidar_ros2_driver/share/ydlidar_ros2_driver/package.bash'
[13.179s] INFO:colcon.colcon_core.shell:Creating package script '/home/robot/ros2_ws/install/ydlidar_ros2_driver/share/ydlidar_ros2_driver/package.zsh'
[13.181s] Level 1:colcon.colcon_core.environment:create_file_with_runtime_dependencies(/home/robot/ros2_ws/install/ydlidar_ros2_driver/share/colcon-core/packages/ydlidar_ros2_driver)
[13.186s] Level 1:colcon.colcon_core.environment:create_environment_scripts_only(ydlidar_ros2_driver)
[13.187s] Level 1:colcon.colcon_core.environment:checking '/home/robot/ros2_ws/install/ydlidar_ros2_driver' for CMake module files
[13.190s] Level 1:colcon.colcon_core.environment:checking '/home/robot/ros2_ws/install/ydlidar_ros2_driver' for CMake config files
[13.192s] Level 1:colcon.colcon_core.shell:create_environment_hook('ydlidar_ros2_driver', 'cmake_prefix_path')
[13.193s] INFO:colcon.colcon_core.shell:Creating environment hook '/home/robot/ros2_ws/install/ydlidar_ros2_driver/share/ydlidar_ros2_driver/hook/cmake_prefix_path.ps1'
[13.195s] INFO:colcon.colcon_core.shell:Creating environment descriptor '/home/robot/ros2_ws/install/ydlidar_ros2_driver/share/ydlidar_ros2_driver/hook/cmake_prefix_path.dsv'
[13.199s] INFO:colcon.colcon_core.shell:Creating environment hook '/home/robot/ros2_ws/install/ydlidar_ros2_driver/share/ydlidar_ros2_driver/hook/cmake_prefix_path.sh'
[13.202s] Level 1:colcon.colcon_core.environment:checking '/home/robot/ros2_ws/install/ydlidar_ros2_driver/lib'
[13.202s] Level 1:colcon.colcon_core.environment:checking '/home/robot/ros2_ws/install/ydlidar_ros2_driver/bin'
[13.203s] Level 1:colcon.colcon_core.environment:checking '/home/robot/ros2_ws/install/ydlidar_ros2_driver/lib/pkgconfig/ydlidar_ros2_driver.pc'
[13.204s] Level 1:colcon.colcon_core.environment:checking '/home/robot/ros2_ws/install/ydlidar_ros2_driver/lib/python3.12/site-packages'
[13.205s] Level 1:colcon.colcon_core.environment:checking '/home/robot/ros2_ws/install/ydlidar_ros2_driver/bin'
[13.206s] INFO:colcon.colcon_core.shell:Creating package script '/home/robot/ros2_ws/install/ydlidar_ros2_driver/share/ydlidar_ros2_driver/package.ps1'
[13.210s] INFO:colcon.colcon_core.shell:Creating package descriptor '/home/robot/ros2_ws/install/ydlidar_ros2_driver/share/ydlidar_ros2_driver/package.dsv'
[13.213s] INFO:colcon.colcon_core.shell:Creating package script '/home/robot/ros2_ws/install/ydlidar_ros2_driver/share/ydlidar_ros2_driver/package.sh'
[13.215s] INFO:colcon.colcon_core.shell:Creating package script '/home/robot/ros2_ws/install/ydlidar_ros2_driver/share/ydlidar_ros2_driver/package.bash'
[13.217s] INFO:colcon.colcon_core.shell:Creating package script '/home/robot/ros2_ws/install/ydlidar_ros2_driver/share/ydlidar_ros2_driver/package.zsh'
[13.219s] Level 1:colcon.colcon_core.environment:create_file_with_runtime_dependencies(/home/robot/ros2_ws/install/ydlidar_ros2_driver/share/colcon-core/packages/ydlidar_ros2_driver)
[14.040s] Level 1:colcon.colcon_core.environment:checking '/home/robot/ros2_ws/install/drivers' for CMake module files
[14.042s] DEBUG:colcon.colcon_core.event_handler.log_command:Invoked command in '/home/robot/ros2_ws/src/drivers' returned '0': DEBUGINFOD_URLS=https://debuginfod.ubuntu.com PYTHONPATH=/home/robot/ros2_ws/build/drivers/prefix_override:/usr/lib/python3/dist-packages/colcon_core/task/python/colcon_distutils_commands:/home/robot/ros2_ws/install/drivers/lib/python3.12/site-packages:${PYTHONPATH} /usr/bin/python3 -W ignore:setup.py install is deprecated -W ignore:easy_install command is deprecated setup.py egg_info --egg-base ../../build/drivers build --build-base /home/robot/ros2_ws/build/drivers/build install --record /home/robot/ros2_ws/build/drivers/install.log --single-version-externally-managed install_data
[14.044s] Level 1:colcon.colcon_core.environment:checking '/home/robot/ros2_ws/install/drivers' for CMake config files
[14.053s] Level 1:colcon.colcon_core.environment:checking '/home/robot/ros2_ws/install/drivers/lib'
[14.054s] Level 1:colcon.colcon_core.environment:checking '/home/robot/ros2_ws/install/drivers/bin'
[14.054s] Level 1:colcon.colcon_core.environment:checking '/home/robot/ros2_ws/install/drivers/lib/pkgconfig/drivers.pc'
[14.055s] Level 1:colcon.colcon_core.environment:checking '/home/robot/ros2_ws/install/drivers/lib/python3.12/site-packages'
[14.055s] Level 1:colcon.colcon_core.shell:create_environment_hook('drivers', 'pythonpath')
[14.056s] INFO:colcon.colcon_core.shell:Creating environment hook '/home/robot/ros2_ws/install/drivers/share/drivers/hook/pythonpath.ps1'
[14.058s] INFO:colcon.colcon_core.shell:Creating environment descriptor '/home/robot/ros2_ws/install/drivers/share/drivers/hook/pythonpath.dsv'
[14.061s] INFO:colcon.colcon_core.shell:Creating environment hook '/home/robot/ros2_ws/install/drivers/share/drivers/hook/pythonpath.sh'
[14.064s] Level 1:colcon.colcon_core.environment:checking '/home/robot/ros2_ws/install/drivers/bin'
[14.065s] Level 1:colcon.colcon_core.environment:create_environment_scripts_only(drivers)
[14.066s] INFO:colcon.colcon_core.shell:Creating package script '/home/robot/ros2_ws/install/drivers/share/drivers/package.ps1'
[14.068s] INFO:colcon.colcon_core.shell:Creating package descriptor '/home/robot/ros2_ws/install/drivers/share/drivers/package.dsv'
[14.071s] INFO:colcon.colcon_core.shell:Creating package script '/home/robot/ros2_ws/install/drivers/share/drivers/package.sh'
[14.073s] INFO:colcon.colcon_core.shell:Creating package script '/home/robot/ros2_ws/install/drivers/share/drivers/package.bash'
[14.075s] INFO:colcon.colcon_core.shell:Creating package script '/home/robot/ros2_ws/install/drivers/share/drivers/package.zsh'
[14.077s] Level 1:colcon.colcon_core.environment:create_file_with_runtime_dependencies(/home/robot/ros2_ws/install/drivers/share/colcon-core/packages/drivers)
[17.990s] DEBUG:colcon.colcon_core.event_handler.log_command:Invoked command in '/home/robot/ros2_ws/build/servo_interfaces' returned '0': CMAKE_PREFIX_PATH=${CMAKE_PREFIX_PATH}:/opt/ros/jazzy DEBUGINFOD_URLS=https://debuginfod.ubuntu.com /usr/bin/cmake /home/robot/ros2_ws/src/servo_interfaces -DCMAKE_INSTALL_PREFIX=/home/robot/ros2_ws/install/servo_interfaces
[17.996s] DEBUG:colcon.colcon_core.event_handler.log_command:Invoking command in '/home/robot/ros2_ws/build/servo_interfaces': CMAKE_PREFIX_PATH=${CMAKE_PREFIX_PATH}:/opt/ros/jazzy DEBUGINFOD_URLS=https://debuginfod.ubuntu.com /usr/bin/cmake --build /home/robot/ros2_ws/build/servo_interfaces -- -j4 -l4
[32.793s] DEBUG:colcon.colcon_core.event_handler.log_command:Invoked command in '/home/robot/ros2_ws/build/servo_interfaces' returned '0': CMAKE_PREFIX_PATH=${CMAKE_PREFIX_PATH}:/opt/ros/jazzy DEBUGINFOD_URLS=https://debuginfod.ubuntu.com /usr/bin/cmake --build /home/robot/ros2_ws/build/servo_interfaces -- -j4 -l4
[32.800s] DEBUG:colcon.colcon_core.event_handler.log_command:Invoking command in '/home/robot/ros2_ws/build/servo_interfaces': CMAKE_PREFIX_PATH=${CMAKE_PREFIX_PATH}:/opt/ros/jazzy DEBUGINFOD_URLS=https://debuginfod.ubuntu.com /usr/bin/cmake --install /home/robot/ros2_ws/build/servo_interfaces
[33.260s] Level 1:colcon.colcon_core.environment:create_environment_scripts_only(servo_interfaces)
[33.262s] Level 1:colcon.colcon_core.environment:checking '/home/robot/ros2_ws/install/servo_interfaces' for CMake module files
[33.262s] DEBUG:colcon.colcon_core.event_handler.log_command:Invoked command in '/home/robot/ros2_ws/build/servo_interfaces' returned '0': CMAKE_PREFIX_PATH=${CMAKE_PREFIX_PATH}:/opt/ros/jazzy DEBUGINFOD_URLS=https://debuginfod.ubuntu.com /usr/bin/cmake --install /home/robot/ros2_ws/build/servo_interfaces
[33.267s] Level 1:colcon.colcon_core.environment:checking '/home/robot/ros2_ws/install/servo_interfaces' for CMake config files
[33.269s] Level 1:colcon.colcon_core.shell:create_environment_hook('servo_interfaces', 'cmake_prefix_path')
[33.270s] INFO:colcon.colcon_core.shell:Creating environment hook '/home/robot/ros2_ws/install/servo_interfaces/share/servo_interfaces/hook/cmake_prefix_path.ps1'
[33.272s] INFO:colcon.colcon_core.shell:Creating environment descriptor '/home/robot/ros2_ws/install/servo_interfaces/share/servo_interfaces/hook/cmake_prefix_path.dsv'
[33.273s] INFO:colcon.colcon_core.shell:Creating environment hook '/home/robot/ros2_ws/install/servo_interfaces/share/servo_interfaces/hook/cmake_prefix_path.sh'
[33.276s] Level 1:colcon.colcon_core.environment:checking '/home/robot/ros2_ws/install/servo_interfaces/lib'
[33.276s] Level 1:colcon.colcon_core.shell:create_environment_hook('servo_interfaces', 'ld_library_path_lib')
[33.277s] INFO:colcon.colcon_core.shell:Creating environment hook '/home/robot/ros2_ws/install/servo_interfaces/share/servo_interfaces/hook/ld_library_path_lib.ps1'
[33.279s] INFO:colcon.colcon_core.shell:Creating environment descriptor '/home/robot/ros2_ws/install/servo_interfaces/share/servo_interfaces/hook/ld_library_path_lib.dsv'
[33.280s] INFO:colcon.colcon_core.shell:Creating environment hook '/home/robot/ros2_ws/install/servo_interfaces/share/servo_interfaces/hook/ld_library_path_lib.sh'
[33.282s] Level 1:colcon.colcon_core.environment:checking '/home/robot/ros2_ws/install/servo_interfaces/bin'
[33.282s] Level 1:colcon.colcon_core.environment:checking '/home/robot/ros2_ws/install/servo_interfaces/lib/pkgconfig/servo_interfaces.pc'
[33.283s] Level 1:colcon.colcon_core.environment:checking '/home/robot/ros2_ws/install/servo_interfaces/lib/python3.12/site-packages'
[33.284s] Level 1:colcon.colcon_core.shell:create_environment_hook('servo_interfaces', 'pythonpath')
[33.284s] INFO:colcon.colcon_core.shell:Creating environment hook '/home/robot/ros2_ws/install/servo_interfaces/share/servo_interfaces/hook/pythonpath.ps1'
[33.286s] INFO:colcon.colcon_core.shell:Creating environment descriptor '/home/robot/ros2_ws/install/servo_interfaces/share/servo_interfaces/hook/pythonpath.dsv'
[33.287s] INFO:colcon.colcon_core.shell:Creating environment hook '/home/robot/ros2_ws/install/servo_interfaces/share/servo_interfaces/hook/pythonpath.sh'
[33.290s] Level 1:colcon.colcon_core.environment:checking '/home/robot/ros2_ws/install/servo_interfaces/bin'
[33.291s] INFO:colcon.colcon_core.shell:Creating package script '/home/robot/ros2_ws/install/servo_interfaces/share/servo_interfaces/package.ps1'
[33.294s] INFO:colcon.colcon_core.shell:Creating package descriptor '/home/robot/ros2_ws/install/servo_interfaces/share/servo_interfaces/package.dsv'
[33.298s] INFO:colcon.colcon_core.shell:Creating package script '/home/robot/ros2_ws/install/servo_interfaces/share/servo_interfaces/package.sh'
[33.300s] INFO:colcon.colcon_core.shell:Creating package script '/home/robot/ros2_ws/install/servo_interfaces/share/servo_interfaces/package.bash'
[33.302s] INFO:colcon.colcon_core.shell:Creating package script '/home/robot/ros2_ws/install/servo_interfaces/share/servo_interfaces/package.zsh'
[33.304s] Level 1:colcon.colcon_core.environment:create_file_with_runtime_dependencies(/home/robot/ros2_ws/install/servo_interfaces/share/colcon-core/packages/servo_interfaces)
[33.307s] Level 1:colcon.colcon_core.environment:create_environment_scripts_only(servo_interfaces)
[33.308s] Level 1:colcon.colcon_core.environment:checking '/home/robot/ros2_ws/install/servo_interfaces' for CMake module files
[33.313s] Level 1:colcon.colcon_core.environment:checking '/home/robot/ros2_ws/install/servo_interfaces' for CMake config files
[33.316s] Level 1:colcon.colcon_core.shell:create_environment_hook('servo_interfaces', 'cmake_prefix_path')
[33.316s] INFO:colcon.colcon_core.shell:Creating environment hook '/home/robot/ros2_ws/install/servo_interfaces/share/servo_interfaces/hook/cmake_prefix_path.ps1'
[33.318s] INFO:colcon.colcon_core.shell:Creating environment descriptor '/home/robot/ros2_ws/install/servo_interfaces/share/servo_interfaces/hook/cmake_prefix_path.dsv'
[33.321s] INFO:colcon.colcon_core.shell:Creating environment hook '/home/robot/ros2_ws/install/servo_interfaces/share/servo_interfaces/hook/cmake_prefix_path.sh'
[33.324s] Level 1:colcon.colcon_core.environment:checking '/home/robot/ros2_ws/install/servo_interfaces/lib'
[33.324s] Level 1:colcon.colcon_core.shell:create_environment_hook('servo_interfaces', 'ld_library_path_lib')
[33.325s] INFO:colcon.colcon_core.shell:Creating environment hook '/home/robot/ros2_ws/install/servo_interfaces/share/servo_interfaces/hook/ld_library_path_lib.ps1'
[33.327s] INFO:colcon.colcon_core.shell:Creating environment descriptor '/home/robot/ros2_ws/install/servo_interfaces/share/servo_interfaces/hook/ld_library_path_lib.dsv'
[33.329s] INFO:colcon.colcon_core.shell:Creating environment hook '/home/robot/ros2_ws/install/servo_interfaces/share/servo_interfaces/hook/ld_library_path_lib.sh'
[33.331s] Level 1:colcon.colcon_core.environment:checking '/home/robot/ros2_ws/install/servo_interfaces/bin'
[33.331s] Level 1:colcon.colcon_core.environment:checking '/home/robot/ros2_ws/install/servo_interfaces/lib/pkgconfig/servo_interfaces.pc'
[33.332s] Level 1:colcon.colcon_core.environment:checking '/home/robot/ros2_ws/install/servo_interfaces/lib/python3.12/site-packages'
[33.332s] Level 1:colcon.colcon_core.shell:create_environment_hook('servo_interfaces', 'pythonpath')
[33.333s] INFO:colcon.colcon_core.shell:Creating environment hook '/home/robot/ros2_ws/install/servo_interfaces/share/servo_interfaces/hook/pythonpath.ps1'
[33.335s] INFO:colcon.colcon_core.shell:Creating environment descriptor '/home/robot/ros2_ws/install/servo_interfaces/share/servo_interfaces/hook/pythonpath.dsv'
[33.338s] INFO:colcon.colcon_core.shell:Creating environment hook '/home/robot/ros2_ws/install/servo_interfaces/share/servo_interfaces/hook/pythonpath.sh'
[33.341s] Level 1:colcon.colcon_core.environment:checking '/home/robot/ros2_ws/install/servo_interfaces/bin'
[33.343s] INFO:colcon.colcon_core.shell:Creating package script '/home/robot/ros2_ws/install/servo_interfaces/share/servo_interfaces/package.ps1'
[33.346s] INFO:colcon.colcon_core.shell:Creating package descriptor '/home/robot/ros2_ws/install/servo_interfaces/share/servo_interfaces/package.dsv'
[33.349s] INFO:colcon.colcon_core.shell:Creating package script '/home/robot/ros2_ws/install/servo_interfaces/share/servo_interfaces/package.sh'
[33.351s] INFO:colcon.colcon_core.shell:Creating package script '/home/robot/ros2_ws/install/servo_interfaces/share/servo_interfaces/package.bash'
[33.353s] INFO:colcon.colcon_core.shell:Creating package script '/home/robot/ros2_ws/install/servo_interfaces/share/servo_interfaces/package.zsh'
[33.355s] Level 1:colcon.colcon_core.environment:create_file_with_runtime_dependencies(/home/robot/ros2_ws/install/servo_interfaces/share/colcon-core/packages/servo_interfaces)
[33.357s] INFO:colcon.colcon_ros.task.ament_cmake.build:Building ROS package in '/home/robot/ros2_ws/src/controlador_servo' with build type 'ament_cmake'
[33.358s] INFO:colcon.colcon_cmake.task.cmake.build:Building CMake package in '/home/robot/ros2_ws/src/controlador_servo'
[33.359s] INFO:colcon.colcon_core.shell:Skip shell extension 'powershell' for command environment: Not usable outside of PowerShell
[33.359s] DEBUG:colcon.colcon_core.shell:Skip shell extension 'dsv' for command environment
[33.421s] DEBUG:colcon.colcon_core.event_handler.log_command:Invoking command in '/home/robot/ros2_ws/build/controlador_servo': AMENT_PREFIX_PATH=/home/robot/ros2_ws/install/servo_interfaces:${AMENT_PREFIX_PATH} CMAKE_PREFIX_PATH=/home/robot/ros2_ws/install/servo_interfaces:/opt/ros/jazzy/opt/gz_math_vendor:/opt/ros/jazzy/opt/gz_utils_vendor:/opt/ros/jazzy/opt/gz_cmake_vendor:/opt/ros/jazzy DEBUGINFOD_URLS=https://debuginfod.ubuntu.com LD_LIBRARY_PATH=/home/robot/ros2_ws/install/servo_interfaces/lib:${LD_LIBRARY_PATH} PYTHONPATH=/home/robot/ros2_ws/install/servo_interfaces/lib/python3.12/site-packages:${PYTHONPATH} /usr/bin/cmake --build /home/robot/ros2_ws/build/controlador_servo -- -j4 -l4
[35.316s] DEBUG:colcon.colcon_core.event_handler.log_command:Invoked command in '/home/robot/ros2_ws/build/controlador_servo' returned '0': AMENT_PREFIX_PATH=/home/robot/ros2_ws/install/servo_interfaces:${AMENT_PREFIX_PATH} CMAKE_PREFIX_PATH=/home/robot/ros2_ws/install/servo_interfaces:/opt/ros/jazzy/opt/gz_math_vendor:/opt/ros/jazzy/opt/gz_utils_vendor:/opt/ros/jazzy/opt/gz_cmake_vendor:/opt/ros/jazzy DEBUGINFOD_URLS=https://debuginfod.ubuntu.com LD_LIBRARY_PATH=/home/robot/ros2_ws/install/servo_interfaces/lib:${LD_LIBRARY_PATH} PYTHONPATH=/home/robot/ros2_ws/install/servo_interfaces/lib/python3.12/site-packages:${PYTHONPATH} /usr/bin/cmake --build /home/robot/ros2_ws/build/controlador_servo -- -j4 -l4
[35.323s] DEBUG:colcon.colcon_core.event_handler.log_command:Invoking command in '/home/robot/ros2_ws/build/controlador_servo': AMENT_PREFIX_PATH=/home/robot/ros2_ws/install/servo_interfaces:${AMENT_PREFIX_PATH} CMAKE_PREFIX_PATH=/home/robot/ros2_ws/install/servo_interfaces:/opt/ros/jazzy/opt/gz_math_vendor:/opt/ros/jazzy/opt/gz_utils_vendor:/opt/ros/jazzy/opt/gz_cmake_vendor:/opt/ros/jazzy DEBUGINFOD_URLS=https://debuginfod.ubuntu.com LD_LIBRARY_PATH=/home/robot/ros2_ws/install/servo_interfaces/lib:${LD_LIBRARY_PATH} PYTHONPATH=/home/robot/ros2_ws/install/servo_interfaces/lib/python3.12/site-packages:${PYTHONPATH} /usr/bin/cmake --install /home/robot/ros2_ws/build/controlador_servo
[35.397s] Level 1:colcon.colcon_core.environment:create_environment_scripts_only(controlador_servo)
[35.398s] Level 1:colcon.colcon_core.environment:checking '/home/robot/ros2_ws/install/controlador_servo' for CMake module files
[35.399s] DEBUG:colcon.colcon_core.event_handler.log_command:Invoked command in '/home/robot/ros2_ws/build/controlador_servo' returned '0': AMENT_PREFIX_PATH=/home/robot/ros2_ws/install/servo_interfaces:${AMENT_PREFIX_PATH} CMAKE_PREFIX_PATH=/home/robot/ros2_ws/install/servo_interfaces:/opt/ros/jazzy/opt/gz_math_vendor:/opt/ros/jazzy/opt/gz_utils_vendor:/opt/ros/jazzy/opt/gz_cmake_vendor:/opt/ros/jazzy DEBUGINFOD_URLS=https://debuginfod.ubuntu.com LD_LIBRARY_PATH=/home/robot/ros2_ws/install/servo_interfaces/lib:${LD_LIBRARY_PATH} PYTHONPATH=/home/robot/ros2_ws/install/servo_interfaces/lib/python3.12/site-packages:${PYTHONPATH} /usr/bin/cmake --install /home/robot/ros2_ws/build/controlador_servo
[35.406s] Level 1:colcon.colcon_core.environment:checking '/home/robot/ros2_ws/install/controlador_servo' for CMake config files
[35.416s] Level 1:colcon.colcon_core.shell:create_environment_hook('controlador_servo', 'cmake_prefix_path')
[35.416s] INFO:colcon.colcon_core.shell:Creating environment hook '/home/robot/ros2_ws/install/controlador_servo/share/controlador_servo/hook/cmake_prefix_path.ps1'
[35.418s] INFO:colcon.colcon_core.shell:Creating environment descriptor '/home/robot/ros2_ws/install/controlador_servo/share/controlador_servo/hook/cmake_prefix_path.dsv'
[35.420s] INFO:colcon.colcon_core.shell:Creating environment hook '/home/robot/ros2_ws/install/controlador_servo/share/controlador_servo/hook/cmake_prefix_path.sh'
[35.423s] Level 1:colcon.colcon_core.environment:checking '/home/robot/ros2_ws/install/controlador_servo/lib'
[35.424s] Level 1:colcon.colcon_core.shell:create_environment_hook('controlador_servo', 'ld_library_path_lib')
[35.424s] INFO:colcon.colcon_core.shell:Creating environment hook '/home/robot/ros2_ws/install/controlador_servo/share/controlador_servo/hook/ld_library_path_lib.ps1'
[35.426s] INFO:colcon.colcon_core.shell:Creating environment descriptor '/home/robot/ros2_ws/install/controlador_servo/share/controlador_servo/hook/ld_library_path_lib.dsv'
[35.428s] INFO:colcon.colcon_core.shell:Creating environment hook '/home/robot/ros2_ws/install/controlador_servo/share/controlador_servo/hook/ld_library_path_lib.sh'
[35.430s] Level 1:colcon.colcon_core.environment:checking '/home/robot/ros2_ws/install/controlador_servo/bin'
[35.431s] Level 1:colcon.colcon_core.environment:checking '/home/robot/ros2_ws/install/controlador_servo/lib/pkgconfig/controlador_servo.pc'
[35.432s] Level 1:colcon.colcon_core.environment:checking '/home/robot/ros2_ws/install/controlador_servo/lib/python3.12/site-packages'
[35.433s] Level 1:colcon.colcon_core.shell:create_environment_hook('controlador_servo', 'pythonpath')
[35.434s] INFO:colcon.colcon_core.shell:Creating environment hook '/home/robot/ros2_ws/install/controlador_servo/share/controlador_servo/hook/pythonpath.ps1'
[35.435s] INFO:colcon.colcon_core.shell:Creating environment descriptor '/home/robot/ros2_ws/install/controlador_servo/share/controlador_servo/hook/pythonpath.dsv'
[35.437s] INFO:colcon.colcon_core.shell:Creating environment hook '/home/robot/ros2_ws/install/controlador_servo/share/controlador_servo/hook/pythonpath.sh'
[35.440s] Level 1:colcon.colcon_core.environment:checking '/home/robot/ros2_ws/install/controlador_servo/bin'
[35.441s] INFO:colcon.colcon_core.shell:Creating package script '/home/robot/ros2_ws/install/controlador_servo/share/controlador_servo/package.ps1'
[35.444s] INFO:colcon.colcon_core.shell:Creating package descriptor '/home/robot/ros2_ws/install/controlador_servo/share/controlador_servo/package.dsv'
[35.446s] INFO:colcon.colcon_core.shell:Creating package script '/home/robot/ros2_ws/install/controlador_servo/share/controlador_servo/package.sh'
[35.448s] INFO:colcon.colcon_core.shell:Creating package script '/home/robot/ros2_ws/install/controlador_servo/share/controlador_servo/package.bash'
[35.449s] INFO:colcon.colcon_core.shell:Creating package script '/home/robot/ros2_ws/install/controlador_servo/share/controlador_servo/package.zsh'
[35.451s] Level 1:colcon.colcon_core.environment:create_file_with_runtime_dependencies(/home/robot/ros2_ws/install/controlador_servo/share/colcon-core/packages/controlador_servo)
[35.455s] Level 1:colcon.colcon_core.environment:create_environment_scripts_only(controlador_servo)
[35.456s] Level 1:colcon.colcon_core.environment:checking '/home/robot/ros2_ws/install/controlador_servo' for CMake module files
[35.460s] Level 1:colcon.colcon_core.environment:checking '/home/robot/ros2_ws/install/controlador_servo' for CMake config files
[35.463s] Level 1:colcon.colcon_core.shell:create_environment_hook('controlador_servo', 'cmake_prefix_path')
[35.464s] INFO:colcon.colcon_core.shell:Creating environment hook '/home/robot/ros2_ws/install/controlador_servo/share/controlador_servo/hook/cmake_prefix_path.ps1'
[35.466s] INFO:colcon.colcon_core.shell:Creating environment descriptor '/home/robot/ros2_ws/install/controlador_servo/share/controlador_servo/hook/cmake_prefix_path.dsv'
[35.470s] INFO:colcon.colcon_core.shell:Creating environment hook '/home/robot/ros2_ws/install/controlador_servo/share/controlador_servo/hook/cmake_prefix_path.sh'
[35.472s] Level 1:colcon.colcon_core.environment:checking '/home/robot/ros2_ws/install/controlador_servo/lib'
[35.473s] Level 1:colcon.colcon_core.shell:create_environment_hook('controlador_servo', 'ld_library_path_lib')
[35.474s] INFO:colcon.colcon_core.shell:Creating environment hook '/home/robot/ros2_ws/install/controlador_servo/share/controlador_servo/hook/ld_library_path_lib.ps1'
[35.476s] INFO:colcon.colcon_core.shell:Creating environment descriptor '/home/robot/ros2_ws/install/controlador_servo/share/controlador_servo/hook/ld_library_path_lib.dsv'
[35.477s] INFO:colcon.colcon_core.shell:Creating environment hook '/home/robot/ros2_ws/install/controlador_servo/share/controlador_servo/hook/ld_library_path_lib.sh'
[35.479s] Level 1:colcon.colcon_core.environment:checking '/home/robot/ros2_ws/install/controlador_servo/bin'
[35.479s] Level 1:colcon.colcon_core.environment:checking '/home/robot/ros2_ws/install/controlador_servo/lib/pkgconfig/controlador_servo.pc'
[35.480s] Level 1:colcon.colcon_core.environment:checking '/home/robot/ros2_ws/install/controlador_servo/lib/python3.12/site-packages'
[35.481s] Level 1:colcon.colcon_core.shell:create_environment_hook('controlador_servo', 'pythonpath')
[35.481s] INFO:colcon.colcon_core.shell:Creating environment hook '/home/robot/ros2_ws/install/controlador_servo/share/controlador_servo/hook/pythonpath.ps1'
[35.483s] INFO:colcon.colcon_core.shell:Creating environment descriptor '/home/robot/ros2_ws/install/controlador_servo/share/controlador_servo/hook/pythonpath.dsv'
[35.485s] INFO:colcon.colcon_core.shell:Creating environment hook '/home/robot/ros2_ws/install/controlador_servo/share/controlador_servo/hook/pythonpath.sh'
[35.488s] Level 1:colcon.colcon_core.environment:checking '/home/robot/ros2_ws/install/controlador_servo/bin'
[35.489s] INFO:colcon.colcon_core.shell:Creating package script '/home/robot/ros2_ws/install/controlador_servo/share/controlador_servo/package.ps1'
[35.492s] INFO:colcon.colcon_core.shell:Creating package descriptor '/home/robot/ros2_ws/install/controlador_servo/share/controlador_servo/package.dsv'
[35.494s] INFO:colcon.colcon_core.shell:Creating package script '/home/robot/ros2_ws/install/controlador_servo/share/controlador_servo/package.sh'
[35.496s] INFO:colcon.colcon_core.shell:Creating package script '/home/robot/ros2_ws/install/controlador_servo/share/controlador_servo/package.bash'
[35.498s] INFO:colcon.colcon_core.shell:Creating package script '/home/robot/ros2_ws/install/controlador_servo/share/controlador_servo/package.zsh'
[35.500s] Level 1:colcon.colcon_core.environment:create_file_with_runtime_dependencies(/home/robot/ros2_ws/install/controlador_servo/share/colcon-core/packages/controlador_servo)
[35.501s] DEBUG:colcon.colcon_parallel_executor.executor.parallel:closing loop
[35.503s] DEBUG:colcon.colcon_parallel_executor.executor.parallel:loop closed
[35.503s] DEBUG:colcon.colcon_parallel_executor.executor.parallel:run_until_complete finished with '0'
[35.503s] DEBUG:colcon.colcon_core.event_reactor:joining thread
[35.506s] DEBUG:colcon.colcon_core.event_reactor:joined thread
[35.507s] INFO:colcon.colcon_core.shell:Creating prefix script '/home/robot/ros2_ws/install/local_setup.ps1'
[35.510s] INFO:colcon.colcon_core.shell:Creating prefix util module '/home/robot/ros2_ws/install/_local_setup_util_ps1.py'
[35.514s] INFO:colcon.colcon_core.shell:Creating prefix chain script '/home/robot/ros2_ws/install/setup.ps1'
[35.518s] INFO:colcon.colcon_core.shell:Creating prefix script '/home/robot/ros2_ws/install/local_setup.sh'
[35.521s] INFO:colcon.colcon_core.shell:Creating prefix util module '/home/robot/ros2_ws/install/_local_setup_util_sh.py'
[35.524s] INFO:colcon.colcon_core.shell:Creating prefix chain script '/home/robot/ros2_ws/install/setup.sh'
[35.527s] INFO:colcon.colcon_core.shell:Creating prefix script '/home/robot/ros2_ws/install/local_setup.bash'
[35.529s] INFO:colcon.colcon_core.shell:Creating prefix chain script '/home/robot/ros2_ws/install/setup.bash'
[35.533s] INFO:colcon.colcon_core.shell:Creating prefix script '/home/robot/ros2_ws/install/local_setup.zsh'
[35.535s] INFO:colcon.colcon_core.shell:Creating prefix chain script '/home/robot/ros2_ws/install/setup.zsh'
