/home/robot/ros2_ws/install/drivers/lib/python3.12/site-packages/drivers/__init__.py
/home/robot/ros2_ws/install/drivers/lib/python3.12/site-packages/drivers/localizacao_angular.py
/home/robot/ros2_ws/install/drivers/lib/python3.12/site-packages/drivers/lidar_calibracao.py
/home/robot/ros2_ws/install/drivers/lib/python3.12/site-packages/drivers/lidar_diagnostico.py
/home/robot/ros2_ws/install/drivers/lib/python3.12/site-packages/drivers/lidar_node.py
/home/robot/ros2_ws/install/drivers/lib/python3.12/site-packages/drivers/__pycache__/__init__.cpython-312.pyc
/home/robot/ros2_ws/install/drivers/lib/python3.12/site-packages/drivers/__pycache__/localizacao_angular.cpython-312.pyc
/home/robot/ros2_ws/install/drivers/lib/python3.12/site-packages/drivers/__pycache__/lidar_calibracao.cpython-312.pyc
/home/robot/ros2_ws/install/drivers/lib/python3.12/site-packages/drivers/__pycache__/lidar_diagnostico.cpython-312.pyc
/home/robot/ros2_ws/install/drivers/lib/python3.12/site-packages/drivers/__pycache__/lidar_node.cpython-312.pyc
/home/robot/ros2_ws/install/drivers/share/ament_index/resource_index/packages/drivers
/home/robot/ros2_ws/install/drivers/share/drivers/package.xml
/home/robot/ros2_ws/install/drivers/lib/python3.12/site-packages/drivers-0.0.0-py3.12.egg-info/requires.txt
/home/robot/ros2_ws/install/drivers/lib/python3.12/site-packages/drivers-0.0.0-py3.12.egg-info/top_level.txt
/home/robot/ros2_ws/install/drivers/lib/python3.12/site-packages/drivers-0.0.0-py3.12.egg-info/zip-safe
/home/robot/ros2_ws/install/drivers/lib/python3.12/site-packages/drivers-0.0.0-py3.12.egg-info/PKG-INFO
/home/robot/ros2_ws/install/drivers/lib/python3.12/site-packages/drivers-0.0.0-py3.12.egg-info/SOURCES.txt
/home/robot/ros2_ws/install/drivers/lib/python3.12/site-packages/drivers-0.0.0-py3.12.egg-info/dependency_links.txt
/home/robot/ros2_ws/install/drivers/lib/python3.12/site-packages/drivers-0.0.0-py3.12.egg-info/entry_points.txt
/home/robot/ros2_ws/install/drivers/lib/drivers/lidar_calibracao
/home/robot/ros2_ws/install/drivers/lib/drivers/lidar_diagnostico
/home/robot/ros2_ws/install/drivers/lib/drivers/lidar_node
/home/robot/ros2_ws/install/drivers/lib/drivers/localizacao_angular
