running egg_info
creating ../../build/controlador_base/controlador_base.egg-info
writing ../../build/controlador_base/controlador_base.egg-info/PKG-INFO
writing dependency_links to ../../build/controlador_base/controlador_base.egg-info/dependency_links.txt
writing entry points to ../../build/controlador_base/controlador_base.egg-info/entry_points.txt
writing requirements to ../../build/controlador_base/controlador_base.egg-info/requires.txt
writing top-level names to ../../build/controlador_base/controlador_base.egg-info/top_level.txt
writing manifest file '../../build/controlador_base/controlador_base.egg-info/SOURCES.txt'
reading manifest file '../../build/controlador_base/controlador_base.egg-info/SOURCES.txt'
adding license file 'LICENSE'
writing manifest file '../../build/controlador_base/controlador_base.egg-info/SOURCES.txt'
running build
running build_py
creating /home/robot/ros2_ws/build/controlador_base/build
creating /home/robot/ros2_ws/build/controlador_base/build/lib
creating /home/robot/ros2_ws/build/controlador_base/build/lib/controlador_base
copying controlador_base/controlador_base.py -> /home/robot/ros2_ws/build/controlador_base/build/lib/controlador_base
copying controlador_base/__init__.py -> /home/robot/ros2_ws/build/controlador_base/build/lib/controlador_base
running install
running install_lib
creating /home/robot/ros2_ws/install/controlador_base/lib/python3.12/site-packages/controlador_base
copying /home/robot/ros2_ws/build/controlador_base/build/lib/controlador_base/controlador_base.py -> /home/robot/ros2_ws/install/controlador_base/lib/python3.12/site-packages/controlador_base
copying /home/robot/ros2_ws/build/controlador_base/build/lib/controlador_base/__init__.py -> /home/robot/ros2_ws/install/controlador_base/lib/python3.12/site-packages/controlador_base
byte-compiling /home/robot/ros2_ws/install/controlador_base/lib/python3.12/site-packages/controlador_base/controlador_base.py to controlador_base.cpython-312.pyc
byte-compiling /home/robot/ros2_ws/install/controlador_base/lib/python3.12/site-packages/controlador_base/__init__.py to __init__.cpython-312.pyc
running install_data
creating /home/robot/ros2_ws/install/controlador_base/share/ament_index
creating /home/robot/ros2_ws/install/controlador_base/share/ament_index/resource_index
creating /home/robot/ros2_ws/install/controlador_base/share/ament_index/resource_index/packages
copying resource/controlador_base -> /home/robot/ros2_ws/install/controlador_base/share/ament_index/resource_index/packages
copying package.xml -> /home/robot/ros2_ws/install/controlador_base/share/controlador_base
running install_egg_info
Copying ../../build/controlador_base/controlador_base.egg-info to /home/robot/ros2_ws/install/controlador_base/lib/python3.12/site-packages/controlador_base-0.0.0-py3.12.egg-info
running install_scripts
Installing controlador_base script to /home/robot/ros2_ws/install/controlador_base/lib/controlador_base
writing list of installed files to '/home/robot/ros2_ws/build/controlador_base/install.log'
