-- Found ament_cmake: 2.5.6 (/opt/ros/jazzy/share/ament_cmake/cmake)
-- Found rclpy: 7.1.11 (/opt/ros/jazzy/share/rclpy/cmake)
-- Found servo_interfaces: 0.0.0 (/home/robot/ros2_ws/install/servo_interfaces/share/servo_interfaces/cmake)
-- Found rosidl_generator_c: 4.6.7 (/opt/ros/jazzy/share/rosidl_generator_c/cmake)
-- Found rosidl_generator_cpp: 4.6.7 (/opt/ros/jazzy/share/rosidl_generator_cpp/cmake)
-- Using all available rosidl_typesupport_c: rosidl_typesupport_fastrtps_c;rosidl_typesupport_introspection_c
-- Using all available rosidl_typesupport_cpp: rosidl_typesupport_fastrtps_cpp;rosidl_typesupport_introspection_cpp
-- Found ament_lint_auto: 0.17.5 (/opt/ros/jazzy/share/ament_lint_auto/cmake)
-- Added test 'flake8' to check Python code syntax and style conventions
-- Configured 'flake8' exclude dirs and/or files: 
-- Added test 'lint_cmake' to check CMake code style
-- Added test 'pep257' to check Python code against some of the docstring style conventions in PEP 257
-- Added test 'xmllint' to check XML markup files
-- Configuring done (1.5s)
-- Generating done (0.0s)
-- Build files have been written to: /home/robot/ros2_ws/build/controlador_servo
-- Install configuration: ""
-- Installing: /home/robot/ros2_ws/install/controlador_servo/lib/controlador_servo/controlador_servo_node.py
-- Installing: /home/robot/ros2_ws/install/controlador_servo/share/ament_index/resource_index/package_run_dependencies/controlador_servo
-- Installing: /home/robot/ros2_ws/install/controlador_servo/share/ament_index/resource_index/parent_prefix_path/controlador_servo
-- Up-to-date: /home/robot/ros2_ws/install/controlador_servo/share/controlador_servo/environment/ament_prefix_path.sh
-- Up-to-date: /home/robot/ros2_ws/install/controlador_servo/share/controlador_servo/environment/ament_prefix_path.dsv
-- Up-to-date: /home/robot/ros2_ws/install/controlador_servo/share/controlador_servo/environment/path.sh
-- Up-to-date: /home/robot/ros2_ws/install/controlador_servo/share/controlador_servo/environment/path.dsv
-- Up-to-date: /home/robot/ros2_ws/install/controlador_servo/share/controlador_servo/local_setup.bash
-- Installing: /home/robot/ros2_ws/install/controlador_servo/share/controlador_servo/local_setup.sh
-- Up-to-date: /home/robot/ros2_ws/install/controlador_servo/share/controlador_servo/local_setup.zsh
-- Installing: /home/robot/ros2_ws/install/controlador_servo/share/controlador_servo/local_setup.dsv
-- Installing: /home/robot/ros2_ws/install/controlador_servo/share/controlador_servo/package.dsv
-- Up-to-date: /home/robot/ros2_ws/install/controlador_servo/share/ament_index/resource_index/packages/controlador_servo
-- Installing: /home/robot/ros2_ws/install/controlador_servo/share/controlador_servo/cmake/controlador_servoConfig.cmake
-- Up-to-date: /home/robot/ros2_ws/install/controlador_servo/share/controlador_servo/cmake/controlador_servoConfig-version.cmake
-- Installing: /home/robot/ros2_ws/install/controlador_servo/share/controlador_servo/package.xml
