[0.060s] Invoking command in '/home/robot/ros2_ws/build/controlador_servo': AMENT_PREFIX_PATH=/home/robot/ros2_ws/install/servo_interfaces:${AMENT_PREFIX_PATH} CMAKE_PREFIX_PATH=/home/robot/ros2_ws/install/servo_interfaces:/opt/ros/jazzy/opt/gz_math_vendor:/opt/ros/jazzy/opt/gz_utils_vendor:/opt/ros/jazzy/opt/gz_cmake_vendor:/opt/ros/jazzy DEBUGINFOD_URLS=https://debuginfod.ubuntu.com LD_LIBRARY_PATH=/home/robot/ros2_ws/install/servo_interfaces/lib:${LD_LIBRARY_PATH} PYTHONPATH=/home/robot/ros2_ws/install/servo_interfaces/lib/python3.12/site-packages:${PYTHONPATH} /usr/bin/cmake --build /home/robot/ros2_ws/build/controlador_servo -- -j4 -l4
[0.228s] -- Found ament_cmake: 2.5.6 (/opt/ros/jazzy/share/ament_cmake/cmake)
[0.744s] -- Found rclpy: 7.1.11 (/opt/ros/jazzy/share/rclpy/cmake)
[0.749s] -- Found servo_interfaces: 0.0.0 (/home/robot/ros2_ws/install/servo_interfaces/share/servo_interfaces/cmake)
[0.935s] -- Found rosidl_generator_c: 4.6.7 (/opt/ros/jazzy/share/rosidl_generator_c/cmake)
[0.976s] -- Found rosidl_generator_cpp: 4.6.7 (/opt/ros/jazzy/share/rosidl_generator_cpp/cmake)
[1.054s] -- Using all available rosidl_typesupport_c: rosidl_typesupport_fastrtps_c;rosidl_typesupport_introspection_c
[1.117s] -- Using all available rosidl_typesupport_cpp: rosidl_typesupport_fastrtps_cpp;rosidl_typesupport_introspection_cpp
[1.276s] -- Found ament_lint_auto: 0.17.5 (/opt/ros/jazzy/share/ament_lint_auto/cmake)
[1.723s] -- Added test 'flake8' to check Python code syntax and style conventions
[1.723s] -- Configured 'flake8' exclude dirs and/or files: 
[1.725s] -- Added test 'lint_cmake' to check CMake code style
[1.728s] -- Added test 'pep257' to check Python code against some of the docstring style conventions in PEP 257
[1.736s] -- Added test 'xmllint' to check XML markup files
[1.744s] -- Configuring done (1.5s)
[1.811s] -- Generating done (0.0s)
[1.830s] -- Build files have been written to: /home/robot/ros2_ws/build/controlador_servo
[1.956s] Invoked command in '/home/robot/ros2_ws/build/controlador_servo' returned '0': AMENT_PREFIX_PATH=/home/robot/ros2_ws/install/servo_interfaces:${AMENT_PREFIX_PATH} CMAKE_PREFIX_PATH=/home/robot/ros2_ws/install/servo_interfaces:/opt/ros/jazzy/opt/gz_math_vendor:/opt/ros/jazzy/opt/gz_utils_vendor:/opt/ros/jazzy/opt/gz_cmake_vendor:/opt/ros/jazzy DEBUGINFOD_URLS=https://debuginfod.ubuntu.com LD_LIBRARY_PATH=/home/robot/ros2_ws/install/servo_interfaces/lib:${LD_LIBRARY_PATH} PYTHONPATH=/home/robot/ros2_ws/install/servo_interfaces/lib/python3.12/site-packages:${PYTHONPATH} /usr/bin/cmake --build /home/robot/ros2_ws/build/controlador_servo -- -j4 -l4
[1.963s] Invoking command in '/home/robot/ros2_ws/build/controlador_servo': AMENT_PREFIX_PATH=/home/robot/ros2_ws/install/servo_interfaces:${AMENT_PREFIX_PATH} CMAKE_PREFIX_PATH=/home/robot/ros2_ws/install/servo_interfaces:/opt/ros/jazzy/opt/gz_math_vendor:/opt/ros/jazzy/opt/gz_utils_vendor:/opt/ros/jazzy/opt/gz_cmake_vendor:/opt/ros/jazzy DEBUGINFOD_URLS=https://debuginfod.ubuntu.com LD_LIBRARY_PATH=/home/robot/ros2_ws/install/servo_interfaces/lib:${LD_LIBRARY_PATH} PYTHONPATH=/home/robot/ros2_ws/install/servo_interfaces/lib/python3.12/site-packages:${PYTHONPATH} /usr/bin/cmake --install /home/robot/ros2_ws/build/controlador_servo
[2.007s] -- Install configuration: ""
[2.011s] -- Installing: /home/robot/ros2_ws/install/controlador_servo/lib/controlador_servo/controlador_servo_node.py
[2.013s] -- Installing: /home/robot/ros2_ws/install/controlador_servo/share/ament_index/resource_index/package_run_dependencies/controlador_servo
[2.015s] -- Installing: /home/robot/ros2_ws/install/controlador_servo/share/ament_index/resource_index/parent_prefix_path/controlador_servo
[2.017s] -- Up-to-date: /home/robot/ros2_ws/install/controlador_servo/share/controlador_servo/environment/ament_prefix_path.sh
[2.018s] -- Up-to-date: /home/robot/ros2_ws/install/controlador_servo/share/controlador_servo/environment/ament_prefix_path.dsv
[2.019s] -- Up-to-date: /home/robot/ros2_ws/install/controlador_servo/share/controlador_servo/environment/path.sh
[2.019s] -- Up-to-date: /home/robot/ros2_ws/install/controlador_servo/share/controlador_servo/environment/path.dsv
[2.020s] -- Up-to-date: /home/robot/ros2_ws/install/controlador_servo/share/controlador_servo/local_setup.bash
[2.020s] -- Installing: /home/robot/ros2_ws/install/controlador_servo/share/controlador_servo/local_setup.sh
[2.021s] -- Up-to-date: /home/robot/ros2_ws/install/controlador_servo/share/controlador_servo/local_setup.zsh
[2.022s] -- Installing: /home/robot/ros2_ws/install/controlador_servo/share/controlador_servo/local_setup.dsv
[2.024s] -- Installing: /home/robot/ros2_ws/install/controlador_servo/share/controlador_servo/package.dsv
[2.026s] -- Up-to-date: /home/robot/ros2_ws/install/controlador_servo/share/ament_index/resource_index/packages/controlador_servo
[2.027s] -- Installing: /home/robot/ros2_ws/install/controlador_servo/share/controlador_servo/cmake/controlador_servoConfig.cmake
[2.029s] -- Up-to-date: /home/robot/ros2_ws/install/controlador_servo/share/controlador_servo/cmake/controlador_servoConfig-version.cmake
[2.030s] -- Installing: /home/robot/ros2_ws/install/controlador_servo/share/controlador_servo/package.xml
[2.038s] Invoked command in '/home/robot/ros2_ws/build/controlador_servo' returned '0': AMENT_PREFIX_PATH=/home/robot/ros2_ws/install/servo_interfaces:${AMENT_PREFIX_PATH} CMAKE_PREFIX_PATH=/home/robot/ros2_ws/install/servo_interfaces:/opt/ros/jazzy/opt/gz_math_vendor:/opt/ros/jazzy/opt/gz_utils_vendor:/opt/ros/jazzy/opt/gz_cmake_vendor:/opt/ros/jazzy DEBUGINFOD_URLS=https://debuginfod.ubuntu.com LD_LIBRARY_PATH=/home/robot/ros2_ws/install/servo_interfaces/lib:${LD_LIBRARY_PATH} PYTHONPATH=/home/robot/ros2_ws/install/servo_interfaces/lib/python3.12/site-packages:${PYTHONPATH} /usr/bin/cmake --install /home/robot/ros2_ws/build/controlador_servo
