[4.800s] Invoking command in '/home/robot/ros2_ws/src/drivers': DEBUGINFOD_URLS=https://debuginfod.ubuntu.com PYTHONPATH=/home/robot/ros2_ws/build/drivers/prefix_override:/usr/lib/python3/dist-packages/colcon_core/task/python/colcon_distutils_commands:/home/robot/ros2_ws/install/drivers/lib/python3.12/site-packages:${PYTHONPATH} /usr/bin/python3 -W ignore:setup.py install is deprecated -W ignore:easy_install command is deprecated setup.py egg_info --egg-base ../../build/drivers build --build-base /home/robot/ros2_ws/build/drivers/build install --record /home/robot/ros2_ws/build/drivers/install.log --single-version-externally-managed install_data
[6.304s] running egg_info
[6.422s] writing ../../build/drivers/drivers.egg-info/PKG-INFO
[6.423s] writing dependency_links to ../../build/drivers/drivers.egg-info/dependency_links.txt
[6.430s] writing entry points to ../../build/drivers/drivers.egg-info/entry_points.txt
[6.452s] writing requirements to ../../build/drivers/drivers.egg-info/requires.txt
[6.455s] writing top-level names to ../../build/drivers/drivers.egg-info/top_level.txt
[6.702s] reading manifest file '../../build/drivers/drivers.egg-info/SOURCES.txt'
[6.707s] writing manifest file '../../build/drivers/drivers.egg-info/SOURCES.txt'
[6.707s] running build
[6.708s] running build_py
[6.709s] running install
[6.736s] running install_lib
[6.860s] running install_data
[6.861s] running install_egg_info
[6.990s] removing '/home/robot/ros2_ws/install/drivers/lib/python3.12/site-packages/drivers-0.0.0-py3.12.egg-info' (and everything under it)
[6.992s] Copying ../../build/drivers/drivers.egg-info to /home/robot/ros2_ws/install/drivers/lib/python3.12/site-packages/drivers-0.0.0-py3.12.egg-info
[6.999s] running install_scripts
[7.846s] Installing lidar_diagnostico script to /home/robot/ros2_ws/install/drivers/lib/drivers
[7.847s] Installing lidar_node script to /home/robot/ros2_ws/install/drivers/lib/drivers
[7.852s] writing list of installed files to '/home/robot/ros2_ws/build/drivers/install.log'
[8.017s] Invoked command in '/home/robot/ros2_ws/src/drivers' returned '0': DEBUGINFOD_URLS=https://debuginfod.ubuntu.com PYTHONPATH=/home/robot/ros2_ws/build/drivers/prefix_override:/usr/lib/python3/dist-packages/colcon_core/task/python/colcon_distutils_commands:/home/robot/ros2_ws/install/drivers/lib/python3.12/site-packages:${PYTHONPATH} /usr/bin/python3 -W ignore:setup.py install is deprecated -W ignore:easy_install command is deprecated setup.py egg_info --egg-base ../../build/drivers build --build-base /home/robot/ros2_ws/build/drivers/build install --record /home/robot/ros2_ws/build/drivers/install.log --single-version-externally-managed install_data
