[1.158s] Invoking command in '/home/robot/ros2_ws/build/ydlidar_ros2_driver': CMAKE_PREFIX_PATH=${CMAKE_PREFIX_PATH}:/home/robot/ros2_ws/install/drivers:/opt/ros/jazzy DEBUGINFOD_URLS=https://debuginfod.ubuntu.com /usr/bin/cmake --build /home/robot/ros2_ws/build/ydlidar_ros2_driver -- -j4 -l4
[1.521s] [100%] Built target ydlidar_ros2_driver_client
[1.522s] [100%] Built target ydlidar_ros2_driver_node
[1.584s] Invoked command in '/home/robot/ros2_ws/build/ydlidar_ros2_driver' returned '0': CMAKE_PREFIX_PATH=${CMAKE_PREFIX_PATH}:/home/robot/ros2_ws/install/drivers:/opt/ros/jazzy DEBUGINFOD_URLS=https://debuginfod.ubuntu.com /usr/bin/cmake --build /home/robot/ros2_ws/build/ydlidar_ros2_driver -- -j4 -l4
[1.639s] Invoking command in '/home/robot/ros2_ws/build/ydlidar_ros2_driver': CMAKE_PREFIX_PATH=${CMAKE_PREFIX_PATH}:/home/robot/ros2_ws/install/drivers:/opt/ros/jazzy DEBUGINFOD_URLS=https://debuginfod.ubuntu.com /usr/bin/cmake --install /home/robot/ros2_ws/build/ydlidar_ros2_driver
[1.689s] -- Install configuration: ""
[1.690s] -- Up-to-date: /home/robot/ros2_ws/install/ydlidar_ros2_driver/lib/ydlidar_ros2_driver/ydlidar_ros2_driver_node
[1.692s] -- Up-to-date: /home/robot/ros2_ws/install/ydlidar_ros2_driver/lib/ydlidar_ros2_driver/ydlidar_ros2_driver_client
[1.694s] -- Up-to-date: /home/robot/ros2_ws/install/ydlidar_ros2_driver/share/ydlidar_ros2_driver/launch
[1.695s] -- Up-to-date: /home/robot/ros2_ws/install/ydlidar_ros2_driver/share/ydlidar_ros2_driver/launch/ydlidar_launch.py
[1.696s] -- Up-to-date: /home/robot/ros2_ws/install/ydlidar_ros2_driver/share/ydlidar_ros2_driver/launch/ydlidar_launch_view.py
[1.696s] -- Up-to-date: /home/robot/ros2_ws/install/ydlidar_ros2_driver/share/ydlidar_ros2_driver/launch/ydlidar.py
[1.697s] -- Up-to-date: /home/robot/ros2_ws/install/ydlidar_ros2_driver/share/ydlidar_ros2_driver/params
[1.701s] -- Up-to-date: /home/robot/ros2_ws/install/ydlidar_ros2_driver/share/ydlidar_ros2_driver/params/X2.yaml
[1.702s] -- Up-to-date: /home/robot/ros2_ws/install/ydlidar_ros2_driver/share/ydlidar_ros2_driver/params/X4-Pro.yaml
[1.703s] -- Up-to-date: /home/robot/ros2_ws/install/ydlidar_ros2_driver/share/ydlidar_ros2_driver/params/G1.yaml
[1.703s] -- Up-to-date: /home/robot/ros2_ws/install/ydlidar_ros2_driver/share/ydlidar_ros2_driver/params/GS2.yaml
[1.704s] -- Up-to-date: /home/robot/ros2_ws/install/ydlidar_ros2_driver/share/ydlidar_ros2_driver/params/TminiPro.yaml
[1.704s] -- Up-to-date: /home/robot/ros2_ws/install/ydlidar_ros2_driver/share/ydlidar_ros2_driver/params/G2.yaml
[1.706s] -- Up-to-date: /home/robot/ros2_ws/install/ydlidar_ros2_driver/share/ydlidar_ros2_driver/params/TEA.yaml
[1.706s] -- Up-to-date: /home/robot/ros2_ws/install/ydlidar_ros2_driver/share/ydlidar_ros2_driver/params/TG.yaml
[1.707s] -- Up-to-date: /home/robot/ros2_ws/install/ydlidar_ros2_driver/share/ydlidar_ros2_driver/params/X4.yaml
[1.708s] -- Up-to-date: /home/robot/ros2_ws/install/ydlidar_ros2_driver/share/ydlidar_ros2_driver/params/ydlidar.yaml
[1.709s] -- Up-to-date: /home/robot/ros2_ws/install/ydlidar_ros2_driver/share/ydlidar_ros2_driver/params/G6.yaml
[1.709s] -- Up-to-date: /home/robot/ros2_ws/install/ydlidar_ros2_driver/share/ydlidar_ros2_driver/startup
[1.710s] -- Up-to-date: /home/robot/ros2_ws/install/ydlidar_ros2_driver/share/ydlidar_ros2_driver/startup/initenv.sh
[1.710s] -- Up-to-date: /home/robot/ros2_ws/install/ydlidar_ros2_driver/share/ydlidar_ros2_driver/config
[1.711s] -- Up-to-date: /home/robot/ros2_ws/install/ydlidar_ros2_driver/share/ydlidar_ros2_driver/config/ydlidar.rviz
[1.711s] -- Up-to-date: /home/robot/ros2_ws/install/ydlidar_ros2_driver/share/ament_index/resource_index/package_run_dependencies/ydlidar_ros2_driver
[1.712s] -- Up-to-date: /home/robot/ros2_ws/install/ydlidar_ros2_driver/share/ament_index/resource_index/parent_prefix_path/ydlidar_ros2_driver
[1.713s] -- Up-to-date: /home/robot/ros2_ws/install/ydlidar_ros2_driver/share/ydlidar_ros2_driver/environment/ament_prefix_path.sh
[1.713s] -- Up-to-date: /home/robot/ros2_ws/install/ydlidar_ros2_driver/share/ydlidar_ros2_driver/environment/ament_prefix_path.dsv
[1.714s] -- Up-to-date: /home/robot/ros2_ws/install/ydlidar_ros2_driver/share/ydlidar_ros2_driver/environment/path.sh
[1.715s] -- Up-to-date: /home/robot/ros2_ws/install/ydlidar_ros2_driver/share/ydlidar_ros2_driver/environment/path.dsv
[1.716s] -- Up-to-date: /home/robot/ros2_ws/install/ydlidar_ros2_driver/share/ydlidar_ros2_driver/local_setup.bash
[1.716s] -- Up-to-date: /home/robot/ros2_ws/install/ydlidar_ros2_driver/share/ydlidar_ros2_driver/local_setup.sh
[1.717s] -- Up-to-date: /home/robot/ros2_ws/install/ydlidar_ros2_driver/share/ydlidar_ros2_driver/local_setup.zsh
[1.717s] -- Up-to-date: /home/robot/ros2_ws/install/ydlidar_ros2_driver/share/ydlidar_ros2_driver/local_setup.dsv
[1.718s] -- Installing: /home/robot/ros2_ws/install/ydlidar_ros2_driver/share/ydlidar_ros2_driver/package.dsv
[1.722s] -- Up-to-date: /home/robot/ros2_ws/install/ydlidar_ros2_driver/share/ament_index/resource_index/packages/ydlidar_ros2_driver
[1.723s] -- Up-to-date: /home/robot/ros2_ws/install/ydlidar_ros2_driver/share/ydlidar_ros2_driver/cmake/ydlidar_ros2_driverConfig.cmake
[1.724s] -- Up-to-date: /home/robot/ros2_ws/install/ydlidar_ros2_driver/share/ydlidar_ros2_driver/cmake/ydlidar_ros2_driverConfig-version.cmake
[1.725s] -- Up-to-date: /home/robot/ros2_ws/install/ydlidar_ros2_driver/share/ydlidar_ros2_driver/package.xml
[1.726s] Invoked command in '/home/robot/ros2_ws/build/ydlidar_ros2_driver' returned '0': CMAKE_PREFIX_PATH=${CMAKE_PREFIX_PATH}:/home/robot/ros2_ws/install/drivers:/opt/ros/jazzy DEBUGINFOD_URLS=https://debuginfod.ubuntu.com /usr/bin/cmake --install /home/robot/ros2_ws/build/ydlidar_ros2_driver
