[0.467s] DEBUG:colcon:Command line arguments: ['/usr/bin/colcon', 'build']
[0.467s] DEBUG:colcon:Parsed command line arguments: Namespace(log_base=None, log_level=None, verb_name='build', build_base='build', install_base='install', merge_install=False, symlink_install=False, test_result_base=None, continue_on_error=False, executor='parallel', parallel_workers=4, event_handlers=None, ignore_user_meta=False, metas=['./colcon.meta'], base_paths=['.'], packages_ignore=None, packages_ignore_regex=None, paths=None, packages_up_to=None, packages_up_to_regex=None, packages_above=None, packages_above_and_dependencies=None, packages_above_depth=None, packages_select_by_dep=None, packages_skip_by_dep=None, packages_skip_up_to=None, packages_select_build_failed=False, packages_skip_build_finished=False, packages_select_test_failures=False, packages_skip_test_passed=False, packages_select=None, packages_skip=None, packages_select_regex=None, packages_skip_regex=None, packages_start=None, packages_end=None, allow_overriding=[], cmake_args=None, cmake_target=None, cmake_target_skip_unavailable=False, cmake_clean_cache=False, cmake_clean_first=False, cmake_force_configure=False, ament_cmake_args=None, catkin_cmake_args=None, catkin_skip_building_tests=False, mixin_files=None, mixin=None, verb_parser=<colcon_mixin.mixin.mixin_argument.MixinArgumentDecorator object at 0xffff853e46b0>, verb_extension=<colcon_core.verb.build.BuildVerb object at 0xffff855a0ec0>, main=<bound method BuildVerb.main of <colcon_core.verb.build.BuildVerb object at 0xffff855a0ec0>>, mixin_verb=('build',))
[0.637s] Level 1:colcon.colcon_core.package_discovery:discover_packages(colcon_meta) check parameters
[0.638s] Level 1:colcon.colcon_core.package_discovery:discover_packages(recursive) check parameters
[0.638s] Level 1:colcon.colcon_core.package_discovery:discover_packages(ignore) check parameters
[0.638s] Level 1:colcon.colcon_core.package_discovery:discover_packages(path) check parameters
[0.638s] Level 1:colcon.colcon_core.package_discovery:discover_packages(colcon_meta) discover
[0.638s] Level 1:colcon.colcon_core.package_discovery:discover_packages(recursive) discover
[0.639s] INFO:colcon.colcon_core.package_discovery:Crawling recursively for packages in '/home/robot/ros2_ws'
[0.639s] Level 1:colcon.colcon_core.package_identification:_identify(.) by extensions ['ignore', 'ignore_ament_install']
[0.639s] Level 1:colcon.colcon_core.package_identification:_identify(.) by extension 'ignore'
[0.639s] Level 1:colcon.colcon_core.package_identification:_identify(.) by extension 'ignore_ament_install'
[0.640s] Level 1:colcon.colcon_core.package_identification:_identify(.) by extensions ['colcon_pkg']
[0.640s] Level 1:colcon.colcon_core.package_identification:_identify(.) by extension 'colcon_pkg'
[0.640s] Level 1:colcon.colcon_core.package_identification:_identify(.) by extensions ['colcon_meta']
[0.640s] Level 1:colcon.colcon_core.package_identification:_identify(.) by extension 'colcon_meta'
[0.640s] Level 1:colcon.colcon_core.package_identification:_identify(.) by extensions ['ros']
[0.640s] Level 1:colcon.colcon_core.package_identification:_identify(.) by extension 'ros'
[0.745s] Level 1:colcon.colcon_core.package_identification:_identify(.) by extensions ['cmake', 'python']
[0.745s] Level 1:colcon.colcon_core.package_identification:_identify(.) by extension 'cmake'
[0.745s] Level 1:colcon.colcon_core.package_identification:_identify(.) by extension 'python'
[0.746s] Level 1:colcon.colcon_core.package_identification:_identify(.) by extensions ['python_setup_py']
[0.746s] Level 1:colcon.colcon_core.package_identification:_identify(.) by extension 'python_setup_py'
[0.746s] Level 1:colcon.colcon_core.package_identification:_identify(build) by extensions ['ignore', 'ignore_ament_install']
[0.747s] Level 1:colcon.colcon_core.package_identification:_identify(build) by extension 'ignore'
[0.747s] Level 1:colcon.colcon_core.package_identification:_identify(build) ignored
[0.747s] Level 1:colcon.colcon_core.package_identification:_identify(install) by extensions ['ignore', 'ignore_ament_install']
[0.748s] Level 1:colcon.colcon_core.package_identification:_identify(install) by extension 'ignore'
[0.748s] Level 1:colcon.colcon_core.package_identification:_identify(install) ignored
[0.748s] Level 1:colcon.colcon_core.package_identification:_identify(log) by extensions ['ignore', 'ignore_ament_install']
[0.749s] Level 1:colcon.colcon_core.package_identification:_identify(log) by extension 'ignore'
[0.749s] Level 1:colcon.colcon_core.package_identification:_identify(log) ignored
[0.749s] Level 1:colcon.colcon_core.package_identification:_identify(src) by extensions ['ignore', 'ignore_ament_install']
[0.749s] Level 1:colcon.colcon_core.package_identification:_identify(src) by extension 'ignore'
[0.750s] Level 1:colcon.colcon_core.package_identification:_identify(src) by extension 'ignore_ament_install'
[0.750s] Level 1:colcon.colcon_core.package_identification:_identify(src) by extensions ['colcon_pkg']
[0.750s] Level 1:colcon.colcon_core.package_identification:_identify(src) by extension 'colcon_pkg'
[0.750s] Level 1:colcon.colcon_core.package_identification:_identify(src) by extensions ['colcon_meta']
[0.750s] Level 1:colcon.colcon_core.package_identification:_identify(src) by extension 'colcon_meta'
[0.750s] Level 1:colcon.colcon_core.package_identification:_identify(src) by extensions ['ros']
[0.751s] Level 1:colcon.colcon_core.package_identification:_identify(src) by extension 'ros'
[0.751s] Level 1:colcon.colcon_core.package_identification:_identify(src) by extensions ['cmake', 'python']
[0.751s] Level 1:colcon.colcon_core.package_identification:_identify(src) by extension 'cmake'
[0.751s] Level 1:colcon.colcon_core.package_identification:_identify(src) by extension 'python'
[0.751s] Level 1:colcon.colcon_core.package_identification:_identify(src) by extensions ['python_setup_py']
[0.751s] Level 1:colcon.colcon_core.package_identification:_identify(src) by extension 'python_setup_py'
[0.752s] Level 1:colcon.colcon_core.package_identification:_identify(src/controlador_servo) by extensions ['ignore', 'ignore_ament_install']
[0.752s] Level 1:colcon.colcon_core.package_identification:_identify(src/controlador_servo) by extension 'ignore'
[0.752s] Level 1:colcon.colcon_core.package_identification:_identify(src/controlador_servo) by extension 'ignore_ament_install'
[0.753s] Level 1:colcon.colcon_core.package_identification:_identify(src/controlador_servo) by extensions ['colcon_pkg']
[0.753s] Level 1:colcon.colcon_core.package_identification:_identify(src/controlador_servo) by extension 'colcon_pkg'
[0.753s] Level 1:colcon.colcon_core.package_identification:_identify(src/controlador_servo) by extensions ['colcon_meta']
[0.753s] Level 1:colcon.colcon_core.package_identification:_identify(src/controlador_servo) by extension 'colcon_meta'
[0.753s] Level 1:colcon.colcon_core.package_identification:_identify(src/controlador_servo) by extensions ['ros']
[0.753s] Level 1:colcon.colcon_core.package_identification:_identify(src/controlador_servo) by extension 'ros'
[0.762s] DEBUG:colcon.colcon_core.package_identification:Package 'src/controlador_servo' with type 'ros.ament_cmake' and name 'controlador_servo'
[0.762s] Level 1:colcon.colcon_core.package_identification:_identify(src/drivers) by extensions ['ignore', 'ignore_ament_install']
[0.763s] Level 1:colcon.colcon_core.package_identification:_identify(src/drivers) by extension 'ignore'
[0.763s] Level 1:colcon.colcon_core.package_identification:_identify(src/drivers) by extension 'ignore_ament_install'
[0.763s] Level 1:colcon.colcon_core.package_identification:_identify(src/drivers) by extensions ['colcon_pkg']
[0.763s] Level 1:colcon.colcon_core.package_identification:_identify(src/drivers) by extension 'colcon_pkg'
[0.764s] Level 1:colcon.colcon_core.package_identification:_identify(src/drivers) by extensions ['colcon_meta']
[0.764s] Level 1:colcon.colcon_core.package_identification:_identify(src/drivers) by extension 'colcon_meta'
[0.764s] Level 1:colcon.colcon_core.package_identification:_identify(src/drivers) by extensions ['ros']
[0.764s] Level 1:colcon.colcon_core.package_identification:_identify(src/drivers) by extension 'ros'
[0.766s] DEBUG:colcon.colcon_core.package_identification:Package 'src/drivers' with type 'ros.ament_python' and name 'drivers'
[0.766s] Level 1:colcon.colcon_core.package_identification:_identify(src/ydlidar_ros2_driver) by extensions ['ignore', 'ignore_ament_install']
[0.767s] Level 1:colcon.colcon_core.package_identification:_identify(src/ydlidar_ros2_driver) by extension 'ignore'
[0.767s] Level 1:colcon.colcon_core.package_identification:_identify(src/ydlidar_ros2_driver) by extension 'ignore_ament_install'
[0.767s] Level 1:colcon.colcon_core.package_identification:_identify(src/ydlidar_ros2_driver) by extensions ['colcon_pkg']
[0.767s] Level 1:colcon.colcon_core.package_identification:_identify(src/ydlidar_ros2_driver) by extension 'colcon_pkg'
[0.767s] Level 1:colcon.colcon_core.package_identification:_identify(src/ydlidar_ros2_driver) by extensions ['colcon_meta']
[0.767s] Level 1:colcon.colcon_core.package_identification:_identify(src/ydlidar_ros2_driver) by extension 'colcon_meta'
[0.768s] Level 1:colcon.colcon_core.package_identification:_identify(src/ydlidar_ros2_driver) by extensions ['ros']
[0.768s] Level 1:colcon.colcon_core.package_identification:_identify(src/ydlidar_ros2_driver) by extension 'ros'
[0.770s] DEBUG:colcon.colcon_core.package_identification:Package 'src/ydlidar_ros2_driver' with type 'ros.ament_cmake' and name 'ydlidar_ros2_driver'
[0.770s] Level 1:colcon.colcon_core.package_discovery:discover_packages(recursive) using defaults
[0.770s] Level 1:colcon.colcon_core.package_discovery:discover_packages(ignore) discover
[0.770s] Level 1:colcon.colcon_core.package_discovery:discover_packages(ignore) using defaults
[0.770s] Level 1:colcon.colcon_core.package_discovery:discover_packages(path) discover
[0.770s] Level 1:colcon.colcon_core.package_discovery:discover_packages(path) using defaults
[0.840s] Level 1:colcon.colcon_core.package_discovery:discover_packages(prefix_path) check parameters
[0.840s] Level 1:colcon.colcon_core.package_discovery:discover_packages(prefix_path) discover
[0.849s] DEBUG:colcon.colcon_installed_package_information.package_discovery:Found 3 installed packages in /home/robot/ros2_ws/install
[0.860s] DEBUG:colcon.colcon_installed_package_information.package_discovery:Found 287 installed packages in /opt/ros/jazzy
[0.867s] Level 1:colcon.colcon_core.package_discovery:discover_packages(prefix_path) using defaults
[1.062s] Level 5:colcon.colcon_core.verb:set package 'controlador_servo' build argument 'cmake_args' from command line to 'None'
[1.062s] Level 5:colcon.colcon_core.verb:set package 'controlador_servo' build argument 'cmake_target' from command line to 'None'
[1.062s] Level 5:colcon.colcon_core.verb:set package 'controlador_servo' build argument 'cmake_target_skip_unavailable' from command line to 'False'
[1.063s] Level 5:colcon.colcon_core.verb:set package 'controlador_servo' build argument 'cmake_clean_cache' from command line to 'False'
[1.063s] Level 5:colcon.colcon_core.verb:set package 'controlador_servo' build argument 'cmake_clean_first' from command line to 'False'
[1.063s] Level 5:colcon.colcon_core.verb:set package 'controlador_servo' build argument 'cmake_force_configure' from command line to 'False'
[1.063s] Level 5:colcon.colcon_core.verb:set package 'controlador_servo' build argument 'ament_cmake_args' from command line to 'None'
[1.063s] Level 5:colcon.colcon_core.verb:set package 'controlador_servo' build argument 'catkin_cmake_args' from command line to 'None'
[1.063s] Level 5:colcon.colcon_core.verb:set package 'controlador_servo' build argument 'catkin_skip_building_tests' from command line to 'False'
[1.063s] DEBUG:colcon.colcon_core.verb:Building package 'controlador_servo' with the following arguments: {'ament_cmake_args': None, 'build_base': '/home/robot/ros2_ws/build/controlador_servo', 'catkin_cmake_args': None, 'catkin_skip_building_tests': False, 'cmake_args': None, 'cmake_clean_cache': False, 'cmake_clean_first': False, 'cmake_force_configure': False, 'cmake_target': None, 'cmake_target_skip_unavailable': False, 'install_base': '/home/robot/ros2_ws/install/controlador_servo', 'merge_install': False, 'path': '/home/robot/ros2_ws/src/controlador_servo', 'symlink_install': False, 'test_result_base': None}
[1.064s] Level 5:colcon.colcon_core.verb:set package 'drivers' build argument 'cmake_args' from command line to 'None'
[1.065s] Level 5:colcon.colcon_core.verb:set package 'drivers' build argument 'cmake_target' from command line to 'None'
[1.065s] Level 5:colcon.colcon_core.verb:set package 'drivers' build argument 'cmake_target_skip_unavailable' from command line to 'False'
[1.065s] Level 5:colcon.colcon_core.verb:set package 'drivers' build argument 'cmake_clean_cache' from command line to 'False'
[1.065s] Level 5:colcon.colcon_core.verb:set package 'drivers' build argument 'cmake_clean_first' from command line to 'False'
[1.065s] Level 5:colcon.colcon_core.verb:set package 'drivers' build argument 'cmake_force_configure' from command line to 'False'
[1.065s] Level 5:colcon.colcon_core.verb:set package 'drivers' build argument 'ament_cmake_args' from command line to 'None'
[1.065s] Level 5:colcon.colcon_core.verb:set package 'drivers' build argument 'catkin_cmake_args' from command line to 'None'
[1.065s] Level 5:colcon.colcon_core.verb:set package 'drivers' build argument 'catkin_skip_building_tests' from command line to 'False'
[1.065s] DEBUG:colcon.colcon_core.verb:Building package 'drivers' with the following arguments: {'ament_cmake_args': None, 'build_base': '/home/robot/ros2_ws/build/drivers', 'catkin_cmake_args': None, 'catkin_skip_building_tests': False, 'cmake_args': None, 'cmake_clean_cache': False, 'cmake_clean_first': False, 'cmake_force_configure': False, 'cmake_target': None, 'cmake_target_skip_unavailable': False, 'install_base': '/home/robot/ros2_ws/install/drivers', 'merge_install': False, 'path': '/home/robot/ros2_ws/src/drivers', 'symlink_install': False, 'test_result_base': None}
[1.067s] Level 5:colcon.colcon_core.verb:set package 'ydlidar_ros2_driver' build argument 'cmake_args' from command line to 'None'
[1.067s] Level 5:colcon.colcon_core.verb:set package 'ydlidar_ros2_driver' build argument 'cmake_target' from command line to 'None'
[1.067s] Level 5:colcon.colcon_core.verb:set package 'ydlidar_ros2_driver' build argument 'cmake_target_skip_unavailable' from command line to 'False'
[1.067s] Level 5:colcon.colcon_core.verb:set package 'ydlidar_ros2_driver' build argument 'cmake_clean_cache' from command line to 'False'
[1.067s] Level 5:colcon.colcon_core.verb:set package 'ydlidar_ros2_driver' build argument 'cmake_clean_first' from command line to 'False'
[1.067s] Level 5:colcon.colcon_core.verb:set package 'ydlidar_ros2_driver' build argument 'cmake_force_configure' from command line to 'False'
[1.067s] Level 5:colcon.colcon_core.verb:set package 'ydlidar_ros2_driver' build argument 'ament_cmake_args' from command line to 'None'
[1.067s] Level 5:colcon.colcon_core.verb:set package 'ydlidar_ros2_driver' build argument 'catkin_cmake_args' from command line to 'None'
[1.067s] Level 5:colcon.colcon_core.verb:set package 'ydlidar_ros2_driver' build argument 'catkin_skip_building_tests' from command line to 'False'
[1.067s] DEBUG:colcon.colcon_core.verb:Building package 'ydlidar_ros2_driver' with the following arguments: {'ament_cmake_args': None, 'build_base': '/home/robot/ros2_ws/build/ydlidar_ros2_driver', 'catkin_cmake_args': None, 'catkin_skip_building_tests': False, 'cmake_args': None, 'cmake_clean_cache': False, 'cmake_clean_first': False, 'cmake_force_configure': False, 'cmake_target': None, 'cmake_target_skip_unavailable': False, 'install_base': '/home/robot/ros2_ws/install/ydlidar_ros2_driver', 'merge_install': False, 'path': '/home/robot/ros2_ws/src/ydlidar_ros2_driver', 'symlink_install': False, 'test_result_base': None}
[1.068s] INFO:colcon.colcon_core.executor:Executing jobs using 'parallel' executor
[1.071s] DEBUG:colcon.colcon_parallel_executor.executor.parallel:run_until_complete
[1.072s] INFO:colcon.colcon_ros.task.ament_cmake.build:Building ROS package in '/home/robot/ros2_ws/src/controlador_servo' with build type 'ament_cmake'
[1.072s] INFO:colcon.colcon_cmake.task.cmake.build:Building CMake package in '/home/robot/ros2_ws/src/controlador_servo'
[1.080s] INFO:colcon.colcon_core.plugin_system:Skipping extension 'colcon_core.shell.bat': Not used on non-Windows systems
[1.081s] INFO:colcon.colcon_core.shell:Skip shell extension 'powershell' for command environment: Not usable outside of PowerShell
[1.081s] DEBUG:colcon.colcon_core.shell:Skip shell extension 'dsv' for command environment
[1.101s] INFO:colcon.colcon_ros.task.ament_python.build:Building ROS package in '/home/robot/ros2_ws/src/drivers' with build type 'ament_python'
[1.102s] Level 1:colcon.colcon_core.shell:create_environment_hook('drivers', 'ament_prefix_path')
[1.103s] INFO:colcon.colcon_core.shell:Creating environment hook '/home/robot/ros2_ws/install/drivers/share/drivers/hook/ament_prefix_path.ps1'
[1.105s] INFO:colcon.colcon_core.shell:Creating environment descriptor '/home/robot/ros2_ws/install/drivers/share/drivers/hook/ament_prefix_path.dsv'
[1.110s] INFO:colcon.colcon_core.shell:Creating environment hook '/home/robot/ros2_ws/install/drivers/share/drivers/hook/ament_prefix_path.sh'
[1.113s] INFO:colcon.colcon_core.shell:Skip shell extension 'powershell' for command environment: Not usable outside of PowerShell
[1.113s] DEBUG:colcon.colcon_core.shell:Skip shell extension 'dsv' for command environment
[1.133s] INFO:colcon.colcon_ros.task.ament_cmake.build:Building ROS package in '/home/robot/ros2_ws/src/ydlidar_ros2_driver' with build type 'ament_cmake'
[1.134s] INFO:colcon.colcon_cmake.task.cmake.build:Building CMake package in '/home/robot/ros2_ws/src/ydlidar_ros2_driver'
[1.134s] INFO:colcon.colcon_core.shell:Skip shell extension 'powershell' for command environment: Not usable outside of PowerShell
[1.135s] DEBUG:colcon.colcon_core.shell:Skip shell extension 'dsv' for command environment
[1.175s] DEBUG:colcon.colcon_core.event_handler.log_command:Invoking command in '/home/robot/ros2_ws/build/controlador_servo': CMAKE_PREFIX_PATH=${CMAKE_PREFIX_PATH}:/home/robot/ros2_ws/install/drivers:/opt/ros/jazzy DEBUGINFOD_URLS=https://debuginfod.ubuntu.com /usr/bin/cmake --build /home/robot/ros2_ws/build/controlador_servo -- -j4 -l4
[2.289s] INFO:colcon.colcon_core.task.python.build:Building Python package in '/home/robot/ros2_ws/src/drivers'
[2.290s] INFO:colcon.colcon_core.shell:Skip shell extension 'powershell' for command environment: Not usable outside of PowerShell
[2.290s] DEBUG:colcon.colcon_core.shell:Skip shell extension 'dsv' for command environment
[2.330s] DEBUG:colcon.colcon_core.event_handler.log_command:Invoking command in '/home/robot/ros2_ws/build/ydlidar_ros2_driver': CMAKE_PREFIX_PATH=${CMAKE_PREFIX_PATH}:/home/robot/ros2_ws/install/drivers:/opt/ros/jazzy DEBUGINFOD_URLS=https://debuginfod.ubuntu.com /usr/bin/cmake --build /home/robot/ros2_ws/build/ydlidar_ros2_driver -- -j4 -l4
[2.785s] DEBUG:colcon.colcon_core.event_handler.log_command:Invoked command in '/home/robot/ros2_ws/build/ydlidar_ros2_driver' returned '0': CMAKE_PREFIX_PATH=${CMAKE_PREFIX_PATH}:/home/robot/ros2_ws/install/drivers:/opt/ros/jazzy DEBUGINFOD_URLS=https://debuginfod.ubuntu.com /usr/bin/cmake --build /home/robot/ros2_ws/build/ydlidar_ros2_driver -- -j4 -l4
[2.860s] DEBUG:colcon.colcon_core.event_handler.log_command:Invoking command in '/home/robot/ros2_ws/build/ydlidar_ros2_driver': CMAKE_PREFIX_PATH=${CMAKE_PREFIX_PATH}:/home/robot/ros2_ws/install/drivers:/opt/ros/jazzy DEBUGINFOD_URLS=https://debuginfod.ubuntu.com /usr/bin/cmake --install /home/robot/ros2_ws/build/ydlidar_ros2_driver
[2.938s] Level 1:colcon.colcon_core.environment:create_environment_scripts_only(ydlidar_ros2_driver)
[2.951s] DEBUG:colcon.colcon_core.event_handler.log_command:Invoked command in '/home/robot/ros2_ws/build/ydlidar_ros2_driver' returned '0': CMAKE_PREFIX_PATH=${CMAKE_PREFIX_PATH}:/home/robot/ros2_ws/install/drivers:/opt/ros/jazzy DEBUGINFOD_URLS=https://debuginfod.ubuntu.com /usr/bin/cmake --install /home/robot/ros2_ws/build/ydlidar_ros2_driver
[2.961s] Level 1:colcon.colcon_core.environment:checking '/home/robot/ros2_ws/install/ydlidar_ros2_driver' for CMake module files
[2.965s] Level 1:colcon.colcon_core.environment:checking '/home/robot/ros2_ws/install/ydlidar_ros2_driver' for CMake config files
[2.968s] Level 1:colcon.colcon_core.shell:create_environment_hook('ydlidar_ros2_driver', 'cmake_prefix_path')
[2.969s] INFO:colcon.colcon_core.shell:Creating environment hook '/home/robot/ros2_ws/install/ydlidar_ros2_driver/share/ydlidar_ros2_driver/hook/cmake_prefix_path.ps1'
[2.971s] INFO:colcon.colcon_core.shell:Creating environment descriptor '/home/robot/ros2_ws/install/ydlidar_ros2_driver/share/ydlidar_ros2_driver/hook/cmake_prefix_path.dsv'
[2.974s] INFO:colcon.colcon_core.shell:Creating environment hook '/home/robot/ros2_ws/install/ydlidar_ros2_driver/share/ydlidar_ros2_driver/hook/cmake_prefix_path.sh'
[2.977s] Level 1:colcon.colcon_core.environment:checking '/home/robot/ros2_ws/install/ydlidar_ros2_driver/lib'
[2.978s] Level 1:colcon.colcon_core.environment:checking '/home/robot/ros2_ws/install/ydlidar_ros2_driver/bin'
[2.978s] Level 1:colcon.colcon_core.environment:checking '/home/robot/ros2_ws/install/ydlidar_ros2_driver/lib/pkgconfig/ydlidar_ros2_driver.pc'
[2.979s] Level 1:colcon.colcon_core.environment:checking '/home/robot/ros2_ws/install/ydlidar_ros2_driver/lib/python3.12/site-packages'
[2.981s] Level 1:colcon.colcon_core.environment:checking '/home/robot/ros2_ws/install/ydlidar_ros2_driver/bin'
[2.982s] INFO:colcon.colcon_core.shell:Creating package script '/home/robot/ros2_ws/install/ydlidar_ros2_driver/share/ydlidar_ros2_driver/package.ps1'
[2.986s] INFO:colcon.colcon_core.shell:Creating package descriptor '/home/robot/ros2_ws/install/ydlidar_ros2_driver/share/ydlidar_ros2_driver/package.dsv'
[2.989s] INFO:colcon.colcon_core.shell:Creating package script '/home/robot/ros2_ws/install/ydlidar_ros2_driver/share/ydlidar_ros2_driver/package.sh'
[2.992s] INFO:colcon.colcon_core.shell:Creating package script '/home/robot/ros2_ws/install/ydlidar_ros2_driver/share/ydlidar_ros2_driver/package.bash'
[2.996s] INFO:colcon.colcon_core.shell:Creating package script '/home/robot/ros2_ws/install/ydlidar_ros2_driver/share/ydlidar_ros2_driver/package.zsh'
[2.999s] Level 1:colcon.colcon_core.environment:create_file_with_runtime_dependencies(/home/robot/ros2_ws/install/ydlidar_ros2_driver/share/colcon-core/packages/ydlidar_ros2_driver)
[3.002s] Level 1:colcon.colcon_core.environment:create_environment_scripts_only(ydlidar_ros2_driver)
[3.003s] Level 1:colcon.colcon_core.environment:checking '/home/robot/ros2_ws/install/ydlidar_ros2_driver' for CMake module files
[3.007s] Level 1:colcon.colcon_core.environment:checking '/home/robot/ros2_ws/install/ydlidar_ros2_driver' for CMake config files
[3.009s] Level 1:colcon.colcon_core.shell:create_environment_hook('ydlidar_ros2_driver', 'cmake_prefix_path')
[3.010s] INFO:colcon.colcon_core.shell:Creating environment hook '/home/robot/ros2_ws/install/ydlidar_ros2_driver/share/ydlidar_ros2_driver/hook/cmake_prefix_path.ps1'
[3.012s] INFO:colcon.colcon_core.shell:Creating environment descriptor '/home/robot/ros2_ws/install/ydlidar_ros2_driver/share/ydlidar_ros2_driver/hook/cmake_prefix_path.dsv'
[3.015s] INFO:colcon.colcon_core.shell:Creating environment hook '/home/robot/ros2_ws/install/ydlidar_ros2_driver/share/ydlidar_ros2_driver/hook/cmake_prefix_path.sh'
[3.018s] Level 1:colcon.colcon_core.environment:checking '/home/robot/ros2_ws/install/ydlidar_ros2_driver/lib'
[3.019s] Level 1:colcon.colcon_core.environment:checking '/home/robot/ros2_ws/install/ydlidar_ros2_driver/bin'
[3.019s] Level 1:colcon.colcon_core.environment:checking '/home/robot/ros2_ws/install/ydlidar_ros2_driver/lib/pkgconfig/ydlidar_ros2_driver.pc'
[3.020s] Level 1:colcon.colcon_core.environment:checking '/home/robot/ros2_ws/install/ydlidar_ros2_driver/lib/python3.12/site-packages'
[3.022s] Level 1:colcon.colcon_core.environment:checking '/home/robot/ros2_ws/install/ydlidar_ros2_driver/bin'
[3.023s] INFO:colcon.colcon_core.shell:Creating package script '/home/robot/ros2_ws/install/ydlidar_ros2_driver/share/ydlidar_ros2_driver/package.ps1'
[3.027s] INFO:colcon.colcon_core.shell:Creating package descriptor '/home/robot/ros2_ws/install/ydlidar_ros2_driver/share/ydlidar_ros2_driver/package.dsv'
[3.029s] INFO:colcon.colcon_core.shell:Creating package script '/home/robot/ros2_ws/install/ydlidar_ros2_driver/share/ydlidar_ros2_driver/package.sh'
[3.032s] INFO:colcon.colcon_core.shell:Creating package script '/home/robot/ros2_ws/install/ydlidar_ros2_driver/share/ydlidar_ros2_driver/package.bash'
[3.035s] INFO:colcon.colcon_core.shell:Creating package script '/home/robot/ros2_ws/install/ydlidar_ros2_driver/share/ydlidar_ros2_driver/package.zsh'
[3.037s] Level 1:colcon.colcon_core.environment:create_file_with_runtime_dependencies(/home/robot/ros2_ws/install/ydlidar_ros2_driver/share/colcon-core/packages/ydlidar_ros2_driver)
[5.886s] DEBUG:colcon.colcon_core.event_handler.log_command:Invoking command in '/home/robot/ros2_ws/src/drivers': DEBUGINFOD_URLS=https://debuginfod.ubuntu.com PYTHONPATH=/home/robot/ros2_ws/build/drivers/prefix_override:/usr/lib/python3/dist-packages/colcon_core/task/python/colcon_distutils_commands:/home/robot/ros2_ws/install/drivers/lib/python3.12/site-packages:${PYTHONPATH} /usr/bin/python3 -W ignore:setup.py install is deprecated -W ignore:easy_install command is deprecated setup.py egg_info --egg-base ../../build/drivers build --build-base /home/robot/ros2_ws/build/drivers/build install --record /home/robot/ros2_ws/build/drivers/install.log --single-version-externally-managed install_data
[10.101s] Level 1:colcon.colcon_core.environment:checking '/home/robot/ros2_ws/install/drivers' for CMake module files
[10.103s] DEBUG:colcon.colcon_core.event_handler.log_command:Invoked command in '/home/robot/ros2_ws/src/drivers' returned '0': DEBUGINFOD_URLS=https://debuginfod.ubuntu.com PYTHONPATH=/home/robot/ros2_ws/build/drivers/prefix_override:/usr/lib/python3/dist-packages/colcon_core/task/python/colcon_distutils_commands:/home/robot/ros2_ws/install/drivers/lib/python3.12/site-packages:${PYTHONPATH} /usr/bin/python3 -W ignore:setup.py install is deprecated -W ignore:easy_install command is deprecated setup.py egg_info --egg-base ../../build/drivers build --build-base /home/robot/ros2_ws/build/drivers/build install --record /home/robot/ros2_ws/build/drivers/install.log --single-version-externally-managed install_data
[10.105s] Level 1:colcon.colcon_core.environment:checking '/home/robot/ros2_ws/install/drivers' for CMake config files
[10.108s] Level 1:colcon.colcon_core.environment:checking '/home/robot/ros2_ws/install/drivers/lib'
[10.109s] Level 1:colcon.colcon_core.environment:checking '/home/robot/ros2_ws/install/drivers/bin'
[10.109s] Level 1:colcon.colcon_core.environment:checking '/home/robot/ros2_ws/install/drivers/lib/pkgconfig/drivers.pc'
[10.110s] Level 1:colcon.colcon_core.environment:checking '/home/robot/ros2_ws/install/drivers/lib/python3.12/site-packages'
[10.111s] Level 1:colcon.colcon_core.shell:create_environment_hook('drivers', 'pythonpath')
[10.112s] INFO:colcon.colcon_core.shell:Creating environment hook '/home/robot/ros2_ws/install/drivers/share/drivers/hook/pythonpath.ps1'
[10.114s] INFO:colcon.colcon_core.shell:Creating environment descriptor '/home/robot/ros2_ws/install/drivers/share/drivers/hook/pythonpath.dsv'
[10.117s] INFO:colcon.colcon_core.shell:Creating environment hook '/home/robot/ros2_ws/install/drivers/share/drivers/hook/pythonpath.sh'
[10.121s] Level 1:colcon.colcon_core.environment:checking '/home/robot/ros2_ws/install/drivers/bin'
[10.121s] Level 1:colcon.colcon_core.environment:create_environment_scripts_only(drivers)
[10.122s] INFO:colcon.colcon_core.shell:Creating package script '/home/robot/ros2_ws/install/drivers/share/drivers/package.ps1'
[10.125s] INFO:colcon.colcon_core.shell:Creating package descriptor '/home/robot/ros2_ws/install/drivers/share/drivers/package.dsv'
[10.128s] INFO:colcon.colcon_core.shell:Creating package script '/home/robot/ros2_ws/install/drivers/share/drivers/package.sh'
[10.131s] INFO:colcon.colcon_core.shell:Creating package script '/home/robot/ros2_ws/install/drivers/share/drivers/package.bash'
[10.133s] INFO:colcon.colcon_core.shell:Creating package script '/home/robot/ros2_ws/install/drivers/share/drivers/package.zsh'
[10.136s] Level 1:colcon.colcon_core.environment:create_file_with_runtime_dependencies(/home/robot/ros2_ws/install/drivers/share/colcon-core/packages/drivers)
[22.864s] DEBUG:colcon.colcon_core.event_handler.log_command:Invoked command in '/home/robot/ros2_ws/build/controlador_servo' returned '0': CMAKE_PREFIX_PATH=${CMAKE_PREFIX_PATH}:/home/robot/ros2_ws/install/drivers:/opt/ros/jazzy DEBUGINFOD_URLS=https://debuginfod.ubuntu.com /usr/bin/cmake --build /home/robot/ros2_ws/build/controlador_servo -- -j4 -l4
[22.871s] DEBUG:colcon.colcon_core.event_handler.log_command:Invoking command in '/home/robot/ros2_ws/build/controlador_servo': CMAKE_PREFIX_PATH=${CMAKE_PREFIX_PATH}:/home/robot/ros2_ws/install/drivers:/opt/ros/jazzy DEBUGINFOD_URLS=https://debuginfod.ubuntu.com /usr/bin/cmake --install /home/robot/ros2_ws/build/controlador_servo
[23.330s] Level 1:colcon.colcon_core.environment:create_environment_scripts_only(controlador_servo)
[23.331s] Level 1:colcon.colcon_core.environment:checking '/home/robot/ros2_ws/install/controlador_servo' for CMake module files
[23.332s] DEBUG:colcon.colcon_core.event_handler.log_command:Invoked command in '/home/robot/ros2_ws/build/controlador_servo' returned '0': CMAKE_PREFIX_PATH=${CMAKE_PREFIX_PATH}:/home/robot/ros2_ws/install/drivers:/opt/ros/jazzy DEBUGINFOD_URLS=https://debuginfod.ubuntu.com /usr/bin/cmake --install /home/robot/ros2_ws/build/controlador_servo
[23.337s] Level 1:colcon.colcon_core.environment:checking '/home/robot/ros2_ws/install/controlador_servo' for CMake config files
[23.342s] Level 1:colcon.colcon_core.shell:create_environment_hook('controlador_servo', 'cmake_prefix_path')
[23.343s] INFO:colcon.colcon_core.shell:Creating environment hook '/home/robot/ros2_ws/install/controlador_servo/share/controlador_servo/hook/cmake_prefix_path.ps1'
[23.346s] INFO:colcon.colcon_core.shell:Creating environment descriptor '/home/robot/ros2_ws/install/controlador_servo/share/controlador_servo/hook/cmake_prefix_path.dsv'
[23.351s] INFO:colcon.colcon_core.shell:Creating environment hook '/home/robot/ros2_ws/install/controlador_servo/share/controlador_servo/hook/cmake_prefix_path.sh'
[23.354s] Level 1:colcon.colcon_core.environment:checking '/home/robot/ros2_ws/install/controlador_servo/lib'
[23.354s] Level 1:colcon.colcon_core.shell:create_environment_hook('controlador_servo', 'ld_library_path_lib')
[23.355s] INFO:colcon.colcon_core.shell:Creating environment hook '/home/robot/ros2_ws/install/controlador_servo/share/controlador_servo/hook/ld_library_path_lib.ps1'
[23.357s] INFO:colcon.colcon_core.shell:Creating environment descriptor '/home/robot/ros2_ws/install/controlador_servo/share/controlador_servo/hook/ld_library_path_lib.dsv'
[23.359s] INFO:colcon.colcon_core.shell:Creating environment hook '/home/robot/ros2_ws/install/controlador_servo/share/controlador_servo/hook/ld_library_path_lib.sh'
[23.361s] Level 1:colcon.colcon_core.environment:checking '/home/robot/ros2_ws/install/controlador_servo/bin'
[23.361s] Level 1:colcon.colcon_core.environment:checking '/home/robot/ros2_ws/install/controlador_servo/lib/pkgconfig/controlador_servo.pc'
[23.362s] Level 1:colcon.colcon_core.environment:checking '/home/robot/ros2_ws/install/controlador_servo/lib/python3.12/site-packages'
[23.363s] Level 1:colcon.colcon_core.shell:create_environment_hook('controlador_servo', 'pythonpath')
[23.363s] INFO:colcon.colcon_core.shell:Creating environment hook '/home/robot/ros2_ws/install/controlador_servo/share/controlador_servo/hook/pythonpath.ps1'
[23.366s] INFO:colcon.colcon_core.shell:Creating environment descriptor '/home/robot/ros2_ws/install/controlador_servo/share/controlador_servo/hook/pythonpath.dsv'
[23.367s] INFO:colcon.colcon_core.shell:Creating environment hook '/home/robot/ros2_ws/install/controlador_servo/share/controlador_servo/hook/pythonpath.sh'
[23.370s] Level 1:colcon.colcon_core.environment:checking '/home/robot/ros2_ws/install/controlador_servo/bin'
[23.371s] INFO:colcon.colcon_core.shell:Creating package script '/home/robot/ros2_ws/install/controlador_servo/share/controlador_servo/package.ps1'
[23.374s] INFO:colcon.colcon_core.shell:Creating package descriptor '/home/robot/ros2_ws/install/controlador_servo/share/controlador_servo/package.dsv'
[23.377s] INFO:colcon.colcon_core.shell:Creating package script '/home/robot/ros2_ws/install/controlador_servo/share/controlador_servo/package.sh'
[23.379s] INFO:colcon.colcon_core.shell:Creating package script '/home/robot/ros2_ws/install/controlador_servo/share/controlador_servo/package.bash'
[23.381s] INFO:colcon.colcon_core.shell:Creating package script '/home/robot/ros2_ws/install/controlador_servo/share/controlador_servo/package.zsh'
[23.383s] Level 1:colcon.colcon_core.environment:create_file_with_runtime_dependencies(/home/robot/ros2_ws/install/controlador_servo/share/colcon-core/packages/controlador_servo)
[23.386s] Level 1:colcon.colcon_core.environment:create_environment_scripts_only(controlador_servo)
[23.386s] Level 1:colcon.colcon_core.environment:checking '/home/robot/ros2_ws/install/controlador_servo' for CMake module files
[23.391s] Level 1:colcon.colcon_core.environment:checking '/home/robot/ros2_ws/install/controlador_servo' for CMake config files
[23.395s] Level 1:colcon.colcon_core.shell:create_environment_hook('controlador_servo', 'cmake_prefix_path')
[23.395s] INFO:colcon.colcon_core.shell:Creating environment hook '/home/robot/ros2_ws/install/controlador_servo/share/controlador_servo/hook/cmake_prefix_path.ps1'
[23.397s] INFO:colcon.colcon_core.shell:Creating environment descriptor '/home/robot/ros2_ws/install/controlador_servo/share/controlador_servo/hook/cmake_prefix_path.dsv'
[23.400s] INFO:colcon.colcon_core.shell:Creating environment hook '/home/robot/ros2_ws/install/controlador_servo/share/controlador_servo/hook/cmake_prefix_path.sh'
[23.403s] Level 1:colcon.colcon_core.environment:checking '/home/robot/ros2_ws/install/controlador_servo/lib'
[23.403s] Level 1:colcon.colcon_core.shell:create_environment_hook('controlador_servo', 'ld_library_path_lib')
[23.404s] INFO:colcon.colcon_core.shell:Creating environment hook '/home/robot/ros2_ws/install/controlador_servo/share/controlador_servo/hook/ld_library_path_lib.ps1'
[23.405s] INFO:colcon.colcon_core.shell:Creating environment descriptor '/home/robot/ros2_ws/install/controlador_servo/share/controlador_servo/hook/ld_library_path_lib.dsv'
[23.407s] INFO:colcon.colcon_core.shell:Creating environment hook '/home/robot/ros2_ws/install/controlador_servo/share/controlador_servo/hook/ld_library_path_lib.sh'
[23.409s] Level 1:colcon.colcon_core.environment:checking '/home/robot/ros2_ws/install/controlador_servo/bin'
[23.409s] Level 1:colcon.colcon_core.environment:checking '/home/robot/ros2_ws/install/controlador_servo/lib/pkgconfig/controlador_servo.pc'
[23.410s] Level 1:colcon.colcon_core.environment:checking '/home/robot/ros2_ws/install/controlador_servo/lib/python3.12/site-packages'
[23.410s] Level 1:colcon.colcon_core.shell:create_environment_hook('controlador_servo', 'pythonpath')
[23.411s] INFO:colcon.colcon_core.shell:Creating environment hook '/home/robot/ros2_ws/install/controlador_servo/share/controlador_servo/hook/pythonpath.ps1'
[23.413s] INFO:colcon.colcon_core.shell:Creating environment descriptor '/home/robot/ros2_ws/install/controlador_servo/share/controlador_servo/hook/pythonpath.dsv'
[23.414s] INFO:colcon.colcon_core.shell:Creating environment hook '/home/robot/ros2_ws/install/controlador_servo/share/controlador_servo/hook/pythonpath.sh'
[23.418s] Level 1:colcon.colcon_core.environment:checking '/home/robot/ros2_ws/install/controlador_servo/bin'
[23.419s] INFO:colcon.colcon_core.shell:Creating package script '/home/robot/ros2_ws/install/controlador_servo/share/controlador_servo/package.ps1'
[23.422s] INFO:colcon.colcon_core.shell:Creating package descriptor '/home/robot/ros2_ws/install/controlador_servo/share/controlador_servo/package.dsv'
[23.424s] INFO:colcon.colcon_core.shell:Creating package script '/home/robot/ros2_ws/install/controlador_servo/share/controlador_servo/package.sh'
[23.426s] INFO:colcon.colcon_core.shell:Creating package script '/home/robot/ros2_ws/install/controlador_servo/share/controlador_servo/package.bash'
[23.428s] INFO:colcon.colcon_core.shell:Creating package script '/home/robot/ros2_ws/install/controlador_servo/share/controlador_servo/package.zsh'
[23.430s] Level 1:colcon.colcon_core.environment:create_file_with_runtime_dependencies(/home/robot/ros2_ws/install/controlador_servo/share/colcon-core/packages/controlador_servo)
[23.431s] DEBUG:colcon.colcon_parallel_executor.executor.parallel:closing loop
[23.432s] DEBUG:colcon.colcon_parallel_executor.executor.parallel:loop closed
[23.433s] DEBUG:colcon.colcon_parallel_executor.executor.parallel:run_until_complete finished with '0'
[23.433s] DEBUG:colcon.colcon_core.event_reactor:joining thread
[23.435s] DEBUG:colcon.colcon_core.event_reactor:joined thread
[23.436s] INFO:colcon.colcon_core.shell:Creating prefix script '/home/robot/ros2_ws/install/local_setup.ps1'
[23.439s] INFO:colcon.colcon_core.shell:Creating prefix util module '/home/robot/ros2_ws/install/_local_setup_util_ps1.py'
[23.444s] INFO:colcon.colcon_core.shell:Creating prefix chain script '/home/robot/ros2_ws/install/setup.ps1'
[23.451s] INFO:colcon.colcon_core.shell:Creating prefix script '/home/robot/ros2_ws/install/local_setup.sh'
[23.454s] INFO:colcon.colcon_core.shell:Creating prefix util module '/home/robot/ros2_ws/install/_local_setup_util_sh.py'
[23.456s] INFO:colcon.colcon_core.shell:Creating prefix chain script '/home/robot/ros2_ws/install/setup.sh'
[23.461s] INFO:colcon.colcon_core.shell:Creating prefix script '/home/robot/ros2_ws/install/local_setup.bash'
[23.463s] INFO:colcon.colcon_core.shell:Creating prefix chain script '/home/robot/ros2_ws/install/setup.bash'
[23.467s] INFO:colcon.colcon_core.shell:Creating prefix script '/home/robot/ros2_ws/install/local_setup.zsh'
[23.469s] INFO:colcon.colcon_core.shell:Creating prefix chain script '/home/robot/ros2_ws/install/setup.zsh'
