[0.469s] DEBUG:colcon:Command line arguments: ['/usr/bin/colcon', 'build']
[0.469s] DEBUG:colcon:Parsed command line arguments: Namespace(log_base=None, log_level=None, verb_name='build', build_base='build', install_base='install', merge_install=False, symlink_install=False, test_result_base=None, continue_on_error=False, executor='parallel', parallel_workers=4, event_handlers=None, ignore_user_meta=False, metas=['./colcon.meta'], base_paths=['.'], packages_ignore=None, packages_ignore_regex=None, paths=None, packages_up_to=None, packages_up_to_regex=None, packages_above=None, packages_above_and_dependencies=None, packages_above_depth=None, packages_select_by_dep=None, packages_skip_by_dep=None, packages_skip_up_to=None, packages_select_build_failed=False, packages_skip_build_finished=False, packages_select_test_failures=False, packages_skip_test_passed=False, packages_select=None, packages_skip=None, packages_select_regex=None, packages_skip_regex=None, packages_start=None, packages_end=None, allow_overriding=[], cmake_args=None, cmake_target=None, cmake_target_skip_unavailable=False, cmake_clean_cache=False, cmake_clean_first=False, cmake_force_configure=False, ament_cmake_args=None, catkin_cmake_args=None, catkin_skip_building_tests=False, mixin_files=None, mixin=None, verb_parser=<colcon_mixin.mixin.mixin_argument.MixinArgumentDecorator object at 0xffffb6b9c680>, verb_extension=<colcon_core.verb.build.BuildVerb object at 0xffffb6d58d10>, main=<bound method BuildVerb.main of <colcon_core.verb.build.BuildVerb object at 0xffffb6d58d10>>, mixin_verb=('build',))
[0.640s] Level 1:colcon.colcon_core.package_discovery:discover_packages(colcon_meta) check parameters
[0.640s] Level 1:colcon.colcon_core.package_discovery:discover_packages(recursive) check parameters
[0.640s] Level 1:colcon.colcon_core.package_discovery:discover_packages(ignore) check parameters
[0.641s] Level 1:colcon.colcon_core.package_discovery:discover_packages(path) check parameters
[0.641s] Level 1:colcon.colcon_core.package_discovery:discover_packages(colcon_meta) discover
[0.641s] Level 1:colcon.colcon_core.package_discovery:discover_packages(recursive) discover
[0.641s] INFO:colcon.colcon_core.package_discovery:Crawling recursively for packages in '/home/robot/ros2_ws'
[0.641s] Level 1:colcon.colcon_core.package_identification:_identify(.) by extensions ['ignore', 'ignore_ament_install']
[0.642s] Level 1:colcon.colcon_core.package_identification:_identify(.) by extension 'ignore'
[0.642s] Level 1:colcon.colcon_core.package_identification:_identify(.) by extension 'ignore_ament_install'
[0.642s] Level 1:colcon.colcon_core.package_identification:_identify(.) by extensions ['colcon_pkg']
[0.642s] Level 1:colcon.colcon_core.package_identification:_identify(.) by extension 'colcon_pkg'
[0.643s] Level 1:colcon.colcon_core.package_identification:_identify(.) by extensions ['colcon_meta']
[0.643s] Level 1:colcon.colcon_core.package_identification:_identify(.) by extension 'colcon_meta'
[0.643s] Level 1:colcon.colcon_core.package_identification:_identify(.) by extensions ['ros']
[0.643s] Level 1:colcon.colcon_core.package_identification:_identify(.) by extension 'ros'
[0.748s] Level 1:colcon.colcon_core.package_identification:_identify(.) by extensions ['cmake', 'python']
[0.748s] Level 1:colcon.colcon_core.package_identification:_identify(.) by extension 'cmake'
[0.748s] Level 1:colcon.colcon_core.package_identification:_identify(.) by extension 'python'
[0.748s] Level 1:colcon.colcon_core.package_identification:_identify(.) by extensions ['python_setup_py']
[0.748s] Level 1:colcon.colcon_core.package_identification:_identify(.) by extension 'python_setup_py'
[0.749s] Level 1:colcon.colcon_core.package_identification:_identify(build) by extensions ['ignore', 'ignore_ament_install']
[0.749s] Level 1:colcon.colcon_core.package_identification:_identify(build) by extension 'ignore'
[0.750s] Level 1:colcon.colcon_core.package_identification:_identify(build) ignored
[0.750s] Level 1:colcon.colcon_core.package_identification:_identify(install) by extensions ['ignore', 'ignore_ament_install']
[0.750s] Level 1:colcon.colcon_core.package_identification:_identify(install) by extension 'ignore'
[0.751s] Level 1:colcon.colcon_core.package_identification:_identify(install) ignored
[0.751s] Level 1:colcon.colcon_core.package_identification:_identify(log) by extensions ['ignore', 'ignore_ament_install']
[0.751s] Level 1:colcon.colcon_core.package_identification:_identify(log) by extension 'ignore'
[0.752s] Level 1:colcon.colcon_core.package_identification:_identify(log) ignored
[0.752s] Level 1:colcon.colcon_core.package_identification:_identify(src) by extensions ['ignore', 'ignore_ament_install']
[0.752s] Level 1:colcon.colcon_core.package_identification:_identify(src) by extension 'ignore'
[0.752s] Level 1:colcon.colcon_core.package_identification:_identify(src) by extension 'ignore_ament_install'
[0.753s] Level 1:colcon.colcon_core.package_identification:_identify(src) by extensions ['colcon_pkg']
[0.753s] Level 1:colcon.colcon_core.package_identification:_identify(src) by extension 'colcon_pkg'
[0.753s] Level 1:colcon.colcon_core.package_identification:_identify(src) by extensions ['colcon_meta']
[0.753s] Level 1:colcon.colcon_core.package_identification:_identify(src) by extension 'colcon_meta'
[0.753s] Level 1:colcon.colcon_core.package_identification:_identify(src) by extensions ['ros']
[0.753s] Level 1:colcon.colcon_core.package_identification:_identify(src) by extension 'ros'
[0.754s] Level 1:colcon.colcon_core.package_identification:_identify(src) by extensions ['cmake', 'python']
[0.754s] Level 1:colcon.colcon_core.package_identification:_identify(src) by extension 'cmake'
[0.754s] Level 1:colcon.colcon_core.package_identification:_identify(src) by extension 'python'
[0.754s] Level 1:colcon.colcon_core.package_identification:_identify(src) by extensions ['python_setup_py']
[0.754s] Level 1:colcon.colcon_core.package_identification:_identify(src) by extension 'python_setup_py'
[0.755s] Level 1:colcon.colcon_core.package_identification:_identify(src/controlador_servo) by extensions ['ignore', 'ignore_ament_install']
[0.755s] Level 1:colcon.colcon_core.package_identification:_identify(src/controlador_servo) by extension 'ignore'
[0.755s] Level 1:colcon.colcon_core.package_identification:_identify(src/controlador_servo) by extension 'ignore_ament_install'
[0.755s] Level 1:colcon.colcon_core.package_identification:_identify(src/controlador_servo) by extensions ['colcon_pkg']
[0.755s] Level 1:colcon.colcon_core.package_identification:_identify(src/controlador_servo) by extension 'colcon_pkg'
[0.756s] Level 1:colcon.colcon_core.package_identification:_identify(src/controlador_servo) by extensions ['colcon_meta']
[0.756s] Level 1:colcon.colcon_core.package_identification:_identify(src/controlador_servo) by extension 'colcon_meta'
[0.756s] Level 1:colcon.colcon_core.package_identification:_identify(src/controlador_servo) by extensions ['ros']
[0.756s] Level 1:colcon.colcon_core.package_identification:_identify(src/controlador_servo) by extension 'ros'
[0.764s] DEBUG:colcon.colcon_core.package_identification:Package 'src/controlador_servo' with type 'ros.ament_cmake' and name 'controlador_servo'
[0.765s] Level 1:colcon.colcon_core.package_identification:_identify(src/drivers) by extensions ['ignore', 'ignore_ament_install']
[0.765s] Level 1:colcon.colcon_core.package_identification:_identify(src/drivers) by extension 'ignore'
[0.766s] Level 1:colcon.colcon_core.package_identification:_identify(src/drivers) by extension 'ignore_ament_install'
[0.766s] Level 1:colcon.colcon_core.package_identification:_identify(src/drivers) by extensions ['colcon_pkg']
[0.766s] Level 1:colcon.colcon_core.package_identification:_identify(src/drivers) by extension 'colcon_pkg'
[0.766s] Level 1:colcon.colcon_core.package_identification:_identify(src/drivers) by extensions ['colcon_meta']
[0.766s] Level 1:colcon.colcon_core.package_identification:_identify(src/drivers) by extension 'colcon_meta'
[0.766s] Level 1:colcon.colcon_core.package_identification:_identify(src/drivers) by extensions ['ros']
[0.766s] Level 1:colcon.colcon_core.package_identification:_identify(src/drivers) by extension 'ros'
[0.768s] DEBUG:colcon.colcon_core.package_identification:Package 'src/drivers' with type 'ros.ament_python' and name 'drivers'
[0.769s] Level 1:colcon.colcon_core.package_identification:_identify(src/ydlidar_ros2_driver) by extensions ['ignore', 'ignore_ament_install']
[0.769s] Level 1:colcon.colcon_core.package_identification:_identify(src/ydlidar_ros2_driver) by extension 'ignore'
[0.769s] Level 1:colcon.colcon_core.package_identification:_identify(src/ydlidar_ros2_driver) by extension 'ignore_ament_install'
[0.770s] Level 1:colcon.colcon_core.package_identification:_identify(src/ydlidar_ros2_driver) by extensions ['colcon_pkg']
[0.770s] Level 1:colcon.colcon_core.package_identification:_identify(src/ydlidar_ros2_driver) by extension 'colcon_pkg'
[0.770s] Level 1:colcon.colcon_core.package_identification:_identify(src/ydlidar_ros2_driver) by extensions ['colcon_meta']
[0.770s] Level 1:colcon.colcon_core.package_identification:_identify(src/ydlidar_ros2_driver) by extension 'colcon_meta'
[0.770s] Level 1:colcon.colcon_core.package_identification:_identify(src/ydlidar_ros2_driver) by extensions ['ros']
[0.770s] Level 1:colcon.colcon_core.package_identification:_identify(src/ydlidar_ros2_driver) by extension 'ros'
[0.772s] DEBUG:colcon.colcon_core.package_identification:Package 'src/ydlidar_ros2_driver' with type 'ros.ament_cmake' and name 'ydlidar_ros2_driver'
[0.772s] Level 1:colcon.colcon_core.package_discovery:discover_packages(recursive) using defaults
[0.773s] Level 1:colcon.colcon_core.package_discovery:discover_packages(ignore) discover
[0.773s] Level 1:colcon.colcon_core.package_discovery:discover_packages(ignore) using defaults
[0.773s] Level 1:colcon.colcon_core.package_discovery:discover_packages(path) discover
[0.773s] Level 1:colcon.colcon_core.package_discovery:discover_packages(path) using defaults
[0.842s] Level 1:colcon.colcon_core.package_discovery:discover_packages(prefix_path) check parameters
[0.842s] Level 1:colcon.colcon_core.package_discovery:discover_packages(prefix_path) discover
[0.858s] DEBUG:colcon.colcon_installed_package_information.package_discovery:Found 287 installed packages in /opt/ros/jazzy
[0.865s] Level 1:colcon.colcon_core.package_discovery:discover_packages(prefix_path) using defaults
[1.059s] Level 5:colcon.colcon_core.verb:set package 'controlador_servo' build argument 'cmake_args' from command line to 'None'
[1.059s] Level 5:colcon.colcon_core.verb:set package 'controlador_servo' build argument 'cmake_target' from command line to 'None'
[1.060s] Level 5:colcon.colcon_core.verb:set package 'controlador_servo' build argument 'cmake_target_skip_unavailable' from command line to 'False'
[1.060s] Level 5:colcon.colcon_core.verb:set package 'controlador_servo' build argument 'cmake_clean_cache' from command line to 'False'
[1.060s] Level 5:colcon.colcon_core.verb:set package 'controlador_servo' build argument 'cmake_clean_first' from command line to 'False'
[1.060s] Level 5:colcon.colcon_core.verb:set package 'controlador_servo' build argument 'cmake_force_configure' from command line to 'False'
[1.060s] Level 5:colcon.colcon_core.verb:set package 'controlador_servo' build argument 'ament_cmake_args' from command line to 'None'
[1.060s] Level 5:colcon.colcon_core.verb:set package 'controlador_servo' build argument 'catkin_cmake_args' from command line to 'None'
[1.060s] Level 5:colcon.colcon_core.verb:set package 'controlador_servo' build argument 'catkin_skip_building_tests' from command line to 'False'
[1.060s] DEBUG:colcon.colcon_core.verb:Building package 'controlador_servo' with the following arguments: {'ament_cmake_args': None, 'build_base': '/home/robot/ros2_ws/build/controlador_servo', 'catkin_cmake_args': None, 'catkin_skip_building_tests': False, 'cmake_args': None, 'cmake_clean_cache': False, 'cmake_clean_first': False, 'cmake_force_configure': False, 'cmake_target': None, 'cmake_target_skip_unavailable': False, 'install_base': '/home/robot/ros2_ws/install/controlador_servo', 'merge_install': False, 'path': '/home/robot/ros2_ws/src/controlador_servo', 'symlink_install': False, 'test_result_base': None}
[1.062s] Level 5:colcon.colcon_core.verb:set package 'drivers' build argument 'cmake_args' from command line to 'None'
[1.062s] Level 5:colcon.colcon_core.verb:set package 'drivers' build argument 'cmake_target' from command line to 'None'
[1.062s] Level 5:colcon.colcon_core.verb:set package 'drivers' build argument 'cmake_target_skip_unavailable' from command line to 'False'
[1.062s] Level 5:colcon.colcon_core.verb:set package 'drivers' build argument 'cmake_clean_cache' from command line to 'False'
[1.062s] Level 5:colcon.colcon_core.verb:set package 'drivers' build argument 'cmake_clean_first' from command line to 'False'
[1.062s] Level 5:colcon.colcon_core.verb:set package 'drivers' build argument 'cmake_force_configure' from command line to 'False'
[1.062s] Level 5:colcon.colcon_core.verb:set package 'drivers' build argument 'ament_cmake_args' from command line to 'None'
[1.062s] Level 5:colcon.colcon_core.verb:set package 'drivers' build argument 'catkin_cmake_args' from command line to 'None'
[1.062s] Level 5:colcon.colcon_core.verb:set package 'drivers' build argument 'catkin_skip_building_tests' from command line to 'False'
[1.063s] DEBUG:colcon.colcon_core.verb:Building package 'drivers' with the following arguments: {'ament_cmake_args': None, 'build_base': '/home/robot/ros2_ws/build/drivers', 'catkin_cmake_args': None, 'catkin_skip_building_tests': False, 'cmake_args': None, 'cmake_clean_cache': False, 'cmake_clean_first': False, 'cmake_force_configure': False, 'cmake_target': None, 'cmake_target_skip_unavailable': False, 'install_base': '/home/robot/ros2_ws/install/drivers', 'merge_install': False, 'path': '/home/robot/ros2_ws/src/drivers', 'symlink_install': False, 'test_result_base': None}
[1.064s] Level 5:colcon.colcon_core.verb:set package 'ydlidar_ros2_driver' build argument 'cmake_args' from command line to 'None'
[1.064s] Level 5:colcon.colcon_core.verb:set package 'ydlidar_ros2_driver' build argument 'cmake_target' from command line to 'None'
[1.064s] Level 5:colcon.colcon_core.verb:set package 'ydlidar_ros2_driver' build argument 'cmake_target_skip_unavailable' from command line to 'False'
[1.064s] Level 5:colcon.colcon_core.verb:set package 'ydlidar_ros2_driver' build argument 'cmake_clean_cache' from command line to 'False'
[1.064s] Level 5:colcon.colcon_core.verb:set package 'ydlidar_ros2_driver' build argument 'cmake_clean_first' from command line to 'False'
[1.064s] Level 5:colcon.colcon_core.verb:set package 'ydlidar_ros2_driver' build argument 'cmake_force_configure' from command line to 'False'
[1.064s] Level 5:colcon.colcon_core.verb:set package 'ydlidar_ros2_driver' build argument 'ament_cmake_args' from command line to 'None'
[1.064s] Level 5:colcon.colcon_core.verb:set package 'ydlidar_ros2_driver' build argument 'catkin_cmake_args' from command line to 'None'
[1.065s] Level 5:colcon.colcon_core.verb:set package 'ydlidar_ros2_driver' build argument 'catkin_skip_building_tests' from command line to 'False'
[1.065s] DEBUG:colcon.colcon_core.verb:Building package 'ydlidar_ros2_driver' with the following arguments: {'ament_cmake_args': None, 'build_base': '/home/robot/ros2_ws/build/ydlidar_ros2_driver', 'catkin_cmake_args': None, 'catkin_skip_building_tests': False, 'cmake_args': None, 'cmake_clean_cache': False, 'cmake_clean_first': False, 'cmake_force_configure': False, 'cmake_target': None, 'cmake_target_skip_unavailable': False, 'install_base': '/home/robot/ros2_ws/install/ydlidar_ros2_driver', 'merge_install': False, 'path': '/home/robot/ros2_ws/src/ydlidar_ros2_driver', 'symlink_install': False, 'test_result_base': None}
[1.065s] INFO:colcon.colcon_core.executor:Executing jobs using 'parallel' executor
[1.068s] DEBUG:colcon.colcon_parallel_executor.executor.parallel:run_until_complete
[1.069s] INFO:colcon.colcon_ros.task.ament_cmake.build:Building ROS package in '/home/robot/ros2_ws/src/controlador_servo' with build type 'ament_cmake'
[1.069s] INFO:colcon.colcon_cmake.task.cmake.build:Building CMake package in '/home/robot/ros2_ws/src/controlador_servo'
[1.078s] INFO:colcon.colcon_core.plugin_system:Skipping extension 'colcon_core.shell.bat': Not used on non-Windows systems
[1.078s] INFO:colcon.colcon_core.shell:Skip shell extension 'powershell' for command environment: Not usable outside of PowerShell
[1.079s] DEBUG:colcon.colcon_core.shell:Skip shell extension 'dsv' for command environment
[1.096s] INFO:colcon.colcon_ros.task.ament_python.build:Building ROS package in '/home/robot/ros2_ws/src/drivers' with build type 'ament_python'
[1.096s] Level 1:colcon.colcon_core.shell:create_environment_hook('drivers', 'ament_prefix_path')
[1.097s] INFO:colcon.colcon_core.shell:Creating environment hook '/home/robot/ros2_ws/install/drivers/share/drivers/hook/ament_prefix_path.ps1'
[1.100s] INFO:colcon.colcon_core.shell:Creating environment descriptor '/home/robot/ros2_ws/install/drivers/share/drivers/hook/ament_prefix_path.dsv'
[1.102s] INFO:colcon.colcon_core.shell:Creating environment hook '/home/robot/ros2_ws/install/drivers/share/drivers/hook/ament_prefix_path.sh'
[1.105s] INFO:colcon.colcon_core.shell:Skip shell extension 'powershell' for command environment: Not usable outside of PowerShell
[1.106s] DEBUG:colcon.colcon_core.shell:Skip shell extension 'dsv' for command environment
[1.122s] INFO:colcon.colcon_ros.task.ament_cmake.build:Building ROS package in '/home/robot/ros2_ws/src/ydlidar_ros2_driver' with build type 'ament_cmake'
[1.123s] INFO:colcon.colcon_cmake.task.cmake.build:Building CMake package in '/home/robot/ros2_ws/src/ydlidar_ros2_driver'
[1.124s] INFO:colcon.colcon_core.shell:Skip shell extension 'powershell' for command environment: Not usable outside of PowerShell
[1.124s] DEBUG:colcon.colcon_core.shell:Skip shell extension 'dsv' for command environment
[1.161s] DEBUG:colcon.colcon_core.event_handler.log_command:Invoking command in '/home/robot/ros2_ws/build/controlador_servo': CMAKE_PREFIX_PATH=${CMAKE_PREFIX_PATH}:/opt/ros/jazzy DEBUGINFOD_URLS=https://debuginfod.ubuntu.com /usr/bin/cmake --build /home/robot/ros2_ws/build/controlador_servo -- -j4 -l4
[2.330s] INFO:colcon.colcon_core.task.python.build:Building Python package in '/home/robot/ros2_ws/src/drivers'
[2.331s] INFO:colcon.colcon_core.shell:Skip shell extension 'powershell' for command environment: Not usable outside of PowerShell
[2.331s] DEBUG:colcon.colcon_core.shell:Skip shell extension 'dsv' for command environment
[2.378s] DEBUG:colcon.colcon_core.event_handler.log_command:Invoking command in '/home/robot/ros2_ws/build/ydlidar_ros2_driver': CMAKE_PREFIX_PATH=${CMAKE_PREFIX_PATH}:/opt/ros/jazzy DEBUGINFOD_URLS=https://debuginfod.ubuntu.com /usr/bin/cmake --build /home/robot/ros2_ws/build/ydlidar_ros2_driver -- -j4 -l4
[2.818s] DEBUG:colcon.colcon_core.event_handler.log_command:Invoked command in '/home/robot/ros2_ws/build/ydlidar_ros2_driver' returned '0': CMAKE_PREFIX_PATH=${CMAKE_PREFIX_PATH}:/opt/ros/jazzy DEBUGINFOD_URLS=https://debuginfod.ubuntu.com /usr/bin/cmake --build /home/robot/ros2_ws/build/ydlidar_ros2_driver -- -j4 -l4
[2.878s] DEBUG:colcon.colcon_core.event_handler.log_command:Invoking command in '/home/robot/ros2_ws/build/ydlidar_ros2_driver': CMAKE_PREFIX_PATH=${CMAKE_PREFIX_PATH}:/opt/ros/jazzy DEBUGINFOD_URLS=https://debuginfod.ubuntu.com /usr/bin/cmake --install /home/robot/ros2_ws/build/ydlidar_ros2_driver
[2.956s] Level 1:colcon.colcon_core.environment:create_environment_scripts_only(ydlidar_ros2_driver)
[2.970s] DEBUG:colcon.colcon_core.event_handler.log_command:Invoked command in '/home/robot/ros2_ws/build/ydlidar_ros2_driver' returned '0': CMAKE_PREFIX_PATH=${CMAKE_PREFIX_PATH}:/opt/ros/jazzy DEBUGINFOD_URLS=https://debuginfod.ubuntu.com /usr/bin/cmake --install /home/robot/ros2_ws/build/ydlidar_ros2_driver
[2.977s] Level 1:colcon.colcon_core.environment:checking '/home/robot/ros2_ws/install/ydlidar_ros2_driver' for CMake module files
[2.981s] Level 1:colcon.colcon_core.environment:checking '/home/robot/ros2_ws/install/ydlidar_ros2_driver' for CMake config files
[2.984s] Level 1:colcon.colcon_core.shell:create_environment_hook('ydlidar_ros2_driver', 'cmake_prefix_path')
[2.985s] INFO:colcon.colcon_core.shell:Creating environment hook '/home/robot/ros2_ws/install/ydlidar_ros2_driver/share/ydlidar_ros2_driver/hook/cmake_prefix_path.ps1'
[2.988s] INFO:colcon.colcon_core.shell:Creating environment descriptor '/home/robot/ros2_ws/install/ydlidar_ros2_driver/share/ydlidar_ros2_driver/hook/cmake_prefix_path.dsv'
[2.991s] INFO:colcon.colcon_core.shell:Creating environment hook '/home/robot/ros2_ws/install/ydlidar_ros2_driver/share/ydlidar_ros2_driver/hook/cmake_prefix_path.sh'
[2.995s] Level 1:colcon.colcon_core.environment:checking '/home/robot/ros2_ws/install/ydlidar_ros2_driver/lib'
[2.996s] Level 1:colcon.colcon_core.environment:checking '/home/robot/ros2_ws/install/ydlidar_ros2_driver/bin'
[2.996s] Level 1:colcon.colcon_core.environment:checking '/home/robot/ros2_ws/install/ydlidar_ros2_driver/lib/pkgconfig/ydlidar_ros2_driver.pc'
[3.007s] Level 1:colcon.colcon_core.environment:checking '/home/robot/ros2_ws/install/ydlidar_ros2_driver/lib/python3.12/site-packages'
[3.009s] Level 1:colcon.colcon_core.environment:checking '/home/robot/ros2_ws/install/ydlidar_ros2_driver/bin'
[3.011s] INFO:colcon.colcon_core.shell:Creating package script '/home/robot/ros2_ws/install/ydlidar_ros2_driver/share/ydlidar_ros2_driver/package.ps1'
[3.016s] INFO:colcon.colcon_core.shell:Creating package descriptor '/home/robot/ros2_ws/install/ydlidar_ros2_driver/share/ydlidar_ros2_driver/package.dsv'
[3.019s] INFO:colcon.colcon_core.shell:Creating package script '/home/robot/ros2_ws/install/ydlidar_ros2_driver/share/ydlidar_ros2_driver/package.sh'
[3.021s] INFO:colcon.colcon_core.shell:Creating package script '/home/robot/ros2_ws/install/ydlidar_ros2_driver/share/ydlidar_ros2_driver/package.bash'
[3.024s] INFO:colcon.colcon_core.shell:Creating package script '/home/robot/ros2_ws/install/ydlidar_ros2_driver/share/ydlidar_ros2_driver/package.zsh'
[3.028s] Level 1:colcon.colcon_core.environment:create_file_with_runtime_dependencies(/home/robot/ros2_ws/install/ydlidar_ros2_driver/share/colcon-core/packages/ydlidar_ros2_driver)
[3.031s] Level 1:colcon.colcon_core.environment:create_environment_scripts_only(ydlidar_ros2_driver)
[3.032s] Level 1:colcon.colcon_core.environment:checking '/home/robot/ros2_ws/install/ydlidar_ros2_driver' for CMake module files
[3.036s] Level 1:colcon.colcon_core.environment:checking '/home/robot/ros2_ws/install/ydlidar_ros2_driver' for CMake config files
[3.039s] Level 1:colcon.colcon_core.shell:create_environment_hook('ydlidar_ros2_driver', 'cmake_prefix_path')
[3.040s] INFO:colcon.colcon_core.shell:Creating environment hook '/home/robot/ros2_ws/install/ydlidar_ros2_driver/share/ydlidar_ros2_driver/hook/cmake_prefix_path.ps1'
[3.042s] INFO:colcon.colcon_core.shell:Creating environment descriptor '/home/robot/ros2_ws/install/ydlidar_ros2_driver/share/ydlidar_ros2_driver/hook/cmake_prefix_path.dsv'
[3.043s] INFO:colcon.colcon_core.shell:Creating environment hook '/home/robot/ros2_ws/install/ydlidar_ros2_driver/share/ydlidar_ros2_driver/hook/cmake_prefix_path.sh'
[3.046s] Level 1:colcon.colcon_core.environment:checking '/home/robot/ros2_ws/install/ydlidar_ros2_driver/lib'
[3.047s] Level 1:colcon.colcon_core.environment:checking '/home/robot/ros2_ws/install/ydlidar_ros2_driver/bin'
[3.047s] Level 1:colcon.colcon_core.environment:checking '/home/robot/ros2_ws/install/ydlidar_ros2_driver/lib/pkgconfig/ydlidar_ros2_driver.pc'
[3.048s] Level 1:colcon.colcon_core.environment:checking '/home/robot/ros2_ws/install/ydlidar_ros2_driver/lib/python3.12/site-packages'
[3.050s] Level 1:colcon.colcon_core.environment:checking '/home/robot/ros2_ws/install/ydlidar_ros2_driver/bin'
[3.051s] INFO:colcon.colcon_core.shell:Creating package script '/home/robot/ros2_ws/install/ydlidar_ros2_driver/share/ydlidar_ros2_driver/package.ps1'
[3.054s] INFO:colcon.colcon_core.shell:Creating package descriptor '/home/robot/ros2_ws/install/ydlidar_ros2_driver/share/ydlidar_ros2_driver/package.dsv'
[3.057s] INFO:colcon.colcon_core.shell:Creating package script '/home/robot/ros2_ws/install/ydlidar_ros2_driver/share/ydlidar_ros2_driver/package.sh'
[3.059s] INFO:colcon.colcon_core.shell:Creating package script '/home/robot/ros2_ws/install/ydlidar_ros2_driver/share/ydlidar_ros2_driver/package.bash'
[3.062s] INFO:colcon.colcon_core.shell:Creating package script '/home/robot/ros2_ws/install/ydlidar_ros2_driver/share/ydlidar_ros2_driver/package.zsh'
[3.064s] Level 1:colcon.colcon_core.environment:create_file_with_runtime_dependencies(/home/robot/ros2_ws/install/ydlidar_ros2_driver/share/colcon-core/packages/ydlidar_ros2_driver)
[5.897s] DEBUG:colcon.colcon_core.event_handler.log_command:Invoking command in '/home/robot/ros2_ws/src/drivers': DEBUGINFOD_URLS=https://debuginfod.ubuntu.com PYTHONPATH=/home/robot/ros2_ws/build/drivers/prefix_override:/usr/lib/python3/dist-packages/colcon_core/task/python/colcon_distutils_commands:/home/robot/ros2_ws/install/drivers/lib/python3.12/site-packages:${PYTHONPATH} /usr/bin/python3 -W ignore:setup.py install is deprecated -W ignore:easy_install command is deprecated setup.py egg_info --egg-base ../../build/drivers build --build-base /home/robot/ros2_ws/build/drivers/build install --record /home/robot/ros2_ws/build/drivers/install.log --single-version-externally-managed install_data
[9.112s] Level 1:colcon.colcon_core.environment:checking '/home/robot/ros2_ws/install/drivers' for CMake module files
[9.114s] DEBUG:colcon.colcon_core.event_handler.log_command:Invoked command in '/home/robot/ros2_ws/src/drivers' returned '0': DEBUGINFOD_URLS=https://debuginfod.ubuntu.com PYTHONPATH=/home/robot/ros2_ws/build/drivers/prefix_override:/usr/lib/python3/dist-packages/colcon_core/task/python/colcon_distutils_commands:/home/robot/ros2_ws/install/drivers/lib/python3.12/site-packages:${PYTHONPATH} /usr/bin/python3 -W ignore:setup.py install is deprecated -W ignore:easy_install command is deprecated setup.py egg_info --egg-base ../../build/drivers build --build-base /home/robot/ros2_ws/build/drivers/build install --record /home/robot/ros2_ws/build/drivers/install.log --single-version-externally-managed install_data
[9.116s] Level 1:colcon.colcon_core.environment:checking '/home/robot/ros2_ws/install/drivers' for CMake config files
[9.119s] Level 1:colcon.colcon_core.environment:checking '/home/robot/ros2_ws/install/drivers/lib'
[9.120s] Level 1:colcon.colcon_core.environment:checking '/home/robot/ros2_ws/install/drivers/bin'
[9.120s] Level 1:colcon.colcon_core.environment:checking '/home/robot/ros2_ws/install/drivers/lib/pkgconfig/drivers.pc'
[9.121s] Level 1:colcon.colcon_core.environment:checking '/home/robot/ros2_ws/install/drivers/lib/python3.12/site-packages'
[9.121s] Level 1:colcon.colcon_core.shell:create_environment_hook('drivers', 'pythonpath')
[9.122s] INFO:colcon.colcon_core.shell:Creating environment hook '/home/robot/ros2_ws/install/drivers/share/drivers/hook/pythonpath.ps1'
[9.124s] INFO:colcon.colcon_core.shell:Creating environment descriptor '/home/robot/ros2_ws/install/drivers/share/drivers/hook/pythonpath.dsv'
[9.127s] INFO:colcon.colcon_core.shell:Creating environment hook '/home/robot/ros2_ws/install/drivers/share/drivers/hook/pythonpath.sh'
[9.130s] Level 1:colcon.colcon_core.environment:checking '/home/robot/ros2_ws/install/drivers/bin'
[9.130s] Level 1:colcon.colcon_core.environment:create_environment_scripts_only(drivers)
[9.131s] INFO:colcon.colcon_core.shell:Creating package script '/home/robot/ros2_ws/install/drivers/share/drivers/package.ps1'
[9.134s] INFO:colcon.colcon_core.shell:Creating package descriptor '/home/robot/ros2_ws/install/drivers/share/drivers/package.dsv'
[9.136s] INFO:colcon.colcon_core.shell:Creating package script '/home/robot/ros2_ws/install/drivers/share/drivers/package.sh'
[9.140s] INFO:colcon.colcon_core.shell:Creating package script '/home/robot/ros2_ws/install/drivers/share/drivers/package.bash'
[9.142s] INFO:colcon.colcon_core.shell:Creating package script '/home/robot/ros2_ws/install/drivers/share/drivers/package.zsh'
[9.143s] Level 1:colcon.colcon_core.environment:create_file_with_runtime_dependencies(/home/robot/ros2_ws/install/drivers/share/colcon-core/packages/drivers)
[14.720s] DEBUG:colcon.colcon_core.event_handler.log_command:Invoked command in '/home/robot/ros2_ws/build/controlador_servo' returned '2': CMAKE_PREFIX_PATH=${CMAKE_PREFIX_PATH}:/opt/ros/jazzy DEBUGINFOD_URLS=https://debuginfod.ubuntu.com /usr/bin/cmake --build /home/robot/ros2_ws/build/controlador_servo -- -j4 -l4
[14.721s] Level 1:colcon.colcon_core.environment:create_environment_scripts_only(controlador_servo)
[14.722s] Level 1:colcon.colcon_core.environment:checking '/home/robot/ros2_ws/install/controlador_servo' for CMake module files
[14.726s] Level 1:colcon.colcon_core.environment:checking '/home/robot/ros2_ws/install/controlador_servo' for CMake config files
[14.728s] Level 1:colcon.colcon_core.shell:create_environment_hook('controlador_servo', 'cmake_prefix_path')
[14.729s] INFO:colcon.colcon_core.shell:Creating environment hook '/home/robot/ros2_ws/install/controlador_servo/share/controlador_servo/hook/cmake_prefix_path.ps1'
[14.732s] INFO:colcon.colcon_core.shell:Creating environment descriptor '/home/robot/ros2_ws/install/controlador_servo/share/controlador_servo/hook/cmake_prefix_path.dsv'
[14.735s] INFO:colcon.colcon_core.shell:Creating environment hook '/home/robot/ros2_ws/install/controlador_servo/share/controlador_servo/hook/cmake_prefix_path.sh'
[14.737s] Level 1:colcon.colcon_core.environment:checking '/home/robot/ros2_ws/install/controlador_servo/bin'
[14.738s] Level 1:colcon.colcon_core.environment:checking '/home/robot/ros2_ws/install/controlador_servo/lib/pkgconfig/controlador_servo.pc'
[14.738s] Level 1:colcon.colcon_core.environment:checking '/home/robot/ros2_ws/install/controlador_servo/lib/python3.12/site-packages'
[14.740s] Level 1:colcon.colcon_core.environment:checking '/home/robot/ros2_ws/install/controlador_servo/bin'
[14.741s] INFO:colcon.colcon_core.shell:Creating package script '/home/robot/ros2_ws/install/controlador_servo/share/controlador_servo/package.ps1'
[14.743s] INFO:colcon.colcon_core.shell:Creating package descriptor '/home/robot/ros2_ws/install/controlador_servo/share/controlador_servo/package.dsv'
[14.745s] INFO:colcon.colcon_core.shell:Creating package script '/home/robot/ros2_ws/install/controlador_servo/share/controlador_servo/package.sh'
[14.747s] INFO:colcon.colcon_core.shell:Creating package script '/home/robot/ros2_ws/install/controlador_servo/share/controlador_servo/package.bash'
[14.749s] INFO:colcon.colcon_core.shell:Creating package script '/home/robot/ros2_ws/install/controlador_servo/share/controlador_servo/package.zsh'
[14.751s] Level 1:colcon.colcon_core.environment:create_file_with_runtime_dependencies(/home/robot/ros2_ws/install/controlador_servo/share/colcon-core/packages/controlador_servo)
[14.763s] DEBUG:colcon.colcon_parallel_executor.executor.parallel:closing loop
[14.763s] DEBUG:colcon.colcon_parallel_executor.executor.parallel:loop closed
[14.763s] DEBUG:colcon.colcon_parallel_executor.executor.parallel:run_until_complete finished with '2'
[14.763s] DEBUG:colcon.colcon_core.event_reactor:joining thread
[14.765s] DEBUG:colcon.colcon_core.event_reactor:joined thread
[14.767s] INFO:colcon.colcon_core.shell:Creating prefix script '/home/robot/ros2_ws/install/local_setup.ps1'
[14.773s] INFO:colcon.colcon_core.shell:Creating prefix util module '/home/robot/ros2_ws/install/_local_setup_util_ps1.py'
[14.780s] INFO:colcon.colcon_core.shell:Creating prefix chain script '/home/robot/ros2_ws/install/setup.ps1'
[14.784s] INFO:colcon.colcon_core.shell:Creating prefix script '/home/robot/ros2_ws/install/local_setup.sh'
[14.786s] INFO:colcon.colcon_core.shell:Creating prefix util module '/home/robot/ros2_ws/install/_local_setup_util_sh.py'
[14.789s] INFO:colcon.colcon_core.shell:Creating prefix chain script '/home/robot/ros2_ws/install/setup.sh'
[14.792s] INFO:colcon.colcon_core.shell:Creating prefix script '/home/robot/ros2_ws/install/local_setup.bash'
[14.796s] INFO:colcon.colcon_core.shell:Creating prefix chain script '/home/robot/ros2_ws/install/setup.bash'
[14.799s] INFO:colcon.colcon_core.shell:Creating prefix script '/home/robot/ros2_ws/install/local_setup.zsh'
[14.802s] INFO:colcon.colcon_core.shell:Creating prefix chain script '/home/robot/ros2_ws/install/setup.zsh'
