[4.490s] Invoking command in '/home/robot/ros2_ws/src/drivers': DEBUGINFOD_URLS=https://debuginfod.ubuntu.com PYTHONPATH=/home/robot/ros2_ws/build/drivers/prefix_override:/usr/lib/python3/dist-packages/colcon_core/task/python/colcon_distutils_commands:/home/robot/ros2_ws/install/drivers/lib/python3.12/site-packages:${PYTHONPATH} /usr/bin/python3 -W ignore:setup.py install is deprecated -W ignore:easy_install command is deprecated setup.py egg_info --egg-base ../../build/drivers build --build-base /home/robot/ros2_ws/build/drivers/build install --record /home/robot/ros2_ws/build/drivers/install.log --single-version-externally-managed install_data
[5.666s] running egg_info
[5.667s] creating ../../build/drivers/drivers.egg-info
[5.754s] writing ../../build/drivers/drivers.egg-info/PKG-INFO
[5.755s] writing dependency_links to ../../build/drivers/drivers.egg-info/dependency_links.txt
[5.755s] writing entry points to ../../build/drivers/drivers.egg-info/entry_points.txt
[5.756s] writing requirements to ../../build/drivers/drivers.egg-info/requires.txt
[5.757s] writing top-level names to ../../build/drivers/drivers.egg-info/top_level.txt
[5.757s] writing manifest file '../../build/drivers/drivers.egg-info/SOURCES.txt'
[5.935s] reading manifest file '../../build/drivers/drivers.egg-info/SOURCES.txt'
[5.938s] writing manifest file '../../build/drivers/drivers.egg-info/SOURCES.txt'
[5.939s] running build
[5.939s] running build_py
[5.940s] creating /home/robot/ros2_ws/build/drivers/build
[5.940s] creating /home/robot/ros2_ws/build/drivers/build/lib
[5.940s] creating /home/robot/ros2_ws/build/drivers/build/lib/drivers
[5.941s] copying drivers/__init__.py -> /home/robot/ros2_ws/build/drivers/build/lib/drivers
[5.942s] copying drivers/lidar_node.py -> /home/robot/ros2_ws/build/drivers/build/lib/drivers
[5.942s] running install
[5.966s] running install_lib
[6.055s] creating /home/robot/ros2_ws/install/drivers/lib/python3.12/site-packages/drivers
[6.055s] copying /home/robot/ros2_ws/build/drivers/build/lib/drivers/__init__.py -> /home/robot/ros2_ws/install/drivers/lib/python3.12/site-packages/drivers
[6.056s] copying /home/robot/ros2_ws/build/drivers/build/lib/drivers/lidar_node.py -> /home/robot/ros2_ws/install/drivers/lib/python3.12/site-packages/drivers
[6.058s] byte-compiling /home/robot/ros2_ws/install/drivers/lib/python3.12/site-packages/drivers/__init__.py to __init__.cpython-312.pyc
[6.060s] byte-compiling /home/robot/ros2_ws/install/drivers/lib/python3.12/site-packages/drivers/lidar_node.py to lidar_node.cpython-312.pyc
[6.063s] running install_data
[6.063s] creating /home/robot/ros2_ws/install/drivers/share/ament_index
[6.064s] creating /home/robot/ros2_ws/install/drivers/share/ament_index/resource_index
[6.064s] creating /home/robot/ros2_ws/install/drivers/share/ament_index/resource_index/packages
[6.065s] copying resource/drivers -> /home/robot/ros2_ws/install/drivers/share/ament_index/resource_index/packages
[6.065s] copying package.xml -> /home/robot/ros2_ws/install/drivers/share/drivers
[6.066s] running install_egg_info
[6.158s] Copying ../../build/drivers/drivers.egg-info to /home/robot/ros2_ws/install/drivers/lib/python3.12/site-packages/drivers-0.0.0-py3.12.egg-info
[6.163s] running install_scripts
[6.819s] Installing lidar_node script to /home/robot/ros2_ws/install/drivers/lib/drivers
[6.821s] writing list of installed files to '/home/robot/ros2_ws/build/drivers/install.log'
[6.961s] Invoked command in '/home/robot/ros2_ws/src/drivers' returned '0': DEBUGINFOD_URLS=https://debuginfod.ubuntu.com PYTHONPATH=/home/robot/ros2_ws/build/drivers/prefix_override:/usr/lib/python3/dist-packages/colcon_core/task/python/colcon_distutils_commands:/home/robot/ros2_ws/install/drivers/lib/python3.12/site-packages:${PYTHONPATH} /usr/bin/python3 -W ignore:setup.py install is deprecated -W ignore:easy_install command is deprecated setup.py egg_info --egg-base ../../build/drivers build --build-base /home/robot/ros2_ws/build/drivers/build install --record /home/robot/ros2_ws/build/drivers/install.log --single-version-externally-managed install_data
