[1.026s] Invoking command in '/home/robot/ros2_ws/build/ydlidar_ros2_driver': CMAKE_PREFIX_PATH=${CMAKE_PREFIX_PATH}:/home/robot/ros2_ws/install/drivers:/opt/ros/jazzy DEBUGINFOD_URLS=https://debuginfod.ubuntu.com /usr/bin/cmake --build /home/robot/ros2_ws/build/ydlidar_ros2_driver -- -j4 -l4
[1.867s] [ 50%] Built target ydlidar_ros2_driver_client
[1.873s] [100%] Built target ydlidar_ros2_driver_node
[1.933s] Invoked command in '/home/robot/ros2_ws/build/ydlidar_ros2_driver' returned '0': CMAKE_PREFIX_PATH=${CMAKE_PREFIX_PATH}:/home/robot/ros2_ws/install/drivers:/opt/ros/jazzy DEBUGINFOD_URLS=https://debuginfod.ubuntu.com /usr/bin/cmake --build /home/robot/ros2_ws/build/ydlidar_ros2_driver -- -j4 -l4
[1.998s] Invoking command in '/home/robot/ros2_ws/build/ydlidar_ros2_driver': CMAKE_PREFIX_PATH=${CMAKE_PREFIX_PATH}:/home/robot/ros2_ws/install/drivers:/opt/ros/jazzy DEBUGINFOD_URLS=https://debuginfod.ubuntu.com /usr/bin/cmake --install /home/robot/ros2_ws/build/ydlidar_ros2_driver
[2.044s] -- Install configuration: ""
[2.047s] -- Up-to-date: /home/robot/ros2_ws/install/ydlidar_ros2_driver/lib/ydlidar_ros2_driver/ydlidar_ros2_driver_node
[2.052s] -- Up-to-date: /home/robot/ros2_ws/install/ydlidar_ros2_driver/lib/ydlidar_ros2_driver/ydlidar_ros2_driver_client
[2.054s] -- Up-to-date: /home/robot/ros2_ws/install/ydlidar_ros2_driver/share/ydlidar_ros2_driver/launch
[2.056s] -- Up-to-date: /home/robot/ros2_ws/install/ydlidar_ros2_driver/share/ydlidar_ros2_driver/launch/ydlidar_launch.py
[2.057s] -- Up-to-date: /home/robot/ros2_ws/install/ydlidar_ros2_driver/share/ydlidar_ros2_driver/launch/ydlidar_launch_view.py
[2.058s] -- Up-to-date: /home/robot/ros2_ws/install/ydlidar_ros2_driver/share/ydlidar_ros2_driver/launch/ydlidar.py
[2.058s] -- Up-to-date: /home/robot/ros2_ws/install/ydlidar_ros2_driver/share/ydlidar_ros2_driver/params
[2.059s] -- Up-to-date: /home/robot/ros2_ws/install/ydlidar_ros2_driver/share/ydlidar_ros2_driver/params/X2.yaml
[2.059s] -- Up-to-date: /home/robot/ros2_ws/install/ydlidar_ros2_driver/share/ydlidar_ros2_driver/params/X4-Pro.yaml
[2.060s] -- Up-to-date: /home/robot/ros2_ws/install/ydlidar_ros2_driver/share/ydlidar_ros2_driver/params/G1.yaml
[2.061s] -- Up-to-date: /home/robot/ros2_ws/install/ydlidar_ros2_driver/share/ydlidar_ros2_driver/params/GS2.yaml
[2.061s] -- Up-to-date: /home/robot/ros2_ws/install/ydlidar_ros2_driver/share/ydlidar_ros2_driver/params/TminiPro.yaml
[2.062s] -- Up-to-date: /home/robot/ros2_ws/install/ydlidar_ros2_driver/share/ydlidar_ros2_driver/params/G2.yaml
[2.062s] -- Up-to-date: /home/robot/ros2_ws/install/ydlidar_ros2_driver/share/ydlidar_ros2_driver/params/TEA.yaml
[2.063s] -- Up-to-date: /home/robot/ros2_ws/install/ydlidar_ros2_driver/share/ydlidar_ros2_driver/params/TG.yaml
[2.063s] -- Up-to-date: /home/robot/ros2_ws/install/ydlidar_ros2_driver/share/ydlidar_ros2_driver/params/X4.yaml
[2.064s] -- Up-to-date: /home/robot/ros2_ws/install/ydlidar_ros2_driver/share/ydlidar_ros2_driver/params/ydlidar.yaml
[2.064s] -- Up-to-date: /home/robot/ros2_ws/install/ydlidar_ros2_driver/share/ydlidar_ros2_driver/params/G6.yaml
[2.065s] -- Up-to-date: /home/robot/ros2_ws/install/ydlidar_ros2_driver/share/ydlidar_ros2_driver/startup
[2.065s] -- Up-to-date: /home/robot/ros2_ws/install/ydlidar_ros2_driver/share/ydlidar_ros2_driver/startup/initenv.sh
[2.066s] -- Up-to-date: /home/robot/ros2_ws/install/ydlidar_ros2_driver/share/ydlidar_ros2_driver/config
[2.066s] -- Up-to-date: /home/robot/ros2_ws/install/ydlidar_ros2_driver/share/ydlidar_ros2_driver/config/ydlidar.rviz
[2.067s] -- Up-to-date: /home/robot/ros2_ws/install/ydlidar_ros2_driver/share/ament_index/resource_index/package_run_dependencies/ydlidar_ros2_driver
[2.067s] -- Up-to-date: /home/robot/ros2_ws/install/ydlidar_ros2_driver/share/ament_index/resource_index/parent_prefix_path/ydlidar_ros2_driver
[2.068s] -- Up-to-date: /home/robot/ros2_ws/install/ydlidar_ros2_driver/share/ydlidar_ros2_driver/environment/ament_prefix_path.sh
[2.069s] -- Up-to-date: /home/robot/ros2_ws/install/ydlidar_ros2_driver/share/ydlidar_ros2_driver/environment/ament_prefix_path.dsv
[2.069s] -- Up-to-date: /home/robot/ros2_ws/install/ydlidar_ros2_driver/share/ydlidar_ros2_driver/environment/path.sh
[2.070s] -- Up-to-date: /home/robot/ros2_ws/install/ydlidar_ros2_driver/share/ydlidar_ros2_driver/environment/path.dsv
[2.070s] -- Up-to-date: /home/robot/ros2_ws/install/ydlidar_ros2_driver/share/ydlidar_ros2_driver/local_setup.bash
[2.071s] -- Up-to-date: /home/robot/ros2_ws/install/ydlidar_ros2_driver/share/ydlidar_ros2_driver/local_setup.sh
[2.071s] -- Up-to-date: /home/robot/ros2_ws/install/ydlidar_ros2_driver/share/ydlidar_ros2_driver/local_setup.zsh
[2.072s] -- Up-to-date: /home/robot/ros2_ws/install/ydlidar_ros2_driver/share/ydlidar_ros2_driver/local_setup.dsv
[2.072s] -- Installing: /home/robot/ros2_ws/install/ydlidar_ros2_driver/share/ydlidar_ros2_driver/package.dsv
[2.074s] -- Up-to-date: /home/robot/ros2_ws/install/ydlidar_ros2_driver/share/ament_index/resource_index/packages/ydlidar_ros2_driver
[2.077s] -- Up-to-date: /home/robot/ros2_ws/install/ydlidar_ros2_driver/share/ydlidar_ros2_driver/cmake/ydlidar_ros2_driverConfig.cmake
[2.078s] -- Up-to-date: /home/robot/ros2_ws/install/ydlidar_ros2_driver/share/ydlidar_ros2_driver/cmake/ydlidar_ros2_driverConfig-version.cmake
[2.079s] -- Up-to-date: /home/robot/ros2_ws/install/ydlidar_ros2_driver/share/ydlidar_ros2_driver/package.xml
[2.083s] Invoked command in '/home/robot/ros2_ws/build/ydlidar_ros2_driver' returned '0': CMAKE_PREFIX_PATH=${CMAKE_PREFIX_PATH}:/home/robot/ros2_ws/install/drivers:/opt/ros/jazzy DEBUGINFOD_URLS=https://debuginfod.ubuntu.com /usr/bin/cmake --install /home/robot/ros2_ws/build/ydlidar_ros2_driver
