[6.179s] Invoking command in '/home/robot/ros2_ws/src/drivers': DEBUGINFOD_URLS=https://debuginfod.ubuntu.com PYTHONPATH=/home/robot/ros2_ws/build/drivers/prefix_override:/usr/lib/python3/dist-packages/colcon_core/task/python/colcon_distutils_commands:/home/robot/ros2_ws/install/drivers/lib/python3.12/site-packages:${PYTHONPATH} /usr/bin/python3 -W ignore:setup.py install is deprecated -W ignore:easy_install command is deprecated setup.py egg_info --egg-base ../../build/drivers build --build-base /home/robot/ros2_ws/build/drivers/build install --record /home/robot/ros2_ws/build/drivers/install.log --single-version-externally-managed install_data
[8.126s] running egg_info
[8.344s] writing ../../build/drivers/drivers.egg-info/PKG-INFO
[8.351s] writing dependency_links to ../../build/drivers/drivers.egg-info/dependency_links.txt
[8.356s] writing entry points to ../../build/drivers/drivers.egg-info/entry_points.txt
[8.361s] writing requirements to ../../build/drivers/drivers.egg-info/requires.txt
[8.362s] writing top-level names to ../../build/drivers/drivers.egg-info/top_level.txt
[8.809s] reading manifest file '../../build/drivers/drivers.egg-info/SOURCES.txt'
[8.814s] writing manifest file '../../build/drivers/drivers.egg-info/SOURCES.txt'
[8.815s] running build
[8.815s] running build_py
[8.823s] running install
[8.857s] running install_lib
[9.027s] running install_data
[9.030s] running install_egg_info
[9.186s] removing '/home/robot/ros2_ws/install/drivers/lib/python3.12/site-packages/drivers-0.0.0-py3.12.egg-info' (and everything under it)
[9.192s] Copying ../../build/drivers/drivers.egg-info to /home/robot/ros2_ws/install/drivers/lib/python3.12/site-packages/drivers-0.0.0-py3.12.egg-info
[9.203s] running install_scripts
[10.116s] Installing lidar_calibracao script to /home/robot/ros2_ws/install/drivers/lib/drivers
[10.121s] Installing lidar_diagnostico script to /home/robot/ros2_ws/install/drivers/lib/drivers
[10.122s] Installing lidar_node script to /home/robot/ros2_ws/install/drivers/lib/drivers
[10.123s] Installing localizacao_angular script to /home/robot/ros2_ws/install/drivers/lib/drivers
[10.125s] writing list of installed files to '/home/robot/ros2_ws/build/drivers/install.log'
[10.290s] Invoked command in '/home/robot/ros2_ws/src/drivers' returned '0': DEBUGINFOD_URLS=https://debuginfod.ubuntu.com PYTHONPATH=/home/robot/ros2_ws/build/drivers/prefix_override:/usr/lib/python3/dist-packages/colcon_core/task/python/colcon_distutils_commands:/home/robot/ros2_ws/install/drivers/lib/python3.12/site-packages:${PYTHONPATH} /usr/bin/python3 -W ignore:setup.py install is deprecated -W ignore:easy_install command is deprecated setup.py egg_info --egg-base ../../build/drivers build --build-base /home/robot/ros2_ws/build/drivers/build install --record /home/robot/ros2_ws/build/drivers/install.log --single-version-externally-managed install_data
