[0.467s] DEBUG:colcon:Command line arguments: ['/usr/bin/colcon', 'build', '--packages-select', 'controlador_servo']
[0.467s] DEBUG:colcon:Parsed command line arguments: Namespace(log_base=None, log_level=None, verb_name='build', build_base='build', install_base='install', merge_install=False, symlink_install=False, test_result_base=None, continue_on_error=False, executor='parallel', parallel_workers=4, event_handlers=None, ignore_user_meta=False, metas=['./colcon.meta'], base_paths=['.'], packages_ignore=None, packages_ignore_regex=None, paths=None, packages_up_to=None, packages_up_to_regex=None, packages_above=None, packages_above_and_dependencies=None, packages_above_depth=None, packages_select_by_dep=None, packages_skip_by_dep=None, packages_skip_up_to=None, packages_select_build_failed=False, packages_skip_build_finished=False, packages_select_test_failures=False, packages_skip_test_passed=False, packages_select=['controlador_servo'], packages_skip=None, packages_select_regex=None, packages_skip_regex=None, packages_start=None, packages_end=None, allow_overriding=[], cmake_args=None, cmake_target=None, cmake_target_skip_unavailable=False, cmake_clean_cache=False, cmake_clean_first=False, cmake_force_configure=False, ament_cmake_args=None, catkin_cmake_args=None, catkin_skip_building_tests=False, mixin_files=None, mixin=None, verb_parser=<colcon_mixin.mixin.mixin_argument.MixinArgumentDecorator object at 0xffffae29cc20>, verb_extension=<colcon_core.verb.build.BuildVerb object at 0xffffae459310>, main=<bound method BuildVerb.main of <colcon_core.verb.build.BuildVerb object at 0xffffae459310>>, mixin_verb=('build',))
[0.638s] Level 1:colcon.colcon_core.package_discovery:discover_packages(colcon_meta) check parameters
[0.638s] Level 1:colcon.colcon_core.package_discovery:discover_packages(recursive) check parameters
[0.638s] Level 1:colcon.colcon_core.package_discovery:discover_packages(ignore) check parameters
[0.638s] Level 1:colcon.colcon_core.package_discovery:discover_packages(path) check parameters
[0.638s] Level 1:colcon.colcon_core.package_discovery:discover_packages(colcon_meta) discover
[0.639s] Level 1:colcon.colcon_core.package_discovery:discover_packages(recursive) discover
[0.639s] INFO:colcon.colcon_core.package_discovery:Crawling recursively for packages in '/home/robot/ros2_ws'
[0.639s] Level 1:colcon.colcon_core.package_identification:_identify(.) by extensions ['ignore', 'ignore_ament_install']
[0.640s] Level 1:colcon.colcon_core.package_identification:_identify(.) by extension 'ignore'
[0.640s] Level 1:colcon.colcon_core.package_identification:_identify(.) by extension 'ignore_ament_install'
[0.640s] Level 1:colcon.colcon_core.package_identification:_identify(.) by extensions ['colcon_pkg']
[0.640s] Level 1:colcon.colcon_core.package_identification:_identify(.) by extension 'colcon_pkg'
[0.640s] Level 1:colcon.colcon_core.package_identification:_identify(.) by extensions ['colcon_meta']
[0.640s] Level 1:colcon.colcon_core.package_identification:_identify(.) by extension 'colcon_meta'
[0.641s] Level 1:colcon.colcon_core.package_identification:_identify(.) by extensions ['ros']
[0.641s] Level 1:colcon.colcon_core.package_identification:_identify(.) by extension 'ros'
[0.745s] Level 1:colcon.colcon_core.package_identification:_identify(.) by extensions ['cmake', 'python']
[0.746s] Level 1:colcon.colcon_core.package_identification:_identify(.) by extension 'cmake'
[0.746s] Level 1:colcon.colcon_core.package_identification:_identify(.) by extension 'python'
[0.746s] Level 1:colcon.colcon_core.package_identification:_identify(.) by extensions ['python_setup_py']
[0.746s] Level 1:colcon.colcon_core.package_identification:_identify(.) by extension 'python_setup_py'
[0.747s] Level 1:colcon.colcon_core.package_identification:_identify(build) by extensions ['ignore', 'ignore_ament_install']
[0.747s] Level 1:colcon.colcon_core.package_identification:_identify(build) by extension 'ignore'
[0.747s] Level 1:colcon.colcon_core.package_identification:_identify(build) ignored
[0.748s] Level 1:colcon.colcon_core.package_identification:_identify(install) by extensions ['ignore', 'ignore_ament_install']
[0.748s] Level 1:colcon.colcon_core.package_identification:_identify(install) by extension 'ignore'
[0.748s] Level 1:colcon.colcon_core.package_identification:_identify(install) ignored
[0.749s] Level 1:colcon.colcon_core.package_identification:_identify(log) by extensions ['ignore', 'ignore_ament_install']
[0.749s] Level 1:colcon.colcon_core.package_identification:_identify(log) by extension 'ignore'
[0.749s] Level 1:colcon.colcon_core.package_identification:_identify(log) ignored
[0.750s] Level 1:colcon.colcon_core.package_identification:_identify(src) by extensions ['ignore', 'ignore_ament_install']
[0.750s] Level 1:colcon.colcon_core.package_identification:_identify(src) by extension 'ignore'
[0.750s] Level 1:colcon.colcon_core.package_identification:_identify(src) by extension 'ignore_ament_install'
[0.750s] Level 1:colcon.colcon_core.package_identification:_identify(src) by extensions ['colcon_pkg']
[0.750s] Level 1:colcon.colcon_core.package_identification:_identify(src) by extension 'colcon_pkg'
[0.751s] Level 1:colcon.colcon_core.package_identification:_identify(src) by extensions ['colcon_meta']
[0.751s] Level 1:colcon.colcon_core.package_identification:_identify(src) by extension 'colcon_meta'
[0.751s] Level 1:colcon.colcon_core.package_identification:_identify(src) by extensions ['ros']
[0.751s] Level 1:colcon.colcon_core.package_identification:_identify(src) by extension 'ros'
[0.751s] Level 1:colcon.colcon_core.package_identification:_identify(src) by extensions ['cmake', 'python']
[0.751s] Level 1:colcon.colcon_core.package_identification:_identify(src) by extension 'cmake'
[0.752s] Level 1:colcon.colcon_core.package_identification:_identify(src) by extension 'python'
[0.752s] Level 1:colcon.colcon_core.package_identification:_identify(src) by extensions ['python_setup_py']
[0.752s] Level 1:colcon.colcon_core.package_identification:_identify(src) by extension 'python_setup_py'
[0.752s] Level 1:colcon.colcon_core.package_identification:_identify(src/controlador_servo) by extensions ['ignore', 'ignore_ament_install']
[0.753s] Level 1:colcon.colcon_core.package_identification:_identify(src/controlador_servo) by extension 'ignore'
[0.753s] Level 1:colcon.colcon_core.package_identification:_identify(src/controlador_servo) by extension 'ignore_ament_install'
[0.753s] Level 1:colcon.colcon_core.package_identification:_identify(src/controlador_servo) by extensions ['colcon_pkg']
[0.753s] Level 1:colcon.colcon_core.package_identification:_identify(src/controlador_servo) by extension 'colcon_pkg'
[0.753s] Level 1:colcon.colcon_core.package_identification:_identify(src/controlador_servo) by extensions ['colcon_meta']
[0.753s] Level 1:colcon.colcon_core.package_identification:_identify(src/controlador_servo) by extension 'colcon_meta'
[0.754s] Level 1:colcon.colcon_core.package_identification:_identify(src/controlador_servo) by extensions ['ros']
[0.754s] Level 1:colcon.colcon_core.package_identification:_identify(src/controlador_servo) by extension 'ros'
[0.762s] DEBUG:colcon.colcon_core.package_identification:Package 'src/controlador_servo' with type 'ros.ament_cmake' and name 'controlador_servo'
[0.763s] Level 1:colcon.colcon_core.package_identification:_identify(src/drivers) by extensions ['ignore', 'ignore_ament_install']
[0.763s] Level 1:colcon.colcon_core.package_identification:_identify(src/drivers) by extension 'ignore'
[0.763s] Level 1:colcon.colcon_core.package_identification:_identify(src/drivers) by extension 'ignore_ament_install'
[0.764s] Level 1:colcon.colcon_core.package_identification:_identify(src/drivers) by extensions ['colcon_pkg']
[0.764s] Level 1:colcon.colcon_core.package_identification:_identify(src/drivers) by extension 'colcon_pkg'
[0.764s] Level 1:colcon.colcon_core.package_identification:_identify(src/drivers) by extensions ['colcon_meta']
[0.764s] Level 1:colcon.colcon_core.package_identification:_identify(src/drivers) by extension 'colcon_meta'
[0.764s] Level 1:colcon.colcon_core.package_identification:_identify(src/drivers) by extensions ['ros']
[0.764s] Level 1:colcon.colcon_core.package_identification:_identify(src/drivers) by extension 'ros'
[0.766s] DEBUG:colcon.colcon_core.package_identification:Package 'src/drivers' with type 'ros.ament_python' and name 'drivers'
[0.767s] Level 1:colcon.colcon_core.package_identification:_identify(src/ydlidar_ros2_driver) by extensions ['ignore', 'ignore_ament_install']
[0.767s] Level 1:colcon.colcon_core.package_identification:_identify(src/ydlidar_ros2_driver) by extension 'ignore'
[0.767s] Level 1:colcon.colcon_core.package_identification:_identify(src/ydlidar_ros2_driver) by extension 'ignore_ament_install'
[0.768s] Level 1:colcon.colcon_core.package_identification:_identify(src/ydlidar_ros2_driver) by extensions ['colcon_pkg']
[0.768s] Level 1:colcon.colcon_core.package_identification:_identify(src/ydlidar_ros2_driver) by extension 'colcon_pkg'
[0.768s] Level 1:colcon.colcon_core.package_identification:_identify(src/ydlidar_ros2_driver) by extensions ['colcon_meta']
[0.768s] Level 1:colcon.colcon_core.package_identification:_identify(src/ydlidar_ros2_driver) by extension 'colcon_meta'
[0.768s] Level 1:colcon.colcon_core.package_identification:_identify(src/ydlidar_ros2_driver) by extensions ['ros']
[0.768s] Level 1:colcon.colcon_core.package_identification:_identify(src/ydlidar_ros2_driver) by extension 'ros'
[0.770s] DEBUG:colcon.colcon_core.package_identification:Package 'src/ydlidar_ros2_driver' with type 'ros.ament_cmake' and name 'ydlidar_ros2_driver'
[0.770s] Level 1:colcon.colcon_core.package_discovery:discover_packages(recursive) using defaults
[0.771s] Level 1:colcon.colcon_core.package_discovery:discover_packages(ignore) discover
[0.771s] Level 1:colcon.colcon_core.package_discovery:discover_packages(ignore) using defaults
[0.771s] Level 1:colcon.colcon_core.package_discovery:discover_packages(path) discover
[0.771s] Level 1:colcon.colcon_core.package_discovery:discover_packages(path) using defaults
[0.839s] INFO:colcon.colcon_core.package_selection:Skipping not selected package 'drivers' in 'src/drivers'
[0.839s] INFO:colcon.colcon_core.package_selection:Skipping not selected package 'ydlidar_ros2_driver' in 'src/ydlidar_ros2_driver'
[0.841s] Level 1:colcon.colcon_core.package_discovery:discover_packages(prefix_path) check parameters
[0.841s] Level 1:colcon.colcon_core.package_discovery:discover_packages(prefix_path) discover
[0.846s] WARNING:colcon.colcon_ros.prefix_path.ament:The path '/home/robot/ros2_ws/install/controlador_servo' in the environment variable AMENT_PREFIX_PATH doesn't exist
[0.847s] WARNING:colcon.colcon_ros.prefix_path.catkin:The path '/home/robot/ros2_ws/install/controlador_servo' in the environment variable CMAKE_PREFIX_PATH doesn't exist
[0.851s] DEBUG:colcon.colcon_installed_package_information.package_discovery:Found 2 installed packages in /home/robot/ros2_ws/install
[0.861s] DEBUG:colcon.colcon_installed_package_information.package_discovery:Found 287 installed packages in /opt/ros/jazzy
[0.868s] Level 1:colcon.colcon_core.package_discovery:discover_packages(prefix_path) using defaults
[1.065s] Level 5:colcon.colcon_core.verb:set package 'controlador_servo' build argument 'cmake_args' from command line to 'None'
[1.065s] Level 5:colcon.colcon_core.verb:set package 'controlador_servo' build argument 'cmake_target' from command line to 'None'
[1.065s] Level 5:colcon.colcon_core.verb:set package 'controlador_servo' build argument 'cmake_target_skip_unavailable' from command line to 'False'
[1.065s] Level 5:colcon.colcon_core.verb:set package 'controlador_servo' build argument 'cmake_clean_cache' from command line to 'False'
[1.065s] Level 5:colcon.colcon_core.verb:set package 'controlador_servo' build argument 'cmake_clean_first' from command line to 'False'
[1.066s] Level 5:colcon.colcon_core.verb:set package 'controlador_servo' build argument 'cmake_force_configure' from command line to 'False'
[1.066s] Level 5:colcon.colcon_core.verb:set package 'controlador_servo' build argument 'ament_cmake_args' from command line to 'None'
[1.066s] Level 5:colcon.colcon_core.verb:set package 'controlador_servo' build argument 'catkin_cmake_args' from command line to 'None'
[1.066s] Level 5:colcon.colcon_core.verb:set package 'controlador_servo' build argument 'catkin_skip_building_tests' from command line to 'False'
[1.066s] DEBUG:colcon.colcon_core.verb:Building package 'controlador_servo' with the following arguments: {'ament_cmake_args': None, 'build_base': '/home/robot/ros2_ws/build/controlador_servo', 'catkin_cmake_args': None, 'catkin_skip_building_tests': False, 'cmake_args': None, 'cmake_clean_cache': False, 'cmake_clean_first': False, 'cmake_force_configure': False, 'cmake_target': None, 'cmake_target_skip_unavailable': False, 'install_base': '/home/robot/ros2_ws/install/controlador_servo', 'merge_install': False, 'path': '/home/robot/ros2_ws/src/controlador_servo', 'symlink_install': False, 'test_result_base': None}
[1.066s] INFO:colcon.colcon_core.executor:Executing jobs using 'parallel' executor
[1.069s] DEBUG:colcon.colcon_parallel_executor.executor.parallel:run_until_complete
[1.070s] INFO:colcon.colcon_ros.task.ament_cmake.build:Building ROS package in '/home/robot/ros2_ws/src/controlador_servo' with build type 'ament_cmake'
[1.071s] INFO:colcon.colcon_cmake.task.cmake.build:Building CMake package in '/home/robot/ros2_ws/src/controlador_servo'
[1.079s] INFO:colcon.colcon_core.plugin_system:Skipping extension 'colcon_core.shell.bat': Not used on non-Windows systems
[1.080s] INFO:colcon.colcon_core.shell:Skip shell extension 'powershell' for command environment: Not usable outside of PowerShell
[1.080s] DEBUG:colcon.colcon_core.shell:Skip shell extension 'dsv' for command environment
[1.124s] DEBUG:colcon.colcon_core.event_handler.log_command:Invoking command in '/home/robot/ros2_ws/build/controlador_servo': CMAKE_PREFIX_PATH=${CMAKE_PREFIX_PATH}:/home/robot/ros2_ws/install/drivers:/opt/ros/jazzy DEBUGINFOD_URLS=https://debuginfod.ubuntu.com /usr/bin/cmake /home/robot/ros2_ws/src/controlador_servo -DCMAKE_INSTALL_PREFIX=/home/robot/ros2_ws/install/controlador_servo
[17.226s] DEBUG:colcon.colcon_core.event_handler.log_command:Invoked command in '/home/robot/ros2_ws/build/controlador_servo' returned '0': CMAKE_PREFIX_PATH=${CMAKE_PREFIX_PATH}:/home/robot/ros2_ws/install/drivers:/opt/ros/jazzy DEBUGINFOD_URLS=https://debuginfod.ubuntu.com /usr/bin/cmake /home/robot/ros2_ws/src/controlador_servo -DCMAKE_INSTALL_PREFIX=/home/robot/ros2_ws/install/controlador_servo
[17.233s] DEBUG:colcon.colcon_core.event_handler.log_command:Invoking command in '/home/robot/ros2_ws/build/controlador_servo': CMAKE_PREFIX_PATH=${CMAKE_PREFIX_PATH}:/home/robot/ros2_ws/install/drivers:/opt/ros/jazzy DEBUGINFOD_URLS=https://debuginfod.ubuntu.com /usr/bin/cmake --build /home/robot/ros2_ws/build/controlador_servo -- -j4 -l4
[31.644s] DEBUG:colcon.colcon_core.event_handler.log_command:Invoked command in '/home/robot/ros2_ws/build/controlador_servo' returned '0': CMAKE_PREFIX_PATH=${CMAKE_PREFIX_PATH}:/home/robot/ros2_ws/install/drivers:/opt/ros/jazzy DEBUGINFOD_URLS=https://debuginfod.ubuntu.com /usr/bin/cmake --build /home/robot/ros2_ws/build/controlador_servo -- -j4 -l4
[31.699s] DEBUG:colcon.colcon_core.event_handler.log_command:Invoking command in '/home/robot/ros2_ws/build/controlador_servo': CMAKE_PREFIX_PATH=${CMAKE_PREFIX_PATH}:/home/robot/ros2_ws/install/drivers:/opt/ros/jazzy DEBUGINFOD_URLS=https://debuginfod.ubuntu.com /usr/bin/cmake --install /home/robot/ros2_ws/build/controlador_servo
[32.162s] Level 1:colcon.colcon_core.environment:create_environment_scripts_only(controlador_servo)
[32.163s] DEBUG:colcon.colcon_core.event_handler.log_command:Invoked command in '/home/robot/ros2_ws/build/controlador_servo' returned '0': CMAKE_PREFIX_PATH=${CMAKE_PREFIX_PATH}:/home/robot/ros2_ws/install/drivers:/opt/ros/jazzy DEBUGINFOD_URLS=https://debuginfod.ubuntu.com /usr/bin/cmake --install /home/robot/ros2_ws/build/controlador_servo
[32.173s] Level 1:colcon.colcon_core.environment:checking '/home/robot/ros2_ws/install/controlador_servo' for CMake module files
[32.177s] Level 1:colcon.colcon_core.environment:checking '/home/robot/ros2_ws/install/controlador_servo' for CMake config files
[32.180s] Level 1:colcon.colcon_core.shell:create_environment_hook('controlador_servo', 'cmake_prefix_path')
[32.181s] INFO:colcon.colcon_core.shell:Creating environment hook '/home/robot/ros2_ws/install/controlador_servo/share/controlador_servo/hook/cmake_prefix_path.ps1'
[32.184s] INFO:colcon.colcon_core.shell:Creating environment descriptor '/home/robot/ros2_ws/install/controlador_servo/share/controlador_servo/hook/cmake_prefix_path.dsv'
[32.185s] INFO:colcon.colcon_core.shell:Creating environment hook '/home/robot/ros2_ws/install/controlador_servo/share/controlador_servo/hook/cmake_prefix_path.sh'
[32.188s] Level 1:colcon.colcon_core.environment:checking '/home/robot/ros2_ws/install/controlador_servo/lib'
[32.189s] Level 1:colcon.colcon_core.shell:create_environment_hook('controlador_servo', 'ld_library_path_lib')
[32.190s] INFO:colcon.colcon_core.shell:Creating environment hook '/home/robot/ros2_ws/install/controlador_servo/share/controlador_servo/hook/ld_library_path_lib.ps1'
[32.191s] INFO:colcon.colcon_core.shell:Creating environment descriptor '/home/robot/ros2_ws/install/controlador_servo/share/controlador_servo/hook/ld_library_path_lib.dsv'
[32.193s] INFO:colcon.colcon_core.shell:Creating environment hook '/home/robot/ros2_ws/install/controlador_servo/share/controlador_servo/hook/ld_library_path_lib.sh'
[32.194s] Level 1:colcon.colcon_core.environment:checking '/home/robot/ros2_ws/install/controlador_servo/bin'
[32.194s] Level 1:colcon.colcon_core.environment:checking '/home/robot/ros2_ws/install/controlador_servo/lib/pkgconfig/controlador_servo.pc'
[32.195s] Level 1:colcon.colcon_core.environment:checking '/home/robot/ros2_ws/install/controlador_servo/lib/python3.12/site-packages'
[32.196s] Level 1:colcon.colcon_core.shell:create_environment_hook('controlador_servo', 'pythonpath')
[32.196s] INFO:colcon.colcon_core.shell:Creating environment hook '/home/robot/ros2_ws/install/controlador_servo/share/controlador_servo/hook/pythonpath.ps1'
[32.198s] INFO:colcon.colcon_core.shell:Creating environment descriptor '/home/robot/ros2_ws/install/controlador_servo/share/controlador_servo/hook/pythonpath.dsv'
[32.199s] INFO:colcon.colcon_core.shell:Creating environment hook '/home/robot/ros2_ws/install/controlador_servo/share/controlador_servo/hook/pythonpath.sh'
[32.202s] Level 1:colcon.colcon_core.environment:checking '/home/robot/ros2_ws/install/controlador_servo/bin'
[32.203s] INFO:colcon.colcon_core.shell:Creating package script '/home/robot/ros2_ws/install/controlador_servo/share/controlador_servo/package.ps1'
[32.207s] INFO:colcon.colcon_core.shell:Creating package descriptor '/home/robot/ros2_ws/install/controlador_servo/share/controlador_servo/package.dsv'
[32.210s] INFO:colcon.colcon_core.shell:Creating package script '/home/robot/ros2_ws/install/controlador_servo/share/controlador_servo/package.sh'
[32.212s] INFO:colcon.colcon_core.shell:Creating package script '/home/robot/ros2_ws/install/controlador_servo/share/controlador_servo/package.bash'
[32.214s] INFO:colcon.colcon_core.shell:Creating package script '/home/robot/ros2_ws/install/controlador_servo/share/controlador_servo/package.zsh'
[32.216s] Level 1:colcon.colcon_core.environment:create_file_with_runtime_dependencies(/home/robot/ros2_ws/install/controlador_servo/share/colcon-core/packages/controlador_servo)
[32.219s] Level 1:colcon.colcon_core.environment:create_environment_scripts_only(controlador_servo)
[32.220s] Level 1:colcon.colcon_core.environment:checking '/home/robot/ros2_ws/install/controlador_servo' for CMake module files
[32.224s] Level 1:colcon.colcon_core.environment:checking '/home/robot/ros2_ws/install/controlador_servo' for CMake config files
[32.228s] Level 1:colcon.colcon_core.shell:create_environment_hook('controlador_servo', 'cmake_prefix_path')
[32.228s] INFO:colcon.colcon_core.shell:Creating environment hook '/home/robot/ros2_ws/install/controlador_servo/share/controlador_servo/hook/cmake_prefix_path.ps1'
[32.230s] INFO:colcon.colcon_core.shell:Creating environment descriptor '/home/robot/ros2_ws/install/controlador_servo/share/controlador_servo/hook/cmake_prefix_path.dsv'
[32.233s] INFO:colcon.colcon_core.shell:Creating environment hook '/home/robot/ros2_ws/install/controlador_servo/share/controlador_servo/hook/cmake_prefix_path.sh'
[32.236s] Level 1:colcon.colcon_core.environment:checking '/home/robot/ros2_ws/install/controlador_servo/lib'
[32.237s] Level 1:colcon.colcon_core.shell:create_environment_hook('controlador_servo', 'ld_library_path_lib')
[32.238s] INFO:colcon.colcon_core.shell:Creating environment hook '/home/robot/ros2_ws/install/controlador_servo/share/controlador_servo/hook/ld_library_path_lib.ps1'
[32.240s] INFO:colcon.colcon_core.shell:Creating environment descriptor '/home/robot/ros2_ws/install/controlador_servo/share/controlador_servo/hook/ld_library_path_lib.dsv'
[32.241s] INFO:colcon.colcon_core.shell:Creating environment hook '/home/robot/ros2_ws/install/controlador_servo/share/controlador_servo/hook/ld_library_path_lib.sh'
[32.243s] Level 1:colcon.colcon_core.environment:checking '/home/robot/ros2_ws/install/controlador_servo/bin'
[32.243s] Level 1:colcon.colcon_core.environment:checking '/home/robot/ros2_ws/install/controlador_servo/lib/pkgconfig/controlador_servo.pc'
[32.244s] Level 1:colcon.colcon_core.environment:checking '/home/robot/ros2_ws/install/controlador_servo/lib/python3.12/site-packages'
[32.245s] Level 1:colcon.colcon_core.shell:create_environment_hook('controlador_servo', 'pythonpath')
[32.245s] INFO:colcon.colcon_core.shell:Creating environment hook '/home/robot/ros2_ws/install/controlador_servo/share/controlador_servo/hook/pythonpath.ps1'
[32.247s] INFO:colcon.colcon_core.shell:Creating environment descriptor '/home/robot/ros2_ws/install/controlador_servo/share/controlador_servo/hook/pythonpath.dsv'
[32.249s] INFO:colcon.colcon_core.shell:Creating environment hook '/home/robot/ros2_ws/install/controlador_servo/share/controlador_servo/hook/pythonpath.sh'
[32.252s] Level 1:colcon.colcon_core.environment:checking '/home/robot/ros2_ws/install/controlador_servo/bin'
[32.253s] INFO:colcon.colcon_core.shell:Creating package script '/home/robot/ros2_ws/install/controlador_servo/share/controlador_servo/package.ps1'
[32.256s] INFO:colcon.colcon_core.shell:Creating package descriptor '/home/robot/ros2_ws/install/controlador_servo/share/controlador_servo/package.dsv'
[32.259s] INFO:colcon.colcon_core.shell:Creating package script '/home/robot/ros2_ws/install/controlador_servo/share/controlador_servo/package.sh'
[32.261s] INFO:colcon.colcon_core.shell:Creating package script '/home/robot/ros2_ws/install/controlador_servo/share/controlador_servo/package.bash'
[32.263s] INFO:colcon.colcon_core.shell:Creating package script '/home/robot/ros2_ws/install/controlador_servo/share/controlador_servo/package.zsh'
[32.265s] Level 1:colcon.colcon_core.environment:create_file_with_runtime_dependencies(/home/robot/ros2_ws/install/controlador_servo/share/colcon-core/packages/controlador_servo)
[32.266s] DEBUG:colcon.colcon_parallel_executor.executor.parallel:closing loop
[32.267s] DEBUG:colcon.colcon_parallel_executor.executor.parallel:loop closed
[32.267s] DEBUG:colcon.colcon_parallel_executor.executor.parallel:run_until_complete finished with '0'
[32.268s] DEBUG:colcon.colcon_core.event_reactor:joining thread
[32.270s] DEBUG:colcon.colcon_core.event_reactor:joined thread
[32.270s] INFO:colcon.colcon_core.shell:Creating prefix script '/home/robot/ros2_ws/install/local_setup.ps1'
[32.274s] INFO:colcon.colcon_core.shell:Creating prefix util module '/home/robot/ros2_ws/install/_local_setup_util_ps1.py'
[32.278s] INFO:colcon.colcon_core.shell:Creating prefix chain script '/home/robot/ros2_ws/install/setup.ps1'
[32.284s] INFO:colcon.colcon_core.shell:Creating prefix script '/home/robot/ros2_ws/install/local_setup.sh'
[32.286s] INFO:colcon.colcon_core.shell:Creating prefix util module '/home/robot/ros2_ws/install/_local_setup_util_sh.py'
[32.289s] INFO:colcon.colcon_core.shell:Creating prefix chain script '/home/robot/ros2_ws/install/setup.sh'
[32.294s] INFO:colcon.colcon_core.shell:Creating prefix script '/home/robot/ros2_ws/install/local_setup.bash'
[32.296s] INFO:colcon.colcon_core.shell:Creating prefix chain script '/home/robot/ros2_ws/install/setup.bash'
[32.300s] INFO:colcon.colcon_core.shell:Creating prefix script '/home/robot/ros2_ws/install/local_setup.zsh'
[32.302s] INFO:colcon.colcon_core.shell:Creating prefix chain script '/home/robot/ros2_ws/install/setup.zsh'
