[3.677s] Invoking command in '/home/robot/ros2_ws/src/drivers': DEBUGINFOD_URLS=https://debuginfod.ubuntu.com PYTHONPATH=/home/robot/ros2_ws/build/drivers/prefix_override:/usr/lib/python3/dist-packages/colcon_core/task/python/colcon_distutils_commands:/home/robot/ros2_ws/install/drivers/lib/python3.12/site-packages:${PYTHONPATH} /usr/bin/python3 -W ignore:setup.py install is deprecated -W ignore:easy_install command is deprecated setup.py egg_info --egg-base ../../build/drivers build --build-base /home/robot/ros2_ws/build/drivers/build install --record /home/robot/ros2_ws/build/drivers/install.log --single-version-externally-managed install_data
[4.873s] running egg_info
[4.963s] writing ../../build/drivers/drivers.egg-info/PKG-INFO
[4.964s] writing dependency_links to ../../build/drivers/drivers.egg-info/dependency_links.txt
[4.968s] writing entry points to ../../build/drivers/drivers.egg-info/entry_points.txt
[4.969s] writing requirements to ../../build/drivers/drivers.egg-info/requires.txt
[4.970s] writing top-level names to ../../build/drivers/drivers.egg-info/top_level.txt
[5.154s] reading manifest file '../../build/drivers/drivers.egg-info/SOURCES.txt'
[5.158s] writing manifest file '../../build/drivers/drivers.egg-info/SOURCES.txt'
[5.158s] running build
[5.159s] running build_py
[5.159s] copying drivers/lidar_node.py -> /home/robot/ros2_ws/build/drivers/build/lib/drivers
[5.161s] running install
[5.186s] running install_lib
[5.276s] copying /home/robot/ros2_ws/build/drivers/build/lib/drivers/lidar_node.py -> /home/robot/ros2_ws/install/drivers/lib/python3.12/site-packages/drivers
[5.279s] byte-compiling /home/robot/ros2_ws/install/drivers/lib/python3.12/site-packages/drivers/lidar_node.py to lidar_node.cpython-312.pyc
[5.282s] running install_data
[5.283s] running install_egg_info
[5.379s] removing '/home/robot/ros2_ws/install/drivers/lib/python3.12/site-packages/drivers-0.0.0-py3.12.egg-info' (and everything under it)
[5.382s] Copying ../../build/drivers/drivers.egg-info to /home/robot/ros2_ws/install/drivers/lib/python3.12/site-packages/drivers-0.0.0-py3.12.egg-info
[5.389s] running install_scripts
[6.053s] Installing lidar_node script to /home/robot/ros2_ws/install/drivers/lib/drivers
[6.055s] writing list of installed files to '/home/robot/ros2_ws/build/drivers/install.log'
[6.199s] Invoked command in '/home/robot/ros2_ws/src/drivers' returned '0': DEBUGINFOD_URLS=https://debuginfod.ubuntu.com PYTHONPATH=/home/robot/ros2_ws/build/drivers/prefix_override:/usr/lib/python3/dist-packages/colcon_core/task/python/colcon_distutils_commands:/home/robot/ros2_ws/install/drivers/lib/python3.12/site-packages:${PYTHONPATH} /usr/bin/python3 -W ignore:setup.py install is deprecated -W ignore:easy_install command is deprecated setup.py egg_info --egg-base ../../build/drivers build --build-base /home/robot/ros2_ws/build/drivers/build install --record /home/robot/ros2_ws/build/drivers/install.log --single-version-externally-managed install_data
