-- The C compiler identification is GNU 13.3.0
-- The CXX compiler identification is GNU 13.3.0
-- Detecting C compiler ABI info
-- Detecting C compiler ABI info - done
-- Check for working C compiler: /usr/bin/cc - skipped
-- Detecting C compile features
-- Detecting C compile features - done
-- Detecting CXX compiler ABI info
-- Detecting CXX compiler ABI info - done
-- Check for working CXX compiler: /usr/bin/c++ - skipped
-- Detecting CXX compile features
-- Detecting CXX compile features - done
-- Found ament_cmake: 2.5.6 (/opt/ros/jazzy/share/ament_cmake/cmake)
-- Found Python3: /usr/bin/python3 (found version "3.12.3") found components: Interpreter 
-- Found rclpy: 7.1.11 (/opt/ros/jazzy/share/rclpy/cmake)
-- Found rosidl_default_generators: 1.6.0 (/opt/ros/jazzy/share/rosidl_default_generators/cmake)
-- Using all available rosidl_typesupport_c: rosidl_typesupport_fastrtps_c;rosidl_typesupport_introspection_c
-- Using all available rosidl_typesupport_cpp: rosidl_typesupport_fastrtps_cpp;rosidl_typesupport_introspection_cpp
-- Found rosidl_adapter: 4.6.7 (/opt/ros/jazzy/share/rosidl_adapter/cmake)
-- Found ament_cmake_ros: 0.12.0 (/opt/ros/jazzy/share/ament_cmake_ros/cmake)
-- Using all available rosidl_typesupport_c: rosidl_typesupport_fastrtps_c;rosidl_typesupport_introspection_c
-- Using all available rosidl_typesupport_cpp: rosidl_typesupport_fastrtps_cpp;rosidl_typesupport_introspection_cpp
-- Found python_cmake_module: 0.11.1 (/opt/ros/jazzy/share/python_cmake_module/cmake)
-- Found PythonExtra: /usr/bin/python3  
-- Found Python3: /usr/bin/python3 (found version "3.12.3") found components: Interpreter Development NumPy Development.Module Development.Embed 
-- Found Python3: /usr/bin/python3 (found version "3.12.3") found components: Interpreter 
-- Found ament_lint_auto: 0.17.5 (/opt/ros/jazzy/share/ament_lint_auto/cmake)
-- Added test 'flake8' to check Python code syntax and style conventions
-- Configured 'flake8' exclude dirs and/or files: 
-- Added test 'lint_cmake' to check CMake code style
-- Added test 'pep257' to check Python code against some of the docstring style conventions in PEP 257
-- Added test 'xmllint' to check XML markup files
-- Configuring done (15.8s)
-- Generating done (0.2s)
-- Build files have been written to: /home/robot/ros2_ws/build/controlador_servo
[  2%] [34m[1mGenerating Rust code for ROS interfaces[0m
[  5%] [34m[1mGenerating type hashes for ROS interfaces[0m
[  5%] Built target ament_cmake_python_copy_controlador_servo
[  5%] Built target controlador_servo__rosidl_generator_type_description
[  8%] [34m[1mGenerating C code for ROS interfaces[0m
[ 11%] [34m[1mGenerating C++ code for ROS interfaces[0m
[ 11%] Built target controlador_servo__rs
running egg_info
creating controlador_servo.egg-info
writing controlador_servo.egg-info/PKG-INFO
writing dependency_links to controlador_servo.egg-info/dependency_links.txt
writing top-level names to controlador_servo.egg-info/top_level.txt
writing manifest file 'controlador_servo.egg-info/SOURCES.txt'
reading manifest file 'controlador_servo.egg-info/SOURCES.txt'
writing manifest file 'controlador_servo.egg-info/SOURCES.txt'
[ 11%] Built target ament_cmake_python_build_controlador_servo_egg
[ 11%] Built target controlador_servo__cpp
[ 14%] [32mBuilding C object CMakeFiles/controlador_servo__rosidl_generator_c.dir/rosidl_generator_c/controlador_servo/srv/detail/mover_servo__description.c.o[0m
[ 17%] [32mBuilding C object CMakeFiles/controlador_servo__rosidl_generator_c.dir/rosidl_generator_c/controlador_servo/srv/detail/mover_servo__functions.c.o[0m
[ 20%] [32mBuilding C object CMakeFiles/controlador_servo__rosidl_generator_c.dir/rosidl_generator_c/controlador_servo/srv/detail/mover_servo__type_support.c.o[0m
[ 22%] [32m[1mLinking C shared library libcontrolador_servo__rosidl_generator_c.so[0m
[ 22%] Built target controlador_servo__rosidl_generator_c
[ 25%] [34m[1mGenerating C++ type support for eProsima Fast-RTPS[0m
[ 28%] [34m[1mGenerating C++ introspection for ROS interfaces[0m
[ 31%] [34m[1mGenerating C++ type support dispatch for ROS interfaces[0m
[ 34%] [34m[1mGenerating C type support for eProsima Fast-RTPS[0m
[ 37%] [32mBuilding CXX object CMakeFiles/controlador_servo__rosidl_typesupport_cpp.dir/rosidl_typesupport_cpp/controlador_servo/srv/mover_servo__type_support.cpp.o[0m
[ 40%] [32mBuilding CXX object CMakeFiles/controlador_servo__rosidl_typesupport_introspection_cpp.dir/rosidl_typesupport_introspection_cpp/controlador_servo/srv/detail/mover_servo__type_support.cpp.o[0m
[ 42%] [32mBuilding CXX object CMakeFiles/controlador_servo__rosidl_typesupport_fastrtps_cpp.dir/rosidl_typesupport_fastrtps_cpp/controlador_servo/srv/detail/dds_fastrtps/mover_servo__type_support.cpp.o[0m
[ 45%] [32mBuilding CXX object CMakeFiles/controlador_servo__rosidl_typesupport_fastrtps_c.dir/rosidl_typesupport_fastrtps_c/controlador_servo/srv/detail/mover_servo__type_support_c.cpp.o[0m
[ 48%] [32m[1mLinking CXX shared library libcontrolador_servo__rosidl_typesupport_cpp.so[0m
[ 51%] [32m[1mLinking CXX shared library libcontrolador_servo__rosidl_typesupport_introspection_cpp.so[0m
[ 51%] Built target controlador_servo__rosidl_typesupport_cpp
[ 54%] [34m[1mGenerating C introspection for ROS interfaces[0m
[ 54%] Built target controlador_servo__rosidl_typesupport_introspection_cpp
[ 57%] [34m[1mGenerating C type support dispatch for ROS interfaces[0m
[ 60%] [32m[1mLinking CXX shared library libcontrolador_servo__rosidl_typesupport_fastrtps_c.so[0m
[ 62%] [32m[1mLinking CXX shared library libcontrolador_servo__rosidl_typesupport_fastrtps_cpp.so[0m
[ 62%] Built target controlador_servo__rosidl_typesupport_fastrtps_c
[ 65%] [32mBuilding C object CMakeFiles/controlador_servo__rosidl_typesupport_introspection_c.dir/rosidl_typesupport_introspection_c/controlador_servo/srv/detail/mover_servo__type_support.c.o[0m
[ 68%] [32mBuilding CXX object CMakeFiles/controlador_servo__rosidl_typesupport_c.dir/rosidl_typesupport_c/controlador_servo/srv/mover_servo__type_support.cpp.o[0m
[ 68%] Built target controlador_servo__rosidl_typesupport_fastrtps_cpp
[ 71%] [32m[1mLinking C shared library libcontrolador_servo__rosidl_typesupport_introspection_c.so[0m
[ 71%] Built target controlador_servo__rosidl_typesupport_introspection_c
[ 74%] [32m[1mLinking CXX shared library libcontrolador_servo__rosidl_typesupport_c.so[0m
[ 74%] Built target controlador_servo__rosidl_typesupport_c
[ 74%] Built target controlador_servo
[ 77%] [34m[1mGenerating Python code for ROS interfaces[0m
[ 77%] Built target controlador_servo__py
[ 80%] [32mBuilding C object CMakeFiles/controlador_servo__rosidl_generator_py.dir/rosidl_generator_py/controlador_servo/srv/_mover_servo_s.c.o[0m
[ 82%] [32m[1mLinking C shared library libcontrolador_servo__rosidl_generator_py.so[0m
[ 82%] Built target controlador_servo__rosidl_generator_py
[ 88%] [32mBuilding C object CMakeFiles/controlador_servo_s__rosidl_typesupport_fastrtps_c.dir/rosidl_generator_py/controlador_servo/_controlador_servo_s.ep.rosidl_typesupport_fastrtps_c.c.o[0m
[ 88%] [32mBuilding C object CMakeFiles/controlador_servo_s__rosidl_typesupport_introspection_c.dir/rosidl_generator_py/controlador_servo/_controlador_servo_s.ep.rosidl_typesupport_introspection_c.c.o[0m
[ 91%] [32mBuilding C object CMakeFiles/controlador_servo_s__rosidl_typesupport_c.dir/rosidl_generator_py/controlador_servo/_controlador_servo_s.ep.rosidl_typesupport_c.c.o[0m
[ 94%] [32m[1mLinking C shared module rosidl_generator_py/controlador_servo/controlador_servo_s__rosidl_typesupport_c.so[0m
[ 97%] [32m[1mLinking C shared module rosidl_generator_py/controlador_servo/controlador_servo_s__rosidl_typesupport_introspection_c.so[0m
[100%] [32m[1mLinking C shared module rosidl_generator_py/controlador_servo/controlador_servo_s__rosidl_typesupport_fastrtps_c.so[0m
[100%] Built target controlador_servo_s__rosidl_typesupport_c
[100%] Built target controlador_servo_s__rosidl_typesupport_introspection_c
[100%] Built target controlador_servo_s__rosidl_typesupport_fastrtps_c
-- Install configuration: ""
-- Installing: /home/robot/ros2_ws/install/controlador_servo/share/ament_index/resource_index/rosidl_interfaces/controlador_servo
-- Installing: /home/robot/ros2_ws/install/controlador_servo/share/controlador_servo/srv/MoverServo.json
-- Installing: /home/robot/ros2_ws/install/controlador_servo/include/controlador_servo/controlador_servo
-- Installing: /home/robot/ros2_ws/install/controlador_servo/include/controlador_servo/controlador_servo/msg
-- Installing: /home/robot/ros2_ws/install/controlador_servo/include/controlador_servo/controlador_servo/msg/rosidl_generator_c__visibility_control.h
-- Installing: /home/robot/ros2_ws/install/controlador_servo/include/controlador_servo/controlador_servo/srv
-- Installing: /home/robot/ros2_ws/install/controlador_servo/include/controlador_servo/controlador_servo/srv/mover_servo.h
-- Installing: /home/robot/ros2_ws/install/controlador_servo/include/controlador_servo/controlador_servo/srv/detail
-- Installing: /home/robot/ros2_ws/install/controlador_servo/include/controlador_servo/controlador_servo/srv/detail/mover_servo__functions.c
-- Installing: /home/robot/ros2_ws/install/controlador_servo/include/controlador_servo/controlador_servo/srv/detail/mover_servo__type_support.h
-- Installing: /home/robot/ros2_ws/install/controlador_servo/include/controlador_servo/controlador_servo/srv/detail/mover_servo__struct.h
-- Installing: /home/robot/ros2_ws/install/controlador_servo/include/controlador_servo/controlador_servo/srv/detail/mover_servo__type_support.c
-- Installing: /home/robot/ros2_ws/install/controlador_servo/include/controlador_servo/controlador_servo/srv/detail/mover_servo__functions.h
-- Installing: /home/robot/ros2_ws/install/controlador_servo/include/controlador_servo/controlador_servo/srv/detail/mover_servo__description.c
-- Installing: /home/robot/ros2_ws/install/controlador_servo/share/controlador_servo/environment/library_path.sh
-- Installing: /home/robot/ros2_ws/install/controlador_servo/share/controlador_servo/environment/library_path.dsv
-- Installing: /home/robot/ros2_ws/install/controlador_servo/lib/libcontrolador_servo__rosidl_generator_c.so
-- Set non-toolchain portion of runtime path of "/home/robot/ros2_ws/install/controlador_servo/lib/libcontrolador_servo__rosidl_generator_c.so" to ""
-- Up-to-date: /home/robot/ros2_ws/install/controlador_servo/include/controlador_servo/controlador_servo
-- Up-to-date: /home/robot/ros2_ws/install/controlador_servo/include/controlador_servo/controlador_servo/msg
-- Installing: /home/robot/ros2_ws/install/controlador_servo/include/controlador_servo/controlador_servo/msg/rosidl_typesupport_fastrtps_c__visibility_control.h
-- Up-to-date: /home/robot/ros2_ws/install/controlador_servo/include/controlador_servo/controlador_servo/srv
-- Up-to-date: /home/robot/ros2_ws/install/controlador_servo/include/controlador_servo/controlador_servo/srv/detail
-- Installing: /home/robot/ros2_ws/install/controlador_servo/include/controlador_servo/controlador_servo/srv/detail/mover_servo__rosidl_typesupport_fastrtps_c.h
-- Installing: /home/robot/ros2_ws/install/controlador_servo/lib/libcontrolador_servo__rosidl_typesupport_fastrtps_c.so
-- Set non-toolchain portion of runtime path of "/home/robot/ros2_ws/install/controlador_servo/lib/libcontrolador_servo__rosidl_typesupport_fastrtps_c.so" to ""
-- Up-to-date: /home/robot/ros2_ws/install/controlador_servo/include/controlador_servo/controlador_servo
-- Up-to-date: /home/robot/ros2_ws/install/controlador_servo/include/controlador_servo/controlador_servo/msg
-- Installing: /home/robot/ros2_ws/install/controlador_servo/include/controlador_servo/controlador_servo/msg/rosidl_typesupport_introspection_c__visibility_control.h
-- Up-to-date: /home/robot/ros2_ws/install/controlador_servo/include/controlador_servo/controlador_servo/srv
-- Up-to-date: /home/robot/ros2_ws/install/controlador_servo/include/controlador_servo/controlador_servo/srv/detail
-- Installing: /home/robot/ros2_ws/install/controlador_servo/include/controlador_servo/controlador_servo/srv/detail/mover_servo__type_support.c
-- Installing: /home/robot/ros2_ws/install/controlador_servo/include/controlador_servo/controlador_servo/srv/detail/mover_servo__rosidl_typesupport_introspection_c.h
-- Installing: /home/robot/ros2_ws/install/controlador_servo/lib/libcontrolador_servo__rosidl_typesupport_introspection_c.so
-- Set non-toolchain portion of runtime path of "/home/robot/ros2_ws/install/controlador_servo/lib/libcontrolador_servo__rosidl_typesupport_introspection_c.so" to ""
-- Installing: /home/robot/ros2_ws/install/controlador_servo/lib/libcontrolador_servo__rosidl_typesupport_c.so
-- Set non-toolchain portion of runtime path of "/home/robot/ros2_ws/install/controlador_servo/lib/libcontrolador_servo__rosidl_typesupport_c.so" to ""
-- Up-to-date: /home/robot/ros2_ws/install/controlador_servo/include/controlador_servo/controlador_servo
-- Up-to-date: /home/robot/ros2_ws/install/controlador_servo/include/controlador_servo/controlador_servo/msg
-- Installing: /home/robot/ros2_ws/install/controlador_servo/include/controlador_servo/controlador_servo/msg/rosidl_generator_cpp__visibility_control.hpp
-- Up-to-date: /home/robot/ros2_ws/install/controlador_servo/include/controlador_servo/controlador_servo/srv
-- Installing: /home/robot/ros2_ws/install/controlador_servo/include/controlador_servo/controlador_servo/srv/mover_servo.hpp
-- Up-to-date: /home/robot/ros2_ws/install/controlador_servo/include/controlador_servo/controlador_servo/srv/detail
-- Installing: /home/robot/ros2_ws/install/controlador_servo/include/controlador_servo/controlador_servo/srv/detail/mover_servo__builder.hpp
-- Installing: /home/robot/ros2_ws/install/controlador_servo/include/controlador_servo/controlador_servo/srv/detail/mover_servo__traits.hpp
-- Installing: /home/robot/ros2_ws/install/controlador_servo/include/controlador_servo/controlador_servo/srv/detail/mover_servo__struct.hpp
-- Installing: /home/robot/ros2_ws/install/controlador_servo/include/controlador_servo/controlador_servo/srv/detail/mover_servo__type_support.hpp
-- Up-to-date: /home/robot/ros2_ws/install/controlador_servo/include/controlador_servo/controlador_servo
-- Up-to-date: /home/robot/ros2_ws/install/controlador_servo/include/controlador_servo/controlador_servo/msg
-- Installing: /home/robot/ros2_ws/install/controlador_servo/include/controlador_servo/controlador_servo/msg/rosidl_typesupport_fastrtps_cpp__visibility_control.h
-- Up-to-date: /home/robot/ros2_ws/install/controlador_servo/include/controlador_servo/controlador_servo/srv
-- Up-to-date: /home/robot/ros2_ws/install/controlador_servo/include/controlador_servo/controlador_servo/srv/detail
-- Installing: /home/robot/ros2_ws/install/controlador_servo/include/controlador_servo/controlador_servo/srv/detail/mover_servo__rosidl_typesupport_fastrtps_cpp.hpp
-- Installing: /home/robot/ros2_ws/install/controlador_servo/include/controlador_servo/controlador_servo/srv/detail/dds_fastrtps
-- Installing: /home/robot/ros2_ws/install/controlador_servo/lib/libcontrolador_servo__rosidl_typesupport_fastrtps_cpp.so
-- Set non-toolchain portion of runtime path of "/home/robot/ros2_ws/install/controlador_servo/lib/libcontrolador_servo__rosidl_typesupport_fastrtps_cpp.so" to ""
-- Up-to-date: /home/robot/ros2_ws/install/controlador_servo/include/controlador_servo/controlador_servo
-- Up-to-date: /home/robot/ros2_ws/install/controlador_servo/include/controlador_servo/controlador_servo/srv
-- Up-to-date: /home/robot/ros2_ws/install/controlador_servo/include/controlador_servo/controlador_servo/srv/detail
-- Installing: /home/robot/ros2_ws/install/controlador_servo/include/controlador_servo/controlador_servo/srv/detail/mover_servo__rosidl_typesupport_introspection_cpp.hpp
-- Installing: /home/robot/ros2_ws/install/controlador_servo/include/controlador_servo/controlador_servo/srv/detail/mover_servo__type_support.cpp
-- Installing: /home/robot/ros2_ws/install/controlador_servo/lib/libcontrolador_servo__rosidl_typesupport_introspection_cpp.so
-- Set non-toolchain portion of runtime path of "/home/robot/ros2_ws/install/controlador_servo/lib/libcontrolador_servo__rosidl_typesupport_introspection_cpp.so" to ""
-- Installing: /home/robot/ros2_ws/install/controlador_servo/lib/libcontrolador_servo__rosidl_typesupport_cpp.so
-- Set non-toolchain portion of runtime path of "/home/robot/ros2_ws/install/controlador_servo/lib/libcontrolador_servo__rosidl_typesupport_cpp.so" to ""
-- Installing: /home/robot/ros2_ws/install/controlador_servo/share/controlador_servo/environment/pythonpath.sh
-- Installing: /home/robot/ros2_ws/install/controlador_servo/share/controlador_servo/environment/pythonpath.dsv
-- Installing: /home/robot/ros2_ws/install/controlador_servo/lib/python3.12/site-packages/controlador_servo-0.0.0-py3.12.egg-info
-- Installing: /home/robot/ros2_ws/install/controlador_servo/lib/python3.12/site-packages/controlador_servo-0.0.0-py3.12.egg-info/top_level.txt
-- Installing: /home/robot/ros2_ws/install/controlador_servo/lib/python3.12/site-packages/controlador_servo-0.0.0-py3.12.egg-info/PKG-INFO
-- Installing: /home/robot/ros2_ws/install/controlador_servo/lib/python3.12/site-packages/controlador_servo-0.0.0-py3.12.egg-info/SOURCES.txt
-- Installing: /home/robot/ros2_ws/install/controlador_servo/lib/python3.12/site-packages/controlador_servo-0.0.0-py3.12.egg-info/dependency_links.txt
-- Installing: /home/robot/ros2_ws/install/controlador_servo/lib/python3.12/site-packages/controlador_servo
-- Installing: /home/robot/ros2_ws/install/controlador_servo/lib/python3.12/site-packages/controlador_servo/controlador_servo_s__rosidl_typesupport_c.so
-- Installing: /home/robot/ros2_ws/install/controlador_servo/lib/python3.12/site-packages/controlador_servo/_controlador_servo_s.ep.rosidl_typesupport_fastrtps_c.c
-- Installing: /home/robot/ros2_ws/install/controlador_servo/lib/python3.12/site-packages/controlador_servo/__init__.py
-- Installing: /home/robot/ros2_ws/install/controlador_servo/lib/python3.12/site-packages/controlador_servo/_controlador_servo_s.ep.rosidl_typesupport_c.c
-- Installing: /home/robot/ros2_ws/install/controlador_servo/lib/python3.12/site-packages/controlador_servo/srv
-- Installing: /home/robot/ros2_ws/install/controlador_servo/lib/python3.12/site-packages/controlador_servo/srv/__init__.py
-- Installing: /home/robot/ros2_ws/install/controlador_servo/lib/python3.12/site-packages/controlador_servo/srv/_mover_servo_s.c
-- Installing: /home/robot/ros2_ws/install/controlador_servo/lib/python3.12/site-packages/controlador_servo/srv/_mover_servo.py
-- Installing: /home/robot/ros2_ws/install/controlador_servo/lib/python3.12/site-packages/controlador_servo/controlador_servo_s__rosidl_typesupport_fastrtps_c.so
-- Installing: /home/robot/ros2_ws/install/controlador_servo/lib/python3.12/site-packages/controlador_servo/controlador_servo_s__rosidl_typesupport_introspection_c.so
-- Installing: /home/robot/ros2_ws/install/controlador_servo/lib/python3.12/site-packages/controlador_servo/_controlador_servo_s.ep.rosidl_typesupport_introspection_c.c
Listing '/home/robot/ros2_ws/install/controlador_servo/lib/python3.12/site-packages/controlador_servo'...
Compiling '/home/robot/ros2_ws/install/controlador_servo/lib/python3.12/site-packages/controlador_servo/__init__.py'...
Listing '/home/robot/ros2_ws/install/controlador_servo/lib/python3.12/site-packages/controlador_servo/srv'...
Compiling '/home/robot/ros2_ws/install/controlador_servo/lib/python3.12/site-packages/controlador_servo/srv/__init__.py'...
Compiling '/home/robot/ros2_ws/install/controlador_servo/lib/python3.12/site-packages/controlador_servo/srv/_mover_servo.py'...
-- Installing: /home/robot/ros2_ws/install/controlador_servo/lib/python3.12/site-packages/controlador_servo/controlador_servo_s__rosidl_typesupport_fastrtps_c.so
-- Set non-toolchain portion of runtime path of "/home/robot/ros2_ws/install/controlador_servo/lib/python3.12/site-packages/controlador_servo/controlador_servo_s__rosidl_typesupport_fastrtps_c.so" to ""
-- Installing: /home/robot/ros2_ws/install/controlador_servo/lib/python3.12/site-packages/controlador_servo/controlador_servo_s__rosidl_typesupport_introspection_c.so
-- Set non-toolchain portion of runtime path of "/home/robot/ros2_ws/install/controlador_servo/lib/python3.12/site-packages/controlador_servo/controlador_servo_s__rosidl_typesupport_introspection_c.so" to ""
-- Installing: /home/robot/ros2_ws/install/controlador_servo/lib/python3.12/site-packages/controlador_servo/controlador_servo_s__rosidl_typesupport_c.so
-- Set non-toolchain portion of runtime path of "/home/robot/ros2_ws/install/controlador_servo/lib/python3.12/site-packages/controlador_servo/controlador_servo_s__rosidl_typesupport_c.so" to ""
-- Installing: /home/robot/ros2_ws/install/controlador_servo/lib/libcontrolador_servo__rosidl_generator_py.so
-- Set non-toolchain portion of runtime path of "/home/robot/ros2_ws/install/controlador_servo/lib/libcontrolador_servo__rosidl_generator_py.so" to ""
-- Installing: /home/robot/ros2_ws/install/controlador_servo/share/ament_index/resource_index/rust_packages/controlador_servo
-- Installing: /home/robot/ros2_ws/install/controlador_servo/share/controlador_servo/rust
-- Installing: /home/robot/ros2_ws/install/controlador_servo/share/controlador_servo/rust/build.rs
-- Installing: /home/robot/ros2_ws/install/controlador_servo/share/controlador_servo/rust/src
-- Installing: /home/robot/ros2_ws/install/controlador_servo/share/controlador_servo/rust/src/lib.rs
-- Installing: /home/robot/ros2_ws/install/controlador_servo/share/controlador_servo/rust/src/srv
-- Installing: /home/robot/ros2_ws/install/controlador_servo/share/controlador_servo/rust/src/srv/rmw.rs
-- Installing: /home/robot/ros2_ws/install/controlador_servo/share/controlador_servo/rust/src/srv.rs
-- Installing: /home/robot/ros2_ws/install/controlador_servo/share/controlador_servo/rust/Cargo.toml
-- Installing: /home/robot/ros2_ws/install/controlador_servo/share/controlador_servo/srv/MoverServo.idl
-- Installing: /home/robot/ros2_ws/install/controlador_servo/share/controlador_servo/srv/MoverServo.srv
-- Installing: /home/robot/ros2_ws/install/controlador_servo/lib/controlador_servo/controlador_servo_node.py
-- Installing: /home/robot/ros2_ws/install/controlador_servo/share/ament_index/resource_index/package_run_dependencies/controlador_servo
-- Installing: /home/robot/ros2_ws/install/controlador_servo/share/ament_index/resource_index/parent_prefix_path/controlador_servo
-- Installing: /home/robot/ros2_ws/install/controlador_servo/share/controlador_servo/environment/ament_prefix_path.sh
-- Installing: /home/robot/ros2_ws/install/controlador_servo/share/controlador_servo/environment/ament_prefix_path.dsv
-- Installing: /home/robot/ros2_ws/install/controlador_servo/share/controlador_servo/environment/path.sh
-- Installing: /home/robot/ros2_ws/install/controlador_servo/share/controlador_servo/environment/path.dsv
-- Installing: /home/robot/ros2_ws/install/controlador_servo/share/controlador_servo/local_setup.bash
-- Installing: /home/robot/ros2_ws/install/controlador_servo/share/controlador_servo/local_setup.sh
-- Installing: /home/robot/ros2_ws/install/controlador_servo/share/controlador_servo/local_setup.zsh
-- Installing: /home/robot/ros2_ws/install/controlador_servo/share/controlador_servo/local_setup.dsv
-- Installing: /home/robot/ros2_ws/install/controlador_servo/share/controlador_servo/package.dsv
-- Installing: /home/robot/ros2_ws/install/controlador_servo/share/ament_index/resource_index/packages/controlador_servo
-- Installing: /home/robot/ros2_ws/install/controlador_servo/share/controlador_servo/cmake/export_controlador_servo__rosidl_generator_cExport.cmake
-- Installing: /home/robot/ros2_ws/install/controlador_servo/share/controlador_servo/cmake/export_controlador_servo__rosidl_generator_cExport-noconfig.cmake
-- Installing: /home/robot/ros2_ws/install/controlador_servo/share/controlador_servo/cmake/export_controlador_servo__rosidl_typesupport_fastrtps_cExport.cmake
-- Installing: /home/robot/ros2_ws/install/controlador_servo/share/controlador_servo/cmake/export_controlador_servo__rosidl_typesupport_fastrtps_cExport-noconfig.cmake
-- Installing: /home/robot/ros2_ws/install/controlador_servo/share/controlador_servo/cmake/controlador_servo__rosidl_typesupport_introspection_cExport.cmake
-- Installing: /home/robot/ros2_ws/install/controlador_servo/share/controlador_servo/cmake/controlador_servo__rosidl_typesupport_introspection_cExport-noconfig.cmake
-- Installing: /home/robot/ros2_ws/install/controlador_servo/share/controlador_servo/cmake/controlador_servo__rosidl_typesupport_cExport.cmake
-- Installing: /home/robot/ros2_ws/install/controlador_servo/share/controlador_servo/cmake/controlador_servo__rosidl_typesupport_cExport-noconfig.cmake
-- Installing: /home/robot/ros2_ws/install/controlador_servo/share/controlador_servo/cmake/export_controlador_servo__rosidl_generator_cppExport.cmake
-- Installing: /home/robot/ros2_ws/install/controlador_servo/share/controlador_servo/cmake/export_controlador_servo__rosidl_typesupport_fastrtps_cppExport.cmake
-- Installing: /home/robot/ros2_ws/install/controlador_servo/share/controlador_servo/cmake/export_controlador_servo__rosidl_typesupport_fastrtps_cppExport-noconfig.cmake
-- Installing: /home/robot/ros2_ws/install/controlador_servo/share/controlador_servo/cmake/controlador_servo__rosidl_typesupport_introspection_cppExport.cmake
-- Installing: /home/robot/ros2_ws/install/controlador_servo/share/controlador_servo/cmake/controlador_servo__rosidl_typesupport_introspection_cppExport-noconfig.cmake
-- Installing: /home/robot/ros2_ws/install/controlador_servo/share/controlador_servo/cmake/controlador_servo__rosidl_typesupport_cppExport.cmake
-- Installing: /home/robot/ros2_ws/install/controlador_servo/share/controlador_servo/cmake/controlador_servo__rosidl_typesupport_cppExport-noconfig.cmake
-- Installing: /home/robot/ros2_ws/install/controlador_servo/share/controlador_servo/cmake/export_controlador_servo__rosidl_generator_pyExport.cmake
-- Installing: /home/robot/ros2_ws/install/controlador_servo/share/controlador_servo/cmake/export_controlador_servo__rosidl_generator_pyExport-noconfig.cmake
-- Installing: /home/robot/ros2_ws/install/controlador_servo/share/controlador_servo/cmake/rosidl_cmake-extras.cmake
-- Installing: /home/robot/ros2_ws/install/controlador_servo/share/controlador_servo/cmake/ament_cmake_export_dependencies-extras.cmake
-- Installing: /home/robot/ros2_ws/install/controlador_servo/share/controlador_servo/cmake/ament_cmake_export_include_directories-extras.cmake
-- Installing: /home/robot/ros2_ws/install/controlador_servo/share/controlador_servo/cmake/ament_cmake_export_libraries-extras.cmake
-- Installing: /home/robot/ros2_ws/install/controlador_servo/share/controlador_servo/cmake/ament_cmake_export_targets-extras.cmake
-- Installing: /home/robot/ros2_ws/install/controlador_servo/share/controlador_servo/cmake/rosidl_cmake_export_typesupport_targets-extras.cmake
-- Installing: /home/robot/ros2_ws/install/controlador_servo/share/controlador_servo/cmake/rosidl_cmake_export_typesupport_libraries-extras.cmake
-- Installing: /home/robot/ros2_ws/install/controlador_servo/share/controlador_servo/cmake/controlador_servoConfig.cmake
-- Installing: /home/robot/ros2_ws/install/controlador_servo/share/controlador_servo/cmake/controlador_servoConfig-version.cmake
-- Installing: /home/robot/ros2_ws/install/controlador_servo/share/controlador_servo/package.xml
