[0.091s] Invoking command in '/home/robot/ros2_ws/build/controlador_servo': CMAKE_PREFIX_PATH=${CMAKE_PREFIX_PATH}:/opt/ros/jazzy DEBUGINFOD_URLS=https://debuginfod.ubuntu.com /usr/bin/cmake --build /home/robot/ros2_ws/build/controlador_servo -- -j4 -l4
[1.288s] -- Found ament_cmake: 2.5.6 (/opt/ros/jazzy/share/ament_cmake/cmake)
[1.399s] -- Found rclpy: 7.1.11 (/opt/ros/jazzy/share/rclpy/cmake)
[1.400s] -- Found rosidl_default_generators: 1.6.0 (/opt/ros/jazzy/share/rosidl_default_generators/cmake)
[1.411s] -- Using all available rosidl_typesupport_c: rosidl_typesupport_fastrtps_c;rosidl_typesupport_introspection_c
[1.691s] -- Using all available rosidl_typesupport_cpp: rosidl_typesupport_fastrtps_cpp;rosidl_typesupport_introspection_cpp
[1.900s] -- Found rosidl_adapter: 4.6.7 (/opt/ros/jazzy/share/rosidl_adapter/cmake)
[5.174s] -- Found ament_cmake_ros: 0.12.0 (/opt/ros/jazzy/share/ament_cmake_ros/cmake)
[7.465s] -- Using all available rosidl_typesupport_c: rosidl_typesupport_fastrtps_c;rosidl_typesupport_introspection_c
[10.345s] -- Using all available rosidl_typesupport_cpp: rosidl_typesupport_fastrtps_cpp;rosidl_typesupport_introspection_cpp
[10.381s] -- Found python_cmake_module: 0.11.1 (/opt/ros/jazzy/share/python_cmake_module/cmake)
[11.060s] -- Found PythonExtra: /usr/bin/python3  
[13.179s] -- Found Python3: /usr/bin/python3 (found version "3.12.3") found components: Interpreter Development NumPy Development.Module Development.Embed 
[13.492s] -- Found Python3: /usr/bin/python3 (found version "3.12.3") found components: Interpreter 
[13.497s] [31mCMake Error at /opt/ros/jazzy/share/ament_cmake_python/cmake/ament_python_install_package.cmake:122 (add_custom_target):
[13.498s]   add_custom_target cannot create target
[13.498s]   "ament_cmake_python_copy_controlador_servo" because another target with the
[13.499s]   same name already exists.  The existing target is a custom target created
[13.499s]   in source directory "/home/robot/ros2_ws/src/controlador_servo".  See
[13.500s]   documentation for policy CMP0002 for more details.
[13.500s] Call Stack (most recent call first):
[13.500s]   /opt/ros/jazzy/share/ament_cmake_python/cmake/ament_python_install_package.cmake:39 (_ament_cmake_python_install_package)
[13.501s]   CMakeLists.txt:20 (ament_python_install_package)
[13.501s] 
[13.502s] [0m
[13.502s] [31mCMake Error at /opt/ros/jazzy/share/ament_cmake_python/cmake/ament_python_install_package.cmake:144 (add_custom_target):
[13.503s]   add_custom_target cannot create target
[13.503s]   "ament_cmake_python_build_controlador_servo_egg" because another target
[13.503s]   with the same name already exists.  The existing target is a custom target
[13.504s]   created in source directory "/home/robot/ros2_ws/src/controlador_servo".
[13.504s]   See documentation for policy CMP0002 for more details.
[13.504s] Call Stack (most recent call first):
[13.505s]   /opt/ros/jazzy/share/ament_cmake_python/cmake/ament_python_install_package.cmake:39 (_ament_cmake_python_install_package)
[13.505s]   CMakeLists.txt:20 (ament_python_install_package)
[13.505s] 
[13.506s] [0m
[13.506s] -- Found ament_lint_auto: 0.17.5 (/opt/ros/jazzy/share/ament_lint_auto/cmake)
[13.571s] -- Added test 'flake8' to check Python code syntax and style conventions
[13.571s] -- Configured 'flake8' exclude dirs and/or files: 
[13.576s] -- Added test 'lint_cmake' to check CMake code style
[13.578s] -- Added test 'pep257' to check Python code against some of the docstring style conventions in PEP 257
[13.590s] -- Added test 'xmllint' to check XML markup files
[13.605s] -- Configuring incomplete, errors occurred!
[13.643s] gmake: *** [Makefile:226: cmake_check_build_system] Error 1
[13.650s] Invoked command in '/home/robot/ros2_ws/build/controlador_servo' returned '2': CMAKE_PREFIX_PATH=${CMAKE_PREFIX_PATH}:/opt/ros/jazzy DEBUGINFOD_URLS=https://debuginfod.ubuntu.com /usr/bin/cmake --build /home/robot/ros2_ws/build/controlador_servo -- -j4 -l4
